0 71548.1 71548.1
1 78140 57598.7
2 78431.8 55095.9
3 78554.2 53858.6
4 76036.5 52614.6
5 75003 51906.4
6 75036.8 51694.4
7 73446 51119.7
8 74182.2 50918.3
9 75562.8 50419.1
10 77010.6 49880.1
11 76072.2 49670.9
12 75270.3 49335.8
13 75446 49087.5
14 74652.8 48973.3
15 74342 48624.8
16 74116.3 48077.1
17 74083.5 47813.8
18 73925 47540.6
19 74237.3 47450.7
20 74048.2 47226.7
21 73536.8 47069.3
22 73749.7 47069.3
23 73466.1 47067.6
24 73058.3 46972.8
25 73292.2 46972.8
26 73955.7 46972.8
27 73593.7 46960.9
28 73035.9 46561.7
29 72746.3 46397.8
30 72354.4 46233.7
31 72472 46109.4
32 72056.7 46042.6
33 72225.1 45921.4
34 71842.1 45881.5
35 71712.3 45757.2
36 71653.8 45683.8
37 71450.1 45434
38 71363.6 45206.7
39 71124.3 45201.6
40 70968.5 44921.2
41 71159.2 44786.8
42 71210.2 44656.2
43 71087 44618.5
44 70854.9 44504.3
45 70770.1 44415.9
46 70862.9 44291.7
47 70943.1 44263.3
48 71221 44165.5
49 70930.8 43840.7
50 71137.7 43751.3
51 71112.7 43588.1
52 70832.1 43472.8
53 70830.8 43466.7
54 71111.8 43466.7
55 71141.7 43282.5
56 71021.8 43181.5
57 71091 43082.5
58 71220.9 43069.8
59 71232.6 43062.3
60 71257.6 43010
61 71107.1 43000.5
62 70977.2 42948.2
63 70897.9 42883.8
64 70966.2 42643.1
65 71026.5 42643.1
66 71081.4 42547.8
67 71182.1 42310.1
68 71157.8 42196.3
69 71003.3 41952.7
70 71116.4 41815.9
71 71087.5 41803.1
72 70943.8 41454
73 70845.2 41350.1
74 70731.8 41151.7
75 70771.3 41134.5
76 70859.3 41134.5
77 70798.6 41046.4
78 70670.9 40722.6
79 70684.6 40606.8
80 70859 40606.8
81 70855.1 40606.8
82 70944.5 40557.8
83 70773.9 40524.6
84 70755 40494.6
85 70600 40398.7
86 70459.9 40219.5
87 70354.7 40082.8
88 70389.1 39947.3
89 70346.5 39913.6
90 70201.9 39817.3
91 70517.3 39793.4
92 70658.6 39781.8
93 70550 39321
94 70521.6 39305
95 70508.2 39305
96 70580.2 39046.9
97 70628.9 39046.9
98 70936.7 39028.3
99 70717.9 38986.5
100 70651.2 38938.9
101 70574.8 38815.8
102 70437.7 38794.5
103 70469.2 38712.5
104 70401.2 38675.5
105 70349.5 38590.8
106 70403.3 38590.8
107 70378.3 38590.8
108 70413.3 38590.8
109 70351 38590.8
110 70415.1 38548
111 70325.9 38384.4
112 70244.5 38115.3
113 70242.6 38115.3
114 70219.5 38078.1
115 70273.2 38001.1
116 70106.1 37856.5
117 70221 37856.5
118 70254.6 37856.5
119 70294.2 37674.3
120 70273.8 37580.4
121 70425 37562.6
122 70518.5 37562.6
123 70572.7 37380.7
124 70630.8 37336
125 70638.7 36981.2
126 70601.5 36698.2
127 70508.8 36485
128 70524.3 36458.2
129 70411.3 36386.6
130 70348.1 36263.5
131 70327 36080.8
132 70320.1 36080.8
133 70289.6 36022.3
134 70464.1 36022.3
135 70359.9 35868.3
136 70435.4 35791.4
137 70312.4 35741.1
138 70358.4 35741.1
139 70333.4 35715
140 70229.3 35546.9
141 70217.7 35546.9
142 70216.2 35484.1
143 70174.1 35442.7
144 70124.3 35429
145 70041 35370.6
146 70029.3 35210.8
147 69980.3 35179.3
148 69904.2 35179.3
149 69864.3 35131.4
150 69859.4 34969.4
151 69751.9 34969.4
152 69768.3 34969.4
153 69774.6 34765
154 69783.1 34765
155 69887.3 34716.8
156 69935.9 34716.8
157 70007.1 34700.1
158 70023.4 34700.1
159 69971.6 34561.4
160 69876 34561.4
161 69899.8 34561.4
162 70068.5 34561.4
163 70065.6 34442.2
164 70285.9 34442.2
165 70322.8 34421.1
166 70296.2 34421.1
167 70435.2 34421.1
168 70481.8 34201.7
169 70543.5 34201.7
170 70478.7 34092.2
171 70575.4 34092.2
172 70736 34092.2
173 70732.8 34092.2
174 70828.1 34081.6
175 70782.7 34081.2
176 70777.8 34054.7
177 70790.9 34054.7
178 70754 34054.7
179 70737.1 34054.7
180 70738.7 34054.7
181 70760.9 33886.6
182 70765.2 33886.6
183 70786.5 33886.6
184 70871.1 33868.8
185 70949.7 33868.8
186 70973.3 33808.1
187 70982.7 33808.1
188 70954.5 33692.2
189 70921.1 33624.8
190 70892.3 33624.8
191 70847.2 33554.1
192 70972.1 33554.1
193 71010.9 33526.3
194 70949.1 33526.3
195 70934.4 33471.4
196 70901.5 33468.8
197 70807 33468.8
198 70757.7 33468.8
199 70787.8 33468.8
200 70816.9 33468.8
201 70780.8 33468.8
202 70808.3 33353
203 70810.4 33353
204 70801.6 33352.1
205 70866.8 33352.1
206 70890.1 33352.1
207 70838.7 33347.4
208 70902.9 33347.4
209 71000.8 33347.4
210 70924.9 33335.8
211 70966.6 33335.8
212 70928.9 33309.2
213 70891.8 33309.2
214 71077.2 33309.2
215 71091.6 33309.2
216 71112.9 33309.2
217 71080.8 33309.2
218 71055.4 33297.3
219 71025 33272.6
220 71027.1 33211
221 70977.6 33157
222 70920.4 33131.4
223 70909 33131.4
224 70895.4 33131.4
225 70928 33131.4
226 70891.8 33095.9
227 70992.8 33095.9
228 71086.6 33095.9
229 71140.7 33095.9
230 71285.3 33095.9
231 71322.8 33056.1
232 71293.3 33056.1
233 71246 33056.1
234 71255.6 33056.1
235 71285.8 33056.1
236 71291.5 33056.1
237 71408.7 33056.1
238 71365.6 33020.6
239 71427.7 33020.6
240 71407.6 33020.6
241 71509.2 33020.6
242 71509.7 32955
243 71601.2 32955
244 71556 32955
245 71600.5 32955
246 71598.9 32909.9
247 71555.3 32880.9
248 71511.8 32867
249 71488.6 32867
250 71446.5 32867
251 71452.5 32780.1
252 71430.1 32710.6
253 71446.6 32710.6
254 71521.1 32710.6
255 71489.7 32710.6
256 71531.8 32710.6
257 71517.6 32710.6
258 71604.5 32710.6
259 71677.5 32710.6
260 71691.6 32649.2
261 71752.8 32649.2
262 71741.1 32649.2
263 71732.2 32624.3
264 71788.1 32624.3
265 71801.5 32624.3
266 71773.2 32624.3
267 71757.8 32542.9
268 71720.7 32542.9
269 71738.6 32542.9
270 71711.2 32542.9
271 71717.9 32542.9
272 71824 32542.9
273 71814.7 32542.9
274 71901.1 32542.9
275 71854.2 32542.9
276 71812.9 32542.9
277 71805.2 32542.9
278 71848 32542.9
279 71794 32542.9
280 71797.6 32221.7
281 71848.7 32221.7
282 71974 32221.7
283 72075.5 32221.7
284 72069.7 32221.7
285 72069.5 32221.7
286 72047.6 32221.7
287 72066.7 32221.7
288 72094.7 32148.5
289 72133.5 32148.5
290 72162.9 32134.2
291 72184.1 32134.2
292 72188.2 32134.2
293 72139.4 32134.2
294 72117.7 32134.2
295 72157 32134.2
296 72179.1 32134.2
297 72126.1 32134.2
298 72194.8 32134.2
299 72195.5 32134.2
300 72253.3 32134.2
301 72263 32133.4
302 72273.6 32133.4
303 72364.2 32133.4
304 72350.5 32133.4
305 72397.9 32133.4
306 72372.6 32061.7
307 72314.5 32061.7
308 72291.2 31985.9
309 72321.2 31985.8
310 72282.3 31899.4
311 72310.9 31899.4
312 72336 31899.4
313 72328.4 31899.4
314 72268.2 31899.4
315 72242.7 31772.3
316 72207.7 31772.3
317 72195.2 31772.3
318 72152.4 31762.4
319 72126.2 31762.4
320 72119.5 31762.4
321 72131.7 31762.4
322 72150 31762.4
323 72209.8 31745
324 72193.7 31745
325 72164.9 31745
326 72241.5 31744.2
327 72334.8 31744.2
328 72349.8 31744.2
329 72307.1 31711.2
330 72327.7 31711.2
331 72317.8 31711.2
332 72291.4 31711.2
333 72300.8 31683.6
334 72387.8 31683.6
335 72368.1 31683.6
336 72384.6 31683.6
337 72358.9 31683.6
338 72392 31683.6
339 72450.8 31683.6
340 72445.8 31683.6
341 72412.3 31683.6
342 72381.4 31683.6
343 72364 31683.6
344 72352 31683.6
345 72329.4 31683.6
346 72364.9 31683.6
347 72353.8 31683.6
348 72329 31665.1
349 72393.7 31665.1
350 72335.1 31665.1
351 72321.8 31665.1
352 72319.7 31665.1
353 72296.2 31665.1
354 72296.1 31665.1
355 72305.8 31665.1
356 72275.9 31665.1
357 72248 31665.1
358 72260 31665.1
359 72258.7 31665.1
360 72252.5 31665.1
361 72258.2 31665.1
362 72260.1 31665.1
363 72241.1 31665.1
364 72229.4 31665.1
365 72232.2 31665.1
366 72264.2 31665.1
367 72227.9 31665.1
368 72202.6 31665.1
369 72177.8 31665.1
370 72192.6 31665.1
371 72229.3 31665.1
372 72232.1 31665.1
373 72244.9 31665.1
374 72273.4 31665.1
375 72310.2 31665.1
376 72312.7 31665.1
377 72358.2 31665.1
378 72388.7 31665.1
379 72377.5 31665.1
380 72358.7 31665.1
381 72393.4 31665.1
382 72363.5 31665.1
383 72397.7 31665.1
384 72429.5 31665.1
385 72407 31665.1
386 72425.2 31665.1
387 72431.4 31665.1
388 72426.9 31665.1
389 72401.6 31665.1
390 72476.1 31665.1
391 72443.4 31665.1
392 72437 31665.1
393 72443 31665.1
394 72443.3 31665.1
395 72484.8 31665.1
396 72532.6 31665.1
397 72540.6 31665.1
398 72547.6 31665.1
399 72551 31665.1
400 72556.8 31665.1
401 72553.3 31665.1
402 72570.2 31665.1
403 72552.2 31665.1
404 72523.6 31665.1
405 72511.1 31665.1
406 72497.9 31665.1
407 72478.6 31665.1
408 72478.8 31665.1
409 72456.1 31665.1
410 72473 31665.1
411 72487.5 31665.1
412 72484.8 31665.1
413 72482.4 31665.1
414 72530.9 31660
415 72540.5 31660
416 72535.7 31660
417 72571.7 31660
418 72640.5 31660
419 72608.4 31660
420 72607.7 31660
421 72626.1 31660
422 72608.6 31660
423 72581.5 31632.1
424 72646.2 31632.1
425 72648.8 31632.1
426 72664.9 31632.1
427 72668.9 31632.1
428 72693.1 31632.1
429 72694.9 31632.1
430 72649.5 31632.1
431 72634.1 31632.1
432 72655.5 31632.1
433 72622.2 31520
434 72621.3 31520
435 72621.4 31520
436 72667.5 31520
437 72743.8 31520
438 72789.9 31520
439 72843.7 31520
440 72865.3 31520
441 72869.5 31520
442 72875.3 31520
443 72901.5 31466.3
444 72940.2 31466.3
445 72988.1 31466.3
446 73018.9 31466.3
447 72988.2 31466.3
448 73028.6 31466.3
449 73040.2 31466.3
