./exec ../data/SJC2.dat 100 0.8
0 144418 144418
1 143466 134237
2 144275 131292
3 142597 130045
4 141745 129183
5 140589 127896
6 142180 127037
7 142468 126595
8 142003 125879
9 141980 125648
10 141754 125222
11 141989 125062
12 142023 124828
13 142163 124236
14 141861 123890
15 142009 123498
16 142013 122857
17 141759 122857
18 141944 122272
19 141773 121923
20 141634 121385
21 141801 121273
22 141601 121125
23 141417 121125
24 141083 120769
25 140970 120769
26 140897 120769
27 140833 120747
28 140613 120688
29 140523 120521
30 140315 120176
31 140296 120121
32 140109 119991
33 140157 119904
34 140075 119621
35 139999 119621
36 139836 119480
37 139744 119401
38 139669 119277
39 139790 118913
40 139743 118583
41 139677 118583
42 139631 118450
43 139653 118409
44 139504 118156
45 139575 118156
46 139500 118121
47 139472 118106
48 139413 117726
49 139327 117617
50 139324 117433
51 139209 117433
52 139244 117246
53 139151 117246
54 139033 117209
55 138953 117189
56 138867 116960
57 138842 116906
58 138789 116867
59 138724 116658
60 138617 116565
61 138733 116504
62 138720 116480
63 138664 116480
64 138655 116276
65 138604 116264
66 138505 116106
67 138808 116005
68 138772 116005
69 138705 115946
70 138619 115946
71 138603 115946
72 138512 115651
73 138490 115651
74 138386 114995
75 138424 114995
76 138330 114995
77 138357 114995
78 138434 114995
79 138324 114483
80 138289 114450
81 138218 114437
82 138113 114375
83 138125 113969
84 138255 113959
85 138224 113782
86 138125 113701
87 138066 113672
88 138012 113672
89 137906 113577
90 137838 113577
91 137728 113459
92 137701 113249
93 137684 113180
94 137600 112648
95 137496 112550
96 137471 112550
97 137434 112550
98 137391 112363
99 137296 112159
100 137221 112159
101 137111 112025
102 137067 112025
103 136979 112025
104 136914 112025
105 136810 111518
106 136847 111518
107 136757 111444
108 136693 111358
109 136611 111277
110 136527 111277
111 136508 111241
112 136443 111213
113 136440 111213
114 136379 110957
115 136290 110957
116 136210 110957
117 136161 110740
118 136077 110698
119 136018 110698
120 135917 110697
121 135895 110367
122 135844 110325
123 135757 110199
124 135816 110199
125 135792 109958
126 135720 109958
127 135653 109958
128 135600 109958
129 135569 109958
130 135541 109958
131 135517 109636
132 135511 109495
133 135420 109495
134 135396 109208
135 135340 109207
136 135311 109207
137 135249 109028
138 135167 108999
139 135092 108982
140 135048 108649
141 135000 108549
142 134972 108472
143 134909 108462
144 134841 107987
145 134734 107755
146 134728 107546
147 134675 107546
148 134600 107427
149 134518 107290
150 134479 106922
151 134408 106835
152 134329 106585
153 134296 106560
154 134253 106560
155 134163 106349
156 134106 106349
157 134058 106253
158 133962 106253
159 133906 106253
160 133820 106158
161 133749 106063
162 133690 105818
163 133623 105818
164 133569 105383
165 133511 105383
166 133454 105383
167 133380 105290
168 133309 105189
169 133241 105189
170 133155 104956
171 133089 104945
172 132995 104874
173 132950 104690
174 132896 104565
175 132837 104243
176 132837 104243
177 132797 104197
178 132722 104000
179 132712 104000
180 132736 104000
181 132761 104000
182 132683 103512
183 132630 103362
184 132555 103362
185 132473 103303
186 132419 103303
187 132364 103058
188 132288 103058
189 132261 103058
190 132199 103058
191 132164 102529
192 132110 102529
193 132128 102329
194 132092 102279
195 132030 102273
196 131964 102166
197 131902 102028
198 131895 101911
199 131825 101835
200 131758 101660
201 131697 101449
202 131623 101169
203 131578 101169
204 131538 101114
205 131483 101114
206 131431 101114
207 131366 101085
208 131280 100846
209 131245 100631
210 131200 100389
211 131110 100250
212 131041 100250
213 130978 100250
214 130958 100250
215 130897 100177
216 130895 100139
217 130819 100049
218 130797 99879.8
219 130743 99879.8
220 130669 99865.9
221 130617 99512
222 130566 99410.1
223 130509 99337.4
224 130437 99258.9
225 130360 98705.9
226 130326 98572.3
227 130270 98572.3
228 130250 98572.3
229 130207 98572.3
230 130140 97978
231 130094 97913.1
232 130059 97648.8
233 130015 97481.6
234 129945 97481.6
235 129868 97043.9
236 129823 96815
237 129742 96785
238 129726 96733.7
239 129670 96724.4
240 129588 96555.4
241 129514 95928.6
242 129471 95660.3
243 129437 95660.3
244 129378 95553.6
245 129326 95465.7
246 129290 95308.3
247 129254 95161.7
248 129228 95124.4
249 129164 95057.6
250 129104 95035.9
251 129042 94741.9
252 128978 94741.9
253 128923 94487.3
254 128859 94456.7
255 128822 94456.7
256 128751 94456.7
257 128676 94037.3
258 128607 93901.8
259 128550 93587.3
260 128483 93176.3
261 128438 92884.7
262 128379 92804.3
263 128311 92804.3
264 128221 92480
265 128174 92480
266 128097 92168.7
267 128024 92152
268 127963 91810.4
269 127930 91810.4
270 127873 91810.4
271 127806 91540.6
272 127802 91402.1
273 127757 91402.1
274 127726 91402.1
275 127674 91402.1
276 127662 91063.9
277 127609 90920
278 127529 90920
279 127470 90322.8
280 127452 90294.8
281 127453 90233.8
282 127385 90178.2
283 127333 90178.2
284 127260 90020
285 127177 90020
286 127112 89823
287 127077 89823
288 127013 89746.7
289 126957 89225.7
290 126887 88903.2
291 126808 88896
292 126731 88743.2
293 126663 88455.3
294 126629 88395.9
295 126572 88395.9
296 126492 88273.7
297 126425 88079.4
298 126372 87994.4
299 126333 87929.6
300 126259 87894.2
301 126238 87613.3
302 126170 87182.5
303 126118 87096.2
304 126107 87083.1
305 126038 86775.3
306 125959 86775.3
307 125908 86303.9
308 125821 86035.2
309 125759 85549.2
310 125699 85549.2
311 125625 85444.1
312 125551 85377.1
313 125469 85377.1
314 125389 85170.6
315 125340 84802.5
316 125265 84802.5
317 125190 84454
318 125132 84358.1
319 125065 84159.2
320 125025 84159.2
321 124964 84153.7
322 124929 84153.7
323 124891 84153.7
324 124813 83991.8
325 124739 83892
326 124659 83862.1
327 124591 83862.1
328 124534 83771.2
329 124490 83569.4
330 124462 83556.8
331 124398 83556.8
332 124341 83476.9
333 124282 83219
334 124239 83219
335 124173 83182.8
336 124101 82337.2
337 124031 82305.5
338 123964 82139.9
339 123896 81738
340 123833 81446.8
341 123806 81446.8
342 123748 81378.3
343 123689 81167.1
344 123651 81014.4
345 123590 80962
346 123537 80907.8
347 123493 80625.4
348 123459 80469.8
349 123417 80408.8
350 123348 80408.8
351 123292 80389.1
352 123239 80389.1
353 123169 80289.9
354 123094 80157.2
355 123063 80135.8
356 123037 80121.3
357 122955 80097.9
358 122917 80006.6
359 122876 80006.6
360 122830 79555.3
361 122780 79555.3
362 122723 79442.6
363 122649 79299
364 122618 79026.4
365 122544 78872.9
366 122494 78629.3
367 122449 78614.9
368 122383 78493.5
369 122308 78418
370 122277 78418
371 122231 78348.3
372 122159 78162
373 122133 78127.3
374 122117 77955.1
375 122061 77955.1
376 122022 77895.8
377 121973 77685.1
378 121948 77685.1
379 121891 77683.8
380 121862 77683.8
381 121845 77683.8
382 121800 77510.3
383 121731 77510.3
384 121660 77307.9
385 121605 77174.8
386 121589 77174.8
387 121572 76921.6
388 121532 76784
389 121473 76554.2
390 121427 76554.2
391 121374 76554.2
392 121312 76468.7
393 121282 76468.7
394 121255 76324.6
395 121191 75974.3
396 121133 75755.8
397 121096 75755.8
398 121048 75720.2
399 121000 75547.6
400 120942 75522.5
401 120897 75256.9
402 120837 75198.2
403 120784 75120.5
404 120733 74900.1
405 120663 74770.3
406 120607 74770.3
407 120604 74770.3
408 120558 74770.3
409 120516 74752.1
410 120462 74355.2
411 120418 74343.7
412 120377 74343.7
413 120343 74268.7
414 120283 74129.5
415 120280 74045
416 120246 74045
417 120249 73798
418 120187 73798
419 120161 73798
420 120097 73798
421 120054 73798
422 120009 73444.4
423 119943 73444.4
424 119935 73444.4
425 119894 73444.4
426 119853 73356
427 119815 73356
428 119799 73315.6
429 119775 72565.3
430 119730 72367
431 119684 72367
432 119695 72367
433 119628 72207.1
434 119575 72207.1
435 119535 72097.6
436 119490 72097.6
437 119441 72097.6
438 119385 72097.6
439 119329 72097.6
440 119304 72039.4
441 119251 72039.4
442 119219 72039.4
443 119216 71949.3
444 119207 71786.8
445 119189 71786.8
446 119169 71786.8
447 119128 71786.8
448 119083 71715.1
449 119024 71715.1
450 118996 71715.1
451 118948 71715.1
452 118902 71715.1
453 118850 71619.6
454 118830 71499.5
455 118792 71499.5
456 118747 71420.3
457 118698 71420.3
458 118671 71420.3
459 118634 71006.4
460 118584 70773.4
461 118528 70773.4
462 118486 70767.7
463 118449 70397.7
464 118411 70397.7
465 118405 70397.7
466 118373 70397.7
467 118337 70261.6
468 118284 70261.6
469 118236 70170.4
470 118168 69466.3
471 118118 68793.8
472 118058 68579.4
473 118003 68579.4
474 117958 68579.4
475 117912 68579.4
476 117873 68579.4
477 117857 68579.4
478 117813 68561.3
479 117753 68561.3
480 117714 68396.4
481 117657 68396.4
482 117626 68396.4
483 117586 68310.2
484 117592 68310.2
485 117557 68310.2
486 117519 68310.2
487 117470 68158.5
488 117425 68100.9
489 117381 68100.9
490 117351 68100.9
491 117295 67745.9
492 117267 67745.9
493 117222 67745.9
494 117176 67577.6
495 117142 67577.6
496 117118 67577.6
497 117090 67577.6
498 117072 67577.6
499 117056 67577.6
500 117006 67050.1
501 116978 66752.2
502 116945 66752.2
503 116906 66730.7
504 116882 66730.7
505 116834 66515.1
506 116805 66515.1
507 116766 66514.5
508 116734 66514.5
509 116699 66514.5
510 116698 66206.1
511 116676 66206.1
512 116631 66123.5
513 116571 66123.5
514 116527 66123.5
515 116514 66123.5
516 116487 66106.3
517 116469 66106.3
518 116457 66106.3
519 116430 66106.3
520 116386 66106.3
521 116335 66106.3
522 116295 66059.1
523 116240 65942.4
524 116196 65942.4
525 116138 65667.7
526 116090 65353.2
527 116036 65188.6
528 115997 65188.6
529 115952 65188.6
530 115898 65095.3
531 115882 64761.9
532 115846 64761.9
533 115805 64761.9
534 115757 64761.9
535 115714 64761.9
536 115690 64761.9
537 115655 64761.9
538 115613 64714.8
539 115591 64698.8
540 115537 64592.7
541 115525 64592.7
542 115523 64592.7
543 115505 64488.8
544 115474 64488.8
545 115447 64462.9
546 115435 64455.4
547 115400 64455.4
548 115351 64335
549 115305 64335
550 115267 64335
551 115248 64335
552 115204 64305.9
553 115175 64305.9
554 115170 64305.9
555 115163 64305.9
556 115121 64056
557 115088 64035.1
558 115054 64035.1
559 115030 64035.1
560 114978 63814.2
561 114942 63812.9
562 114901 63812.9
563 114900 63812.9
564 114887 63812.9
565 114860 63812.9
566 114829 63812.9
567 114813 63812.9
568 114800 63812.9
569 114777 63812.9
570 114754 63812.9
571 114730 63812.9
572 114689 63812.9
573 114655 63812.9
574 114656 63812.9
575 114649 63812.9
576 114622 63812.9
577 114636 63812.9
578 114590 63812.9
579 114541 63812.9
580 114522 63812.9
581 114495 63812.9
582 114494 63635.2
583 114497 63635.2
584 114477 63635.2
585 114469 63635.2
586 114438 63635.2
587 114382 63423.7
588 114355 63423.7
589 114371 63334.5
590 114354 63334.5
591 114363 63334.5
592 114334 63334.5
593 114308 63138.1
594 114275 63133.1
595 114235 62947.9
596 114189 62947.9
597 114170 62774.2
598 114135 62737.8
599 114109 62706.1
600 114081 62706.1
601 114078 62706.1
602 114042 62582.5
603 113990 62582.5
604 113966 62582.5
605 113934 62582.5
606 113908 62582.5
607 113881 62582.5
608 113843 62582.5
609 113819 62468.8
610 113783 62468.8
611 113757 62468.8
612 113739 62468.8
613 113766 62468.8
614 113752 62198
615 113718 62198
616 113700 62198
617 113671 62198
618 113642 62198
619 113629 62198
620 113596 62198
621 113567 62198
622 113548 62189.2
623 113550 62189.2
624 113543 62087.6
625 113552 62087.6
626 113541 62087.6
627 113543 62087.6
628 113520 62087.6
629 113481 62087.6
630 113456 62087.6
631 113444 62087.6
632 113435 62080.1
633 113402 62080.1
634 113370 62080.1
635 113347 62045.7
636 113296 62045.7
637 113276 62045.7
638 113248 62045.7
639 113232 61879.1
640 113190 61879.1
641 113162 61879.1
642 113134 61879.1
643 113104 61879.1
644 113086 61879.1
645 113083 61879.1
646 113066 61859.6
647 113027 61832.3
648 113026 61832.3
649 112990 61742.1
650 112964 61742.1
651 112951 61742.1
652 112910 61742.1
653 112883 61724.8
654 112837 61724.8
655 112806 61724.8
656 112767 61724.8
657 112755 61724.8
658 112736 61724.8
659 112703 61574.5
660 112680 61574.5
661 112660 61574.5
662 112646 61574.5
663 112629 61574.5
664 112605 61574.5
665 112609 61491.8
666 112575 61225.8
667 112597 61225.8
668 112607 61225.8
669 112574 61225.8
670 112550 61225.8
671 112555 61225.8
672 112556 61225.8
673 112520 61113.5
674 112481 61113.5
675 112463 61113.5
676 112434 61038.6
677 112433 60915.6
678 112408 60915.6
679 112405 60915.6
680 112378 60915.6
681 112345 60915.6
682 112326 60915.6
683 112314 60915.6
684 112293 60842.1
685 112278 60842.1
686 112265 60827.1
687 112238 60827.1
688 112201 60776.7
689 112174 60776.7
690 112157 60776.7
691 112160 60776.7
692 112128 60776.7
693 112127 60776.7
694 112125 60724.7
695 112143 60724.7
696 112115 60702.2
697 112101 60702.2
698 112067 60702.2
699 112066 60702.2
700 112042 60702.2
701 112030 60628.6
702 111998 60628.6
703 111991 60607.6
704 111973 60607.3
705 111953 60580.2
706 111920 60580.2
707 111901 60510.8
708 111877 60510.8
709 111854 60510.8
710 111852 60510.8
711 111841 60510.8
712 111817 60381.2
713 111792 60381.2
714 111781 60381.2
715 111780 60349.8
716 111760 60293.2
717 111720 60293.2
718 111743 60070.6
719 111720 60070.6
720 111693 60070.6
721 111685 60026.6
722 111669 60026.6
723 111636 60026.6
724 111599 60026.6
725 111593 60026.6
726 111601 60026.6
727 111593 60026.6
728 111559 60016.8
729 111557 59972.8
730 111520 59966.6
731 111495 59929.4
732 111504 59929.4
733 111480 59834.5
734 111478 59834.5
735 111446 59834.5
736 111455 59751.2
737 111448 59751.2
738 111437 59751.2
739 111411 59751.2
740 111392 59751.2
741 111394 59751.2
742 111361 59751.2
743 111330 59751.2
744 111309 59751.2
745 111287 59751.2
746 111269 59688.5
747 111259 59688.5
748 111267 59688.5
749 111242 59688.5
750 111207 59688.5
751 111174 59366.2
752 111151 59222.1
753 111126 59222.1
754 111108 59222.1
755 111089 59222.1
756 111073 59212.8
757 111040 59212.8
758 111018 59212.8
759 111027 59212.8
760 111021 59212.8
761 111000 59212.8
762 110979 59212.8
763 110970 59212.8
764 110975 59083.6
765 110939 59081
766 110916 59081
767 110903 59081
768 110877 59081
769 110856 59081
770 110863 59081
771 110842 59081
772 110822 59081
773 110798 59081
774 110777 59081
775 110765 59047.9
776 110746 59047.9
777 110726 59047.9
778 110718 59047.9
779 110706 59047.9
780 110693 59047.9
781 110677 59047.9
782 110659 59047.9
783 110633 59047.9
784 110621 58969
785 110604 58863
786 110584 58863
787 110578 58863
788 110545 58860.6
789 110548 58860.6
790 110536 58860.6
791 110536 58860.6
792 110520 58744.4
793 110506 58744.4
794 110481 58742.3
795 110475 58742.3
796 110460 58742.3
797 110449 58742.3
798 110437 58742.3
799 110426 58742.3
800 110414 58742.3
801 110406 58742.3
802 110407 58687.5
803 110397 58687.5
804 110372 58687.5
805 110359 58687.5
806 110351 58687.5
807 110334 58687.5
808 110305 58687.5
809 110292 58687.5
810 110282 58687.5
811 110287 58687.5
812 110273 58687.5
813 110274 58687.5
814 110279 58658.8
815 110264 58658.8
816 110247 58583.9
817 110242 58583.9
818 110221 58583.9
819 110212 58583.9
820 110204 58583.9
821 110178 58583.9
822 110164 58583.9
823 110142 58583.9
824 110141 58583.9
825 110127 58583.9
826 110102 58583.9
827 110093 58545.8
828 110071 58545.8
829 110047 58545.8
830 110021 58545.8
831 110009 58545.8
832 110007 58545.8
833 110012 58545.8
834 109991 58545.8
835 109976 58524.4
836 109949 58524.4
837 109937 58448.2
838 109923 58448.2
839 109914 58448.2
840 109908 58448.2
841 109896 58448.2
842 109887 58448.2
843 109892 58448.2
844 109870 58448.2
845 109872 58448.2
846 109863 58448.2
847 109844 58443.5
848 109845 58443.5
849 109833 58443.5
850 109809 58443.5
851 109813 58443.5
852 109800 58384.2
853 109778 58384.2
854 109760 58384.2
855 109743 58384.2
856 109754 58384.2
857 109744 58384.2
858 109739 58336.3
859 109713 58336.3
860 109687 58336.3
861 109681 58336.3
862 109669 58309.3
863 109678 58309.3
864 109678 58273.5
865 109651 58273.5
866 109626 58232
867 109627 58020.9
868 109603 58020.9
869 109594 58020.9
870 109573 58020.9
871 109559 58020.9
872 109546 58020.9
873 109533 58020.9
874 109524 58020.9
875 109505 58020.9
876 109493 58020.9
877 109486 58020.9
878 109479 58020.9
879 109462 58020.9
880 109446 57706.6
881 109439 57706.6
882 109427 57706.6
883 109406 57706.6
884 109390 57706.6
885 109380 57706.6
886 109381 57706.6
887 109357 57706.6
888 109357 57706.6
889 109350 57673.4
890 109341 57673.4
891 109330 57673.4
892 109317 57673.4
893 109291 57614.5
894 109293 57614.5
895 109276 57614.5
896 109257 57614.5
897 109252 57614.5
898 109235 57614.5
899 109235 57614.5
900 109211 57614.5
901 109209 57614.5
902 109194 57614.5
903 109187 57614.5
904 109178 57614.5
905 109177 57614.5
906 109180 57614.5
907 109193 57614.5
908 109189 57614.5
909 109179 57614.5
910 109182 57614.5
911 109176 57614.5
912 109164 57614.5
913 109161 57614.5
914 109150 57512.1
915 109145 57512.1
916 109134 57512.1
917 109115 57512.1
918 109121 57512.1
919 109127 57512.1
920 109122 57512.1
921 109110 57512.1
922 109100 57512.1
923 109071 57512.1
924 109062 57512.1
