0 236073 236073
1 234626 224716
2 234912 222783
3 235030 220622
4 235014 218845
5 234859 217560
6 234899 217154
7 235039 216596
8 235576 216521
9 236053 216521
10 236658 216222
11 236766 215820
12 237102 215465
13 236995 215083
14 237013 214993
15 236765 214458
16 237174 214458
17 236798 213855
18 237048 213681
19 236960 213646
20 237002 212734
21 236899 212147
22 236911 211597
23 236786 210699
24 236628 210699
25 236665 210699
26 236498 210501
27 236324 210499
28 236320 210092
29 236218 210092
30 236577 210092
31 236547 209957
32 236660 209957
33 236563 209873
34 236814 209656
35 236838 209656
36 236942 209656
37 237127 209656
38 237032 209010
39 237106 208870
40 237087 208556
41 236852 208076
42 236930 207887
43 236995 207887
44 236895 207808
45 236684 207761
46 236541 207067
47 236522 207065
48 236483 207065
49 236417 207028
50 236307 206766
51 236206 206749
52 236183 206603
53 236112 206035
54 236033 206035
55 235914 206035
56 235820 206035
57 235678 205849
58 235558 205278
59 235426 205243
60 235385 205243
61 235297 205243
62 235428 205243
63 235440 205243
64 235328 205243
65 235240 205074
66 235124 204774
67 235249 204774
68 235205 204774
69 235154 204764
70 235064 204764
71 235012 204764
72 234976 204632
73 234971 204502
74 234905 204421
75 234866 204297
76 234756 204002
77 234853 203968
78 234873 203968
79 234854 203968
80 234791 203968
81 234729 203707
82 234688 203707
83 234684 203678
84 234631 203658
85 234659 203658
86 234574 203658
87 234669 203658
88 234570 203542
89 234530 203542
90 234472 203238
91 234384 203238
92 234339 203114
93 234382 203114
94 234352 202827
95 234296 202556
96 234295 202483
97 234416 202483
98 234386 202256
99 234331 202256
100 234416 202236
101 234318 202219
102 234229 201980
103 234309 201980
104 234200 201875
105 234282 201875
106 234178 201875
107 234207 201875
108 234113 201828
109 234041 201220
110 234004 201220
111 233929 201220
112 233898 200640
113 233807 200557
114 233780 200557
115 233717 200529
116 233664 200529
117 233627 200363
118 233668 200351
119 233574 200027
120 233559 200027
121 233448 200027
122 233421 200027
123 233412 200008
124 233330 199371
125 233265 199335
126 233216 199335
127 233222 199335
128 233209 199176
129 233154 199176
130 233113 199151
131 233008 198978
132 232957 198978
133 232918 198978
134 232848 198978
135 232758 198469
136 232711 198390
137 232728 198390
138 232693 198224
139 232629 198008
140 232546 198008
141 232512 198008
142 232418 198008
143 232395 198008
144 232370 197840
145 232273 197435
146 232185 197196
147 232124 197014
148 232169 197014
149 232093 197014
150 232024 196952
151 231953 196865
152 231875 196417
153 231780 195904
154 231684 195904
155 231642 195904
156 231569 195852
157 231516 195678
158 231476 194906
159 231479 194859
160 231412 194859
161 231390 194859
162 231322 194859
163 231220 194821
164 231207 194589
165 231176 194589
166 231102 194589
167 231014 194589
168 230940 194589
169 230881 194444
170 230804 194444
171 230713 194356
172 230653 194209
173 230601 194031
174 230498 193736
175 230459 193736
176 230437 193736
177 230339 193652
178 230292 193508
179 230239 193508
180 230161 193295
181 230096 193295
182 230011 193295
183 229929 193126
184 229917 193126
185 229821 192798
186 229778 192798
187 229701 192724
188 229624 192445
189 229553 192427
190 229489 192333
191 229410 192048
192 229327 191729
193 229317 191729
194 229255 191550
195 229230 191550
196 229133 191374
197 229070 191368
198 228979 191368
199 228922 190755
200 228863 190322
201 228798 190322
202 228729 189838
203 228680 189730
204 228670 189700
205 228605 189700
206 228549 189700
207 228480 189700
208 228431 189553
209 228372 189450
210 228286 189342
211 228233 189298
212 228157 188894
213 228075 188817
214 228006 188765
215 228015 188501
216 227986 188103
217 227906 188074
218 227843 187525
219 227746 187441
220 227662 187168
221 227596 186953
222 227578 186875
223 227491 186875
224 227472 186688
225 227374 186640
226 227313 186199
227 227279 186199
228 227213 185921
229 227135 185909
230 227049 185824
231 226968 185793
232 226936 185756
233 226893 185517
234 226807 185033
235 226727 185033
236 226649 185033
237 226625 184463
238 226545 184222
239 226456 184172
240 226453 183972
241 226379 183972
242 226287 183951
243 226231 183837
244 226154 183062
245 226100 182633
246 226099 182478
247 226050 182156
248 225989 182156
249 225920 182156
250 225865 182059
251 225802 182059
252 225735 182059
253 225640 181548
254 225587 180829
255 225526 180762
256 225454 180761
257 225397 180761
258 225323 180761
259 225270 180360
260 225199 180360
261 225137 180210
262 225072 180210
263 225046 180210
264 224970 180151
265 224893 180151
266 224824 180021
267 224738 179807
268 224672 179629
269 224589 179545
270 224508 179509
271 224426 179304
272 224327 179286
273 224266 179286
274 224215 179209
275 224156 179209
276 224093 179209
277 224020 179134
278 223942 178617
279 223855 178577
280 223784 178032
281 223705 177738
282 223619 177370
283 223569 177370
284 223518 177370
285 223447 177053
286 223354 176678
287 223273 176678
288 223183 176504
289 223122 175963
290 223047 175963
291 223030 175743
292 222960 175650
293 222868 175250
294 222834 175250
295 222775 174759
296 222702 174686
297 222614 174426
298 222553 174426
299 222492 173922
300 222412 173791
301 222306 173661
302 222210 173454
303 222161 173317
304 222107 173284
305 222013 172945
306 221945 172658
307 221866 172658
308 221797 172473
309 221774 172473
310 221679 172259
311 221641 172259
312 221542 172192
313 221454 172192
314 221384 172078
315 221294 171692
316 221230 171548
317 221187 170862
318 221088 170862
319 221020 170691
320 220973 170476
321 220935 170476
322 220845 170457
323 220769 170457
324 220721 170219
325 220651 170050
326 220573 169838
327 220492 169221
328 220431 169221
329 220366 169221
330 220296 169221
331 220232 168728
332 220178 168013
333 220084 167344
334 219999 167344
335 219921 167256
336 219857 167138
337 219772 167023
338 219709 166853
339 219616 166642
340 219511 166351
341 219427 166274
342 219389 166242
343 219307 166197
344 219244 166197
345 219168 165921
346 219092 165694
347 218990 165343
348 218931 165343
349 218853 165343
350 218761 165343
351 218705 165343
352 218618 165302
353 218538 164972
354 218476 164849
355 218416 164646
356 218335 164481
357 218253 164217
358 218158 163819
359 218081 163707
360 218001 163410
361 217939 163027
362 217836 162743
363 217767 162431
364 217700 162423
365 217595 161964
366 217522 161964
367 217440 161718
368 217338 161327
369 217249 160551
370 217175 160403
371 217117 160403
372 217038 160053
373 216943 159628
374 216854 159564
375 216757 159458
376 216681 159404
377 216598 159404
378 216524 159331
379 216450 159067
380 216355 158969
381 216287 158720
382 216196 158579
383 216144 157965
384 216065 157784
385 215985 157652
386 215890 157652
387 215799 157652
388 215710 157561
389 215623 157561
390 215536 157221
391 215447 157180
392 215374 157180
393 215314 157180
394 215229 157180
395 215148 156859
396 215065 156311
397 215002 156119
398 214941 155667
399 214870 155667
400 214848 155621
401 214785 155056
402 214700 155056
403 214640 155056
404 214548 154914
405 214473 154886
406 214404 154886
407 214332 154851
408 214246 154408
409 214157 153912
410 214070 153665
411 213990 153665
412 213918 153665
413 213873 153665
414 213794 153661
415 213727 153661
416 213657 153064
417 213572 153064
418 213477 152564
419 213384 152514
420 213292 152085
421 213203 151615
422 213113 151118
423 213056 151101
424 212985 150574
425 212890 150574
426 212803 150146
427 212732 150004
428 212640 150004
429 212540 149901
430 212449 149080
431 212369 148867
432 212268 148696
433 212199 148696
434 212101 148472
435 212031 148375
436 211934 148230
437 211839 147746
438 211764 147746
439 211687 147669
440 211612 147669
441 211530 147480
442 211444 147215
443 211364 147215
444 211277 146226
445 211196 146190
446 211097 146190
447 211005 146116
448 210921 146116
449 210858 146116
450 210799 146091
451 210716 145796
452 210657 145737
453 210570 145725
454 210495 145609
455 210427 145453
456 210367 145199
457 210281 145178
458 210197 145145
459 210167 144794
460 210092 144283
461 209995 143741
462 209907 143653
463 209821 143265
464 209738 142985
465 209646 142356
466 209579 142077
467 209506 142024
468 209422 141902
469 209334 141453
470 209234 141172
471 209144 140834
472 209047 140581
473 208952 140581
474 208928 140554
475 208839 140125
476 208772 139939
477 208728 139939
478 208644 139840
479 208553 139596
480 208465 139174
481 208387 139140
482 208284 139140
483 208205 138311
484 208118 138212
485 208025 138212
486 207950 138138
487 207879 138138
488 207799 138138
489 207707 138138
490 207606 137571
491 207528 137571
492 207454 137313
493 207387 137011
494 207305 136981
495 207228 136830
496 207131 136777
497 207051 136001
498 206956 135515
499 206864 134734
500 206771 134734
501 206693 134734
502 206620 134734
503 206526 134286
504 206449 133947
505 206356 133947
506 206285 133947
507 206226 133947
508 206166 133210
509 206103 132931
510 206004 132816
511 205920 132683
512 205838 132385
513 205748 132385
514 205662 132385
515 205570 132192
516 205495 131988
517 205426 131952
518 205356 131652
519 205304 131652
520 205213 131531
521 205124 131531
522 205018 131229
523 204941 131229
524 204860 131154
525 204774 131154
526 204702 130914
527 204620 130491
528 204535 130255
529 204449 129986
530 204385 129986
531 204310 129986
532 204224 129550
533 204156 129424
534 204096 129424
535 204021 129020
536 203969 128776
537 203904 128776
538 203828 128454
539 203749 127523
540 203686 127523
541 203608 127523
542 203528 127289
543 203473 127289
544 203401 127289
545 203322 126738
546 203250 126521
547 203189 126013
548 203128 126013
549 203034 125619
550 202967 125608
551 202873 125583
552 202792 125331
553 202715 125181
554 202630 124926
555 202578 124760
556 202494 124736
557 202424 124736
558 202351 124685
559 202264 124685
560 202196 124388
561 202100 124306
562 202027 124165
563 201975 124165
564 201878 123708
565 201803 123470
566 201723 123333
567 201642 123333
568 201575 123071
569 201484 122986
570 201413 122499
571 201346 122210
572 201273 122210
573 201195 122069
574 201132 122069
575 201062 122069
576 200969 121658
577 200877 121377
578 200796 121221
579 200715 120956
580 200652 120459
581 200558 120239
582 200472 120239
583 200398 120140
584 200340 120129
585 200267 120129
586 200186 120129
587 200130 119868
588 200065 119868
589 200004 119656
590 199945 119656
591 199878 119560
592 199857 119560
593 199791 119174
594 199710 118790
595 199651 118386
596 199567 118386
597 199500 118117
598 199436 117818
599 199365 117818
600 199300 117783
601 199217 117783
602 199143 117783
603 199055 117783
604 198987 117783
605 198912 117227
606 198830 117227
607 198760 117103
608 198682 117103
609 198592 117103
610 198518 117006
611 198429 116983
612 198381 116983
613 198307 116983
614 198223 116967
615 198146 116825
616 198082 116825
617 198023 116687
618 197966 116687
619 197904 116687
620 197840 116687
621 197802 116687
622 197745 116687
623 197671 116687
624 197595 116458
625 197530 116458
626 197468 116458
627 197382 116458
628 197302 116372
629 197258 116372
630 197169 116045
631 197109 116045
632 197029 115973
633 196956 115695
634 196874 115638
635 196806 115246
636 196728 115246
637 196681 115246
638 196649 115246
639 196591 115246
640 196517 114792
641 196453 114728
642 196412 114728
643 196363 114704
644 196314 114703
645 196235 114703
646 196163 114522
647 196089 114487
648 196008 114458
649 195948 114258
650 195862 114112
651 195793 114097
652 195723 113938
653 195644 113933
654 195559 113874
655 195502 113732
656 195449 113586
657 195402 113584
658 195340 113527
659 195279 113435
660 195222 113435
661 195149 113108
662 195069 113024
663 195009 112838
664 194935 112763
665 194876 112763
666 194814 112763
667 194747 112763
668 194681 112581
669 194623 112410
670 194554 112180
671 194478 112180
672 194408 112180
673 194349 112065
674 194275 111979
675 194222 111979
676 194140 111979
677 194072 111878
678 194033 111724
679 193989 111724
680 193941 111345
681 193871 111345
682 193796 111214
683 193733 111175
684 193665 111175
685 193621 111029
686 193548 110921
687 193498 110803
688 193437 110654
689 193368 110567
690 193304 110548
691 193248 110548
692 193177 110548
693 193104 110314
694 193026 110075
695 192946 109987
696 192883 109984
697 192840 109552
698 192760 109332
699 192694 109332
700 192654 109332
701 192582 109332
702 192518 109332
703 192451 109332
704 192386 109332
705 192313 109332
706 192276 109267
707 192241 109216
708 192179 109216
709 192123 109067
710 192048 108918
711 192001 108918
712 191939 108536
713 191903 108424
714 191853 108424
715 191796 108424
716 191726 107964
717 191661 107964
718 191607 107964
719 191537 107964
720 191475 107843
721 191428 107843
722 191365 107843
723 191297 107583
724 191215 107275
725 191156 107221
726 191097 107221
727 191035 107181
728 190963 107181
729 190915 107106
730 190851 107106
731 190774 107106
732 190716 106967
733 190670 106967
734 190610 106737
735 190557 106737
736 190497 106737
737 190431 106277
738 190376 106200
739 190311 106087
740 190267 105953
741 190212 105953
742 190133 105953
743 190088 105953
744 190050 105953
745 190016 105953
746 189959 105926
747 189897 105926
748 189853 105926
749 189809 105822
750 189750 105560
751 189719 105560
752 189674 105560
753 189632 105560
754 189569 105474
755 189503 105413
756 189438 105349
757 189362 105349
758 189303 105349
759 189240 105329
760 189186 105329
761 189125 105329
762 189073 105006
763 189007 104981
764 188946 104948
765 188874 104948
766 188823 104800
767 188770 104800
768 188722 104800
769 188694 104800
770 188636 104750
771 188586 104750
772 188535 104750
773 188491 104750
774 188460 104744
775 188401 104714
776 188353 104348
777 188311 104108
778 188251 104108
779 188191 104108
780 188148 103984
781 188099 103984
782 188045 103984
783 188018 103984
784 187970 103984
785 187905 103878
786 187838 103478
787 187789 103343
788 187746 103306
789 187716 103306
790 187671 103282
791 187631 103282
792 187564 102967
793 187515 102967
794 187482 102967
795 187439 102912
796 187397 102905
797 187359 102744
798 187316 102519
799 187253 102336
800 187214 102336
801 187174 102336
802 187135 102028
803 187084 101908
804 187025 101895
805 186961 101895
806 186895 101895
807 186850 101895
808 186794 101895
809 186751 101872
810 186700 101801
811 186648 101801
812 186590 101650
813 186546 101650
814 186490 101574
815 186440 101346
816 186411 101346
817 186388 101346
818 186350 100813
819 186288 100763
820 186265 100591
821 186212 100167
822 186164 100167
823 186119 100167
824 186068 99970.8
825 186015 99970.8
826 185960 99970.8
827 185903 99562.7
828 185843 99562.7
829 185804 99371.1
830 185765 99371.1
831 185724 99371.1
832 185666 99371.1
833 185617 99371.1
834 185576 99371.1
835 185526 99371.1
836 185513 99291.9
837 185467 99291.9
838 185418 99175.3
839 185368 99175.3
840 185326 98951.4
841 185270 98951.4
842 185214 98951.4
843 185160 98864.8
844 185113 98781.3
845 185069 98781.3
846 185032 98781.3
847 184995 98781.3
848 184956 98781.3
849 184919 98781.3
850 184868 98701.8
851 184807 98435.7
852 184754 98435.7
853 184703 98435.7
854 184651 98041.9
855 184597 98041.9
856 184557 97692.8
857 184510 97692.8
858 184475 97556.8
859 184430 97556.8
860 184386 97488.4
861 184346 97488.4
862 184310 97488.4
863 184255 97359.7
864 184207 97359.7
865 184154 97001.1
866 184118 96960.6
867 184072 96960.6
868 184002 96960.6
869 183963 96960.6
870 183929 96960.6
871 183880 96960.6
872 183835 96960.6
873 183824 96816.8
874 183787 96816.8
875 183759 96816.8
876 183702 96816.8
877 183646 96816.8
878 183583 96742.3
879 183547 96742.3
880 183506 96742.3
881 183468 96742.3
882 183419 96590
883 183416 96590
884 183364 96590
885 183313 96590
886 183269 96590
887 183233 96590
888 183220 96590
889 183171 96590
890 183113 96590
891 183079 96590
892 183031 96576.4
893 182985 96182.8
894 182936 96182.8
895 182882 96182.8
896 182832 96182.8
897 182780 96182.8
898 182739 96182.8
899 182693 96009
900 182643 96009
901 182589 96009
902 182543 95698.9
903 182498 95698.9
904 182472 95698.9
905 182416 95493.3
906 182369 95493.3
907 182328 95395.9
908 182276 95395.9
909 182237 95213.5
910 182188 95190.5
911 182148 94882
912 182109 94882
913 182063 94882
914 182012 94882
915 181955 94882
916 181936 94882
917 181895 94882
918 181845 94882
919 181794 94617.9
920 181740 94612.8
921 181696 94463
922 181655 94463
923 181604 94463
924 181559 94407.6
925 181519 94407.6
926 181475 94338.1
927 181463 94338.1
928 181425 94338.1
929 181383 94338.1
930 181345 94338.1
931 181318 94338.1
932 181279 94338.1
933 181237 94338.1
934 181193 94338.1
935 181151 94265.4
936 181123 94265.4
937 181092 94212.7
938 181050 94212.7
939 181016 94050.1
940 180971 94050.1
941 180926 94050.1
942 180882 94050.1
943 180835 94050.1
944 180808 94050.1
945 180772 94012.2
946 180724 94012.2
947 180685 94012.2
948 180659 93935.9
949 180607 93797.7
950 180586 93797.7
951 180531 93517.5
952 180506 93517.5
953 180473 93517.5
954 180430 93517.5
955 180386 93517.5
956 180351 93480.1
957 180318 93363.9
958 180295 93363.9
959 180250 93363.9
960 180200 93230.5
961 180162 93230.5
962 180114 93230.5
963 180078 93230.5
964 180039 93230.5
965 180003 93230.5
966 179981 93230.5
967 179934 93230.5
968 179902 93230.5
969 179882 93230.5
970 179839 93230.5
971 179790 93230.5
972 179751 93230.5
973 179718 93174.3
974 179688 93002.4
975 179651 93002.4
976 179621 92869.3
977 179587 92685
978 179538 92685
979 179507 92685
980 179479 92685
981 179450 92685
982 179405 92685
983 179380 92685
984 179336 92653.5
985 179301 92653.5
986 179266 92653.5
987 179223 92554.4
988 179188 92538.7
989 179142 92219.6
990 179120 92219.6
991 179080 92219.6
992 179050 92219.6
993 179016 92219.6
994 178981 92219.6
995 178955 92219.6
996 178937 92194.1
997 178915 92194.1
998 178892 92194.1
999 178853 92194.1
1000 178831 92194.1
1001 178785 92073.5
1002 178755 91927.6
1003 178732 91927.6
1004 178690 91927.6
1005 178668 91927.6
1006 178635 91927.6
1007 178596 91927.6
1008 178557 91927.6
1009 178530 91927.6
1010 178488 91614.1
1011 178452 91614.1
1012 178444 91614.1
1013 178409 91614.1
1014 178370 91614.1
1015 178331 91614.1
1016 178279 91614.1
1017 178232 91614.1
1018 178202 91614.1
1019 178163 91614.1
1020 178130 91216.6
1021 178096 91216.6
1022 178059 91216.6
1023 178045 91118.4
1024 178012 91118.4
1025 177968 91118.4
1026 177923 90848.1
1027 177884 90848.1
1028 177849 90848.1
1029 177817 90848.1
1030 177784 90848.1
1031 177749 90848.1
1032 177712 90848.1
1033 177686 90848.1
1034 177644 90848.1
1035 177620 90848.1
1036 177576 90848.1
1037 177545 90831.4
1038 177503 90831.4
1039 177490 90831.4
1040 177450 90831.4
1041 177427 90831.4
1042 177407 90831.4
1043 177376 90757.4
1044 177349 90757.4
1045 177321 90757.4
1046 177289 90757.4
1047 177238 90636.8
1048 177198 90636.8
1049 177164 90636.8
1050 177127 90636.8
1051 177108 90636.8
1052 177079 90636.8
1053 177040 90636.8
1054 177007 90580
1055 176970 90522.8
1056 176927 90522.8
1057 176907 90522.8
1058 176885 90522.8
1059 176848 90522.8
1060 176829 90522.8
1061 176792 90522.8
1062 176763 90522.8
1063 176722 90522.8
1064 176694 90522.8
1065 176677 90360.4
1066 176655 90360.4
1067 176643 90360.4
1068 176602 90303
1069 176580 90303
1070 176551 90303
1071 176526 90303
1072 176495 90303
1073 176450 90203.7
1074 176438 90203.7
1075 176420 90203.7
1076 176391 90203.7
1077 176364 90157.7
1078 176326 90157.7
1079 176294 90157.7
1080 176271 90157.7
1081 176232 90157.7
1082 176204 90157.7
1083 176164 90157.7
1084 176144 90145.9
1085 176107 90145.9
1086 176084 90145.9
1087 176053 90145.9
1088 176013 90145.9
1089 175998 90145.9
1090 175982 90145.9
1091 175945 90145.9
1092 175929 90145.9
1093 175898 90145.9
1094 175868 90145.9
1095 175834 90145.9
1096 175820 90145.9
1097 175778 90145.9
1098 175739 90145.9
1099 175717 90145.9
1100 175690 90145.9
1101 175664 90121.4
1102 175646 90121.4
1103 175609 90121.4
1104 175576 90121.4
1105 175556 90121.4
1106 175540 90121.4
1107 175516 90121.4
1108 175483 90121.4
1109 175445 90121.4
1110 175419 90121.4
1111 175379 90121.4
1112 175363 90055.1
1113 175328 90055.1
1114 175299 90055.1
1115 175277 90055.1
1116 175252 90055.1
1117 175235 90055.1
1118 175210 90055.1
1119 175170 90055.1
1120 175140 90055.1
1121 175107 90008.4
1122 175058 90008.4
1123 175034 90008.4
1124 174994 89975.1
1125 174961 89975.1
1126 174930 89975.1
1127 174910 89975.1
1128 174892 89975.1
1129 174865 89975.1
1130 174836 89975.1
1131 174815 89952.6
1132 174791 89952.6
1133 174766 89952.6
1134 174722 89903.6
1135 174714 89872.7
1136 174677 89859.4
1137 174653 89859.4
1138 174627 89859.4
1139 174608 89812.4
1140 174579 89812.4
1141 174545 89649.2
1142 174526 89649.2
1143 174494 89649.2
1144 174462 89649.2
1145 174447 89649.2
1146 174426 89649.2
1147 174384 89649.2
1148 174367 89649.2
1149 174342 89612.5
1150 174336 89585.8
1151 174328 89585.8
1152 174299 89585.8
1153 174256 89585.8
1154 174230 89585.8
1155 174219 89585.8
1156 174203 89585.8
1157 174175 89585.8
1158 174142 89585.8
1159 174118 89585.8
1160 174107 89585.8
1161 174088 89585.8
1162 174070 89585.8
1163 174055 89585.8
1164 174050 89585.8
1165 174023 89585.8
1166 173991 89585.8
1167 173959 89585.8
1168 173932 89585.8
1169 173906 89458.6
1170 173885 89458.6
1171 173846 89044.2
1172 173825 88902.8
1173 173800 88902.8
1174 173773 88902.8
1175 173761 88902.8
1176 173730 88723
1177 173696 88723
1178 173672 88723
1179 173646 88723
1180 173624 88676.5
1181 173605 88676.5
1182 173564 88676.5
1183 173550 88676.5
1184 173528 88676.5
1185 173502 88676.5
1186 173488 88676.5
1187 173470 88676.5
1188 173452 88436.5
1189 173446 88436.5
1190 173416 88436.5
1191 173389 88436.5
1192 173356 88436.5
1193 173331 88436.5
1194 173332 88436.5
1195 173303 88436.5
1196 173271 88383.2
1197 173237 88383.2
1198 173218 88383.2
1199 173189 88141.5
1200 173177 88141.5
1201 173164 88141.5
1202 173117 88141.5
1203 173094 88019.8
1204 173064 88019.8
1205 173022 87959.9
1206 173006 87959.9
1207 172976 87959.9
1208 172968 87959.9
1209 172952 87929.9
1210 172909 87804.3
1211 172890 87804.3
1212 172871 87804.3
1213 172844 87804.3
1214 172818 87804.3
1215 172799 87804.3
1216 172773 87804.3
1217 172742 87693.2
1218 172700 87693.2
1219 172676 87693.2
1220 172654 87693.2
1221 172634 87693.2
1222 172612 87549.2
1223 172586 87549.2
1224 172547 87549.2
1225 172519 87403.2
1226 172504 87234.9
1227 172485 87234.9
1228 172467 87234.9
1229 172440 87174.2
1230 172411 87077.1
1231 172394 87077.1
1232 172357 86843.6
1233 172340 86843.6
1234 172311 86843.6
1235 172280 86843.6
1236 172263 86843.6
1237 172246 86843.6
1238 172224 86713
1239 172201 86713
1240 172178 86713
1241 172145 86713
1242 172118 86713
1243 172095 86713
1244 172079 86489.6
1245 172051 86489.6
1246 172027 86489.6
1247 172014 86489.6
1248 171995 86489.6
1249 171972 86489.6
1250 171967 86489.6
1251 171959 86489.6
1252 171927 86318.6
1253 171904 86318.6
1254 171876 86318.6
1255 171846 86318.6
1256 171817 86318.6
1257 171791 86318.6
1258 171752 86318.6
1259 171727 86318.6
1260 171710 86318.6
1261 171674 86318.6
1262 171645 86318.6
1263 171615 86318.6
1264 171587 86272.4
1265 171562 86272.4
1266 171543 86262.5
1267 171517 86262.5
1268 171510 86262.5
1269 171479 86122.3
1270 171464 86122.3
1271 171429 86078.7
1272 171405 86078.7
1273 171380 85866.2
1274 171356 85866.2
1275 171336 85866.2
1276 171320 85810.4
1277 171290 85810.4
1278 171264 85810.4
1279 171235 85810.4
1280 171197 85752.1
1281 171171 85752.1
1282 171130 85752.1
1283 171107 85752.1
1284 171097 85752.1
1285 171073 85752.1
1286 171050 85752.1
1287 171026 85752.1
1288 171007 85722.1
1289 170988 85722.1
1290 170979 85722.1
1291 170967 85722.1
1292 170948 85722.1
1293 170929 85722.1
1294 170921 85722.1
1295 170898 85722.1
1296 170877 85722.1
1297 170856 85722.1
1298 170825 85722.1
1299 170795 85722.1
1300 170803 85722.1
1301 170789 85719.5
1302 170765 85719.5
1303 170754 85719.5
1304 170735 85719.5
1305 170717 85719.5
1306 170693 85719.5
1307 170675 85719.5
1308 170673 85719.5
1309 170655 85658.2
1310 170642 85658.2
1311 170618 85658.2
1312 170592 85658.2
1313 170572 85658.2
1314 170545 85658.2
1315 170533 85658.2
1316 170521 85420.1
1317 170488 85420.1
1318 170457 85420.1
1319 170431 85420.1
1320 170422 85420.1
1321 170402 85420.1
1322 170386 85420.1
1323 170353 85420.1
1324 170354 85420.1
1325 170342 85420.1
1326 170314 85420.1
1327 170284 85420.1
1328 170271 85112.4
1329 170250 85112.4
1330 170227 85112.4
1331 170203 84971.7
1332 170177 84971.7
1333 170147 84971.7
1334 170130 84971.7
1335 170103 84971.7
1336 170082 84971.7
1337 170073 84971.7
1338 170050 84971.7
1339 170033 84971.7
1340 170001 84971.7
1341 169982 84971.7
1342 169964 84971.7
1343 169945 84971.7
1344 169934 84971.7
1345 169928 84946.2
1346 169914 84946.2
1347 169893 84927.7
1348 169868 84927.7
1349 169837 84732.3
