0 64124.6 64124.6
1 66491 53994.8
2 65694.2 52741.5
3 69388.8 52549.9
4 69537.5 51935.3
5 69686.8 51708
6 69024.5 51331.8
7 68137.8 50794.9
8 69460.1 50704.1
9 69035.9 50425.4
10 68845.2 50425.4
11 68779 50065.3
12 68854.7 49894.4
13 69118.7 49851.1
14 69114.9 49851.1
15 69719.2 49708.9
16 70027.7 49608.9
17 70140.9 49272.8
18 70759.1 49174.8
19 71591 48970.6
20 71996.5 48844.6
21 72187.3 48844.6
22 72392.6 48729.5
23 73486.1 48729.2
24 74046.3 48646.5
25 73772.1 48646.5
26 74102.5 48646.5
27 74203.7 48531
28 74456.8 48420.1
29 74235.6 48420.1
30 73917.9 48367.4
31 73664 48367.4
32 73938.5 48367.4
33 73597.5 48305.2
34 73297 48237.8
35 73070.5 48215.7
36 72843.9 48102.2
37 72659 48102.2
38 72427.4 48053.9
39 72177.9 47973.7
40 72058.7 47973.7
41 71918.7 47973.7
42 71957.5 47772.5
43 71924.5 47724.5
44 72380.2 47697.7
45 72359.2 47697.7
46 72238.9 47697.7
47 72140.5 47697.7
48 72307.7 47634.7
49 72315.3 47572.6
50 72179.3 47553
51 72041 47462.4
52 72047 47462.4
53 72058.7 47450.6
54 71965 47450.6
55 71909 47327.7
56 71930.9 47327.7
57 72005.5 47327.7
58 71963.3 47327.7
59 72150.8 47280.2
60 72067.4 47280.2
61 72091.2 47280.2
62 72446.7 47266.8
63 72577.4 47266.8
64 72632.4 47256.6
65 72952.7 47256.6
66 73062.1 47256.6
67 73174.6 47256.6
68 73146.8 47256.6
69 73251.7 47256.6
70 73271.5 47223
71 73191.2 46927.9
72 73079.8 46750.8
73 73067.1 46750.8
74 73119.4 46750.8
75 73278.1 46750.8
76 73433.2 46748.2
77 73405.4 46748.2
78 73313.3 46732.7
79 73350 46651.9
80 73438.4 46651.9
81 73330.1 46594.1
82 73375 46594.1
83 73397.2 46594.1
84 73452.3 46594.1
85 73300.6 46594.1
86 73373.1 46512.6
87 73481.6 46512.6
88 73508.8 46512.6
89 73406.7 46512.6
90 73452 46512.6
91 73557.4 46512.6
92 73599.7 46512.6
93 73487.3 46488.5
94 73425.4 46375.5
95 73437.7 46266.2
96 73393.3 46266.2
97 73430.5 46243.7
98 73533.2 46243.7
99 73451.6 46175.5
100 73454.8 46172.5
101 73581.1 46172.5
102 73496.5 46172.5
103 73479.9 46101.6
104 73446.5 46101.6
105 73408.2 45844.2
106 73438.7 45844.2
107 73370.1 45804.8
108 73293 45804.8
109 73194.5 45740.2
110 73139.7 45734.7
111 73227.3 45672.6
112 73191.3 45672.6
113 73132.9 45645.9
114 73065.1 45645.9
115 73045 45645.9
116 73035.3 45645.9
117 73058.1 45645.9
118 73064 45645.9
119 73160.1 45645.9
120 73146.8 45645.9
121 73130.2 45645.9
122 73266.7 45645.9
123 73293.5 45645.9
124 73268.8 45645.9
125 73234.7 45645.9
126 73207.1 45645.9
127 73269.8 45645.9
128 73223.6 45645.9
129 73240.4 45640
130 73299 45640
131 73255.9 45640
132 73240.6 45640
133 73271.2 45640
134 73195.2 45640
135 73153.3 45640
136 73118.2 45577.5
137 73056 45577.5
138 72987.3 45453.1
139 72941.2 45453.1
140 72935.5 45453.1
141 72896.4 45453.1
142 72883 45453.1
143 72871.4 45453.1
144 72812.7 45453.1
145 72830.9 45453.1
146 72805.3 45453.1
147 72739.1 45413
148 72687.2 45413
149 72662.1 45413
150 72663.6 45413
151 72673.7 45413
152 72661.3 45337
153 72650.8 45337
154 72651.5 45297.8
155 72672.3 45297.8
156 72631.9 45297.8
157 72615.1 45297.8
158 72579.6 45297.8
159 72637.1 45297.8
160 72644.9 45297.8
161 72667.4 45297.8
162 72674.1 45297.8
163 72651.8 45297.8
164 72652.8 45294.7
165 72672.2 45294.7
166 72625.3 45229.3
167 72673.3 45229.3
168 72615.3 45229.3
169 72602.7 45229.3
170 72580.5 45229.3
171 72583.9 45229.3
172 72594.6 45229.3
173 72607 45229.3
174 72581.6 45229.3
175 72554.3 45229.3
176 72532 45194.3
177 72571 45194.3
178 72594.2 45194.3
179 72629.5 45194.3
180 72608.8 45160.1
181 72583.3 45160.1
182 72604.7 45160.1
183 72546.5 45160.1
184 72541.4 45154.1
185 72556.7 45154.1
186 72599.6 45048.7
187 72617 45048.7
188 72608.5 44949.2
189 72599.8 44949.2
190 72658.4 44949.2
191 72694 44924.5
192 72657.3 44924.5
193 72622.3 44924.5
194 72638.6 44924.5
195 72592.2 44924.5
196 72543.6 44924.5
197 72507.7 44924.5
198 72556 44924.5
199 72580.3 44924.5
200 72592.5 44924.5
201 72621.7 44924.5
202 72634.8 44924.5
203 72606.8 44864.8
204 72550.9 44864.8
205 72519.4 44864.8
206 72519 44864.8
207 72487.8 44864.8
208 72552.4 44864.8
209 72543.2 44864.8
210 72523.6 44864.8
211 72511.2 44864.8
212 72547.9 44864.8
213 72550.8 44864.8
214 72532.5 44789.6
215 72542.2 44789.6
216 72498.7 44789.6
217 72488.7 44789.6
218 72490.8 44789.6
219 72511 44789.6
220 72502.4 44789.6
221 72534.6 44789.6
222 72477.8 44748.2
223 72438.8 44748.2
224 72459 44748.2
225 72470.7 44748.2
226 72501.2 44748.2
227 72494.3 44748.2
228 72482.1 44748.2
229 72468.7 44748.2
230 72451 44696.6
231 72417.4 44696.6
232 72427.7 44696.6
233 72471.6 44696.6
234 72462.4 44696.6
235 72456.8 44696.6
236 72456.1 44696.6
237 72437.2 44672.1
238 72488.5 44672.1
239 72472.7 44672.1
240 72455.9 44659.8
241 72453.7 44659.8
242 72433.2 44659.8
243 72390.9 44659.8
244 72358 44659.8
245 72399 44659.8
246 72403.4 44659.8
247 72403.9 44659.8
248 72413.9 44659.8
249 72438.1 44659.8
250 72515.3 44659.8
251 72480.5 44659.8
252 72527 44586.8
253 72496 44521.1
254 72516.7 44521.1
255 72606.3 44521.1
256 72540.3 44521.1
257 72491.3 44521.1
258 72519.1 44521.1
259 72509.5 44521.1
260 72523.5 44521.1
261 72532.7 44521.1
262 72498.2 44521.1
263 72476.8 44521.1
264 72528.5 44514.4
265 72531.4 44513.4
266 72648.2 44513.4
267 72665 44497.3
268 72647.7 44497.3
269 72617.2 44497.3
270 72600.3 44497.3
271 72585.2 44497.3
272 72586.3 44439.1
273 72561.3 44439.1
274 72561.9 44439.1
275 72534.9 44439.1
276 72520.1 44439.1
277 72519.4 44438.5
278 72559.1 44438.5
279 72573.7 44438.5
280 72536.6 44438.5
281 72511.4 44438.5
282 72501.1 44438.5
283 72491.1 44438.5
284 72492.9 44409.8
285 72460.7 44409.8
286 72476.3 44386
287 72431.2 44386
288 72489.6 44386
289 72448.6 44386
290 72477.2 44386
291 72473.6 44381.6
292 72492.8 44381.6
293 72492.2 44381.6
294 72484.3 44381.6
295 72489.5 44381.6
296 72528.7 44381.6
297 72498.2 44381.6
298 72513.1 44381.6
299 72480.2 44381.6
300 72487.3 44381.6
301 72483.9 44300.8
302 72451 44300.8
303 72445.1 44300.8
304 72457.3 44300.8
305 72416.2 44300.8
306 72452.9 44300.8
307 72426.3 44300.8
308 72485.5 44300.8
309 72458.4 44300.8
310 72452.4 44300.8
311 72480.9 44300.8
312 72482.4 44300.8
313 72468.5 44300.8
314 72457.3 44300.8
315 72442.2 44300.8
316 72448 44300.8
317 72473.7 44182.1
318 72464 44182.1
319 72493.5 44182.1
320 72473 44182.1
321 72467.4 44182.1
322 72457.3 44182.1
323 72441.9 44175.1
324 72467.1 44175.1
325 72478.6 44175.1
326 72481.2 44175.1
327 72508.4 44175.1
328 72490.9 44175.1
329 72482.7 44175.1
330 72494.8 44175.1
331 72487.2 44175.1
332 72493.4 44175.1
333 72467 44175.1
334 72499.2 44175.1
335 72515.4 44175.1
336 72475.2 44175.1
337 72487.9 44175.1
338 72467.6 44175.1
339 72429.2 44175.1
340 72412.2 44175.1
341 72415.1 44175.1
342 72386.9 44175.1
343 72397.9 44175.1
344 72374.3 44175.1
345 72368.2 44175.1
346 72410.8 44144.9
347 72402.5 44144.9
348 72419.4 44144.9
349 72396.3 44144.9
350 72389.9 44019.8
351 72408 44019.8
352 72422.4 44019.8
353 72426.7 44019.8
354 72401.2 44019.8
355 72387.5 44019.8
356 72403.2 44019.8
357 72446.7 44019.8
358 72475.6 44019.8
359 72501.6 44019.8
360 72470.2 44019.8
361 72437.1 44019.8
362 72422.3 44019.8
363 72403.5 44019.8
364 72406.9 44019.8
365 72421.3 44019.8
366 72433 44019.8
367 72415.5 44019.8
368 72436.6 44019.8
369 72407.6 44019.8
370 72397.2 44019.8
371 72378.1 44019.8
372 72366.5 44019.8
373 72345.1 44019.8
374 72326.6 44019.8
375 72314.5 44019.8
376 72305.4 44019.8
377 72313.9 44019.8
378 72304.1 44019.8
379 72331.7 44019.8
380 72343.9 44019.8
381 72373.6 44019.8
382 72354 44019.8
383 72337.1 43993.3
384 72331.8 43993.3
385 72342.3 43993.3
386 72387.4 43993.3
387 72385.3 43993.3
388 72375.4 43993.3
389 72383.7 43993.3
390 72366.4 43993.3
391 72369.1 43993.3
392 72355.6 43993.3
393 72347.4 43993.3
394 72344.6 43993.3
395 72404.3 43993.3
396 72399.8 43993.3
397 72409.3 43993.3
398 72430.3 43993.3
399 72408.8 43993.3
400 72389.5 43993.3
401 72394.2 43993.3
402 72375.1 43902.2
403 72393.6 43902.2
404 72374.2 43902.2
405 72370.7 43902.2
406 72355.2 43822.7
407 72362 43822.7
408 72359.5 43822.7
409 72343.5 43798.4
410 72312.5 43798.4
411 72302.4 43798.4
412 72402.3 43798.4
413 72417.4 43798.4
414 72416 43798.4
415 72411.1 43798.4
416 72404.9 43798.4
417 72415.6 43798.4
418 72473.1 43798.4
419 72460.1 43798.4
420 72457.9 43798.4
421 72455.4 43798.4
422 72461.9 43798.4
423 72475 43798.4
424 72469.4 43798.4
425 72478.1 43798.4
426 72484.1 43798.4
427 72497 43798.4
428 72507.6 43798.4
429 72506.6 43798.4
430 72493.7 43798.4
431 72478.1 43798.4
432 72456 43798.4
433 72433.5 43798.4
434 72422.1 43798.4
435 72428.9 43798.4
436 72441.9 43798.4
437 72430.5 43798.4
438 72442.6 43798.4
439 72424.7 43798.4
440 72433.1 43798.4
441 72406.7 43798.4
442 72392.6 43798.4
443 72422.2 43798.4
444 72413.3 43798.4
445 72388.4 43798.4
446 72419.7 43798.4
447 72433 43798.4
448 72438.2 43798.4
449 72434.7 43798.4
