0 140304 140304
1 139754 132655
2 141033 130138
3 141068 129377
4 141954 128293
5 142051 127899
6 142634 127344
7 143827 126417
8 142826 125825
9 142073 125423
10 141682 124770
11 141863 124285
12 142174 124285
13 141913 124090
14 141771 124060
15 141468 123708
16 141541 123634
17 141290 123626
18 141112 123168
19 141107 122622
20 140854 122508
21 140722 122508
22 140603 122508
23 140488 122234
24 140840 122095
25 140955 122095
26 140936 122067
27 141051 122067
28 141505 122067
29 141576 122067
30 141583 122067
31 141568 122022
32 141490 121811
33 141529 121811
34 141473 121811
35 141383 121751
36 141411 121691
37 141220 121424
38 141370 121222
39 141438 121084
40 141362 120963
41 141360 120963
42 141309 120782
43 141206 120694
44 141268 120645
45 141215 120645
46 141137 120645
47 141138 120611
48 141187 120611
49 141131 120611
50 141211 120565
51 141222 120565
52 141165 120453
53 141287 120453
54 141228 120346
55 141200 120346
56 141133 120346
57 141054 120346
58 141001 120127
59 140949 120103
60 140903 120024
61 140982 119864
62 140904 119864
63 140837 119818
64 140896 119739
65 140823 119447
66 140752 119419
67 140758 119419
68 140806 119336
69 140760 119336
70 140862 119336
71 140829 119336
72 140789 119336
73 140768 119336
74 140701 119324
75 140673 119221
76 140649 119221
77 140552 119221
78 140637 119221
79 140707 119221
80 140754 119204
81 140708 119204
82 140673 119204
83 140686 119204
84 140762 119204
85 140729 119204
86 140693 119145
87 140684 119145
88 140816 119145
89 140843 119145
90 140854 119145
91 140801 119145
92 140914 119145
93 140897 119145
94 140868 119124
95 140853 119124
96 140884 119124
97 140860 119124
98 140851 119124
99 140902 119124
100 140962 119063
101 140925 119063
102 140883 119063
103 140941 119063
104 140962 119063
105 140996 119063
106 141035 119063
107 141036 119063
108 141012 119063
109 141058 119063
110 141025 119063
111 141079 119017
112 141059 119012
113 141091 119012
114 141046 119012
115 141012 119012
116 141067 119012
117 141044 119012
118 141080 119012
119 141044 119012
120 141041 119012
121 141051 119012
122 141054 119012
123 141044 118992
124 141019 118992
125 140968 118992
126 141022 118899
127 140968 118826
128 141013 118826
129 141041 118826
130 141044 118789
131 141104 118692
132 141068 118692
133 141080 118692
134 141038 118692
135 141072 118692
136 141132 118553
137 141135 118553
138 141115 118553
139 141149 118504
140 141209 118504
141 141220 118504
142 141193 118504
143 141237 118504
144 141232 118489
145 141241 118489
146 141205 118489
147 141196 118489
148 141227 118470
149 141264 118440
150 141268 118304
151 141237 118045
152 141305 118045
153 141292 118045
154 141326 118045
155 141306 118026
156 141268 118026
157 141304 118026
158 141305 118026
159 141319 118026
160 141285 118026
161 141339 118026
162 141358 118026
163 141360 117878
164 141352 117874
165 141326 117874
166 141332 117874
167 141320 117874
168 141317 117874
169 141307 117874
170 141272 117874
171 141283 117874
172 141257 117874
173 141253 117874
174 141227 117874
175 141206 117874
176 141205 117874
177 141174 117874
178 141174 117874
179 141144 117874
180 141137 117874
181 141107 117874
182 141096 117874
183 141091 117792
184 141088 117792
185 141068 117792
186 141067 117792
187 141071 117661
188 141055 117661
189 141032 117661
190 141024 117659
191 141008 117659
192 140982 117456
193 140985 117456
194 140993 117456
195 141009 117456
196 140997 117456
197 140967 117435
198 140979 117435
199 141011 117435
200 140993 117435
201 140989 117435
202 140963 117311
203 140947 117311
204 140953 117311
205 140946 117311
206 140935 117311
207 140932 117311
208 140942 117311
209 140914 117311
210 140907 117311
211 140942 117311
212 140945 117311
213 140922 117311
214 140918 117311
215 140923 117311
216 140930 117311
217 140953 117311
218 140948 117284
219 140945 117284
220 140971 117284
221 140969 117284
222 140947 117284
223 140945 117284
224 140932 117235
225 140964 117165
226 140977 117165
227 140994 117165
228 140977 117165
229 140987 117165
230 140980 117165
231 140966 117165
232 140997 117150
233 140980 117150
234 141020 117114
235 141008 117114
236 140992 117114
237 140986 117114
238 140978 117114
239 140968 117114
240 140942 117114
241 140966 117084
242 140968 117084
243 140958 117084
244 140948 117084
245 140936 117084
246 140921 116981
247 140920 116981
248 140909 116979
249 140907 116979
250 140884 116979
251 140875 116979
252 140864 116979
253 140870 116979
254 140849 116979
255 140861 116979
256 140843 116979
257 140855 116979
258 140859 116928
259 140851 116928
260 140871 116871
261 140863 116871
262 140859 116871
263 140842 116871
264 140828 116710
265 140829 116710
266 140812 116710
267 140799 116710
268 140782 116710
269 140776 116710
270 140758 116710
271 140740 116467
272 140760 116467
273 140765 116467
274 140761 116189
275 140760 116189
276 140760 116189
277 140754 116189
278 140795 116189
279 140805 116189
280 140794 116189
281 140793 116189
282 140776 116189
283 140788 116189
284 140808 116189
285 140804 116189
286 140791 116189
287 140776 116189
288 140767 116189
289 140768 116189
290 140761 116189
291 140749 116189
292 140767 116189
293 140750 116112
294 140742 116112
295 140736 116112
296 140725 116112
297 140716 116101
298 140710 116101
299 140731 116101
300 140721 115992
301 140706 115992
302 140698 115992
303 140695 115898
304 140691 115898
305 140707 115898
306 140695 115898
307 140702 115898
308 140687 115898
309 140694 115898
310 140682 115898
311 140678 115840
312 140663 115840
313 140670 115840
314 140655 115840
315 140645 115840
316 140638 115840
317 140624 115695
318 140615 115695
319 140612 115695
320 140608 115695
321 140601 115695
322 140597 115695
323 140591 115695
324 140573 115505
325 140604 115505
326 140611 115505
327 140601 115505
328 140616 115505
329 140635 115459
330 140631 115459
331 140631 115459
332 140637 115459
333 140654 115459
334 140648 115459
335 140645 115459
336 140674 115459
337 140680 115459
338 140675 115334
339 140682 115334
340 140685 115334
341 140685 115334
342 140679 115334
343 140676 115334
344 140675 115334
345 140673 115334
346 140671 115334
347 140695 115334
348 140699 115334
349 140701 115334
350 140682 115286
351 140670 115286
352 140654 115286
353 140657 115286
354 140661 115286
355 140665 115286
356 140668 115286
357 140675 115286
358 140669 115286
359 140658 115286
360 140641 115286
361 140633 115286
362 140641 115286
363 140651 115286
364 140629 115274
365 140632 115224
366 140651 115224
367 140657 115011
368 140670 115011
369 140674 115011
370 140664 115011
371 140657 115011
372 140643 115011
373 140654 115011
374 140644 115011
375 140655 115011
376 140680 115011
377 140692 114904
378 140684 114904
379 140680 114904
380 140683 114904
381 140679 114904
382 140677 114904
383 140675 114904
384 140669 114904
385 140678 114904
386 140674 114904
387 140669 114904
388 140672 114904
389 140680 114904
390 140670 114753
391 140671 114745
392 140682 114745
393 140674 114745
394 140677 114744
395 140683 114744
396 140688 114744
397 140695 114744
398 140707 114602
399 140709 114602
400 140695 114602
401 140688 114602
402 140685 114602
403 140681 114602
404 140672 114602
405 140693 114602
406 140716 114602
407 140716 114602
408 140719 114602
409 140729 114602
410 140724 114602
411 140715 114602
412 140733 114602
413 140749 114602
414 140752 114602
415 140742 114576
416 140735 114576
417 140724 114576
418 140721 114576
419 140718 114338
420 140716 114338
421 140723 114338
422 140714 114153
423 140722 114153
424 140710 114153
425 140701 114153
426 140701 114153
427 140711 114153
428 140715 114153
429 140745 114153
430 140742 114153
431 140735 114153
432 140745 114153
433 140736 114153
434 140733 114153
435 140746 114153
436 140738 114153
437 140728 114153
438 140718 114153
439 140728 113960
440 140730 113960
441 140730 113960
442 140728 113960
443 140716 113829
444 140709 113829
445 140700 113829
446 140707 113829
447 140703 113829
448 140697 113829
449 140691 113829
450 140690 113829
451 140684 113829
452 140705 113829
453 140697 113829
454 140700 113829
455 140702 113829
456 140696 113829
457 140692 113829
458 140681 113829
459 140671 113744
460 140675 113744
461 140676 113744
462 140669 113744
463 140666 113744
464 140667 113744
465 140660 113744
466 140668 113744
467 140661 113744
468 140664 113744
469 140661 113744
470 140655 113744
471 140657 113744
472 140654 113744
473 140670 113744
474 140673 113744
475 140663 113744
476 140665 113744
477 140685 113744
478 140689 113744
479 140693 113744
480 140696 113744
481 140687 113740
482 140683 113740
483 140672 113740
484 140687 113740
485 140681 113740
486 140682 113740
487 140690 113740
488 140684 113740
489 140684 113740
490 140711 113740
491 140701 113740
492 140692 113740
493 140700 113740
494 140702 113740
495 140698 113740
496 140693 113740
497 140688 113740
498 140678 113740
499 140700 113740
500 140699 113740
501 140697 113740
502 140696 113740
503 140692 113740
504 140689 113740
505 140680 113740
506 140672 113740
507 140662 113740
508 140655 113740
509 140651 113740
510 140655 113740
511 140660 113740
512 140649 113615
513 140654 113615
514 140658 113615
515 140656 113615
516 140652 113615
517 140666 113615
518 140671 113615
519 140691 113615
520 140707 113615
521 140703 113615
522 140705 113615
523 140708 113610
524 140697 113610
525 140694 113610
526 140687 113610
527 140682 113610
528 140674 113567
529 140705 113567
530 140705 113567
531 140698 113567
532 140697 113567
533 140689 113567
534 140687 113567
535 140683 113567
536 140676 113567
537 140684 113567
538 140684 113567
539 140685 113567
540 140680 113567
541 140678 113567
542 140693 113567
543 140701 113567
544 140703 113567
545 140719 113567
546 140710 113526
547 140719 113526
548 140727 113526
549 140738 113526
550 140731 113526
551 140735 113526
552 140729 113526
553 140739 113526
554 140734 113526
555 140739 113526
556 140769 113517
557 140765 113517
558 140761 113517
559 140759 113517
560 140759 113517
561 140752 113517
562 140747 113517
563 140740 113517
564 140739 113517
565 140744 113517
566 140748 113517
567 140740 113517
568 140740 113517
569 140751 113517
570 140747 113517
571 140737 113517
572 140733 113517
573 140728 113517
574 140728 113517
575 140732 113517
576 140730 113517
577 140729 113517
578 140723 113517
579 140723 113517
580 140716 113517
581 140714 113517
582 140714 113517
583 140714 113517
584 140717 113517
585 140722 113517
586 140718 113517
587 140727 113517
588 140724 113517
589 140718 113517
590 140728 113517
591 140724 113517
592 140724 113517
593 140735 113517
594 140730 113517
595 140725 113517
596 140732 113517
597 140723 113517
598 140727 113517
599 140726 113517
600 140720 113517
601 140715 113517
602 140708 113517
603 140709 113517
604 140715 113517
605 140711 113517
606 140717 113517
607 140723 113517
608 140735 113517
609 140740 113517
610 140734 113517
611 140745 113517
612 140750 113517
613 140756 113517
614 140748 113422
615 140751 113422
616 140745 113422
617 140737 113422
618 140734 113422
619 140751 113422
620 140753 113422
621 140755 113422
622 140755 113422
623 140755 113422
624 140778 113422
625 140775 113422
626 140770 113422
627 140765 113422
628 140768 113422
629 140765 113422
630 140758 113422
631 140752 113422
632 140748 113422
633 140741 113422
634 140745 113422
635 140737 113422
636 140735 113422
637 140746 113422
638 140748 113422
639 140745 113422
640 140737 113422
641 140737 113422
642 140736 113422
643 140731 113422
644 140738 113422
645 140746 113422
646 140739 113422
647 140733 113422
648 140739 113422
649 140737 113422
650 140737 113422
651 140747 113422
652 140753 113422
653 140745 113422
654 140741 113422
655 140746 113371
656 140747 113371
657 140761 113371
658 140758 113371
659 140751 113371
660 140756 113371
661 140770 113371
662 140763 113371
663 140761 113371
664 140774 113371
665 140779 113371
666 140776 113371
667 140775 113371
668 140770 113371
669 140774 113371
670 140774 113371
671 140774 113371
672 140777 113371
673 140772 113371
674 140778 113371
675 140790 113371
676 140787 113371
677 140786 113371
678 140785 113371
679 140801 113371
680 140794 113313
681 140791 113313
682 140801 113313
683 140791 113313
684 140795 113313
685 140790 113313
686 140783 113313
687 140802 113313
688 140799 113313
689 140789 113313
690 140789 113313
691 140783 113313
692 140790 113313
693 140788 113313
694 140789 113313
695 140796 113313
696 140790 113313
697 140782 113313
698 140778 113313
699 140786 113313
700 140786 113313
701 140799 113313
702 140798 113313
703 140802 113313
704 140797 113313
705 140796 113313
706 140802 113313
707 140804 113313
708 140807 113313
709 140801 113313
710 140799 113313
711 140788 113313
712 140792 113313
713 140802 113313
714 140808 113313
715 140815 113313
716 140803 113313
717 140818 113313
718 140820 113313
719 140813 113313
720 140802 113313
721 140798 113313
722 140798 113313
723 140797 113313
724 140797 113313
725 140793 113313
726 140799 113313
727 140800 113313
728 140819 113313
729 140814 113313
730 140807 113313
731 140807 113313
732 140805 113313
733 140810 113289
734 140814 113289
735 140820 113289
736 140826 113289
737 140822 113289
738 140824 113289
739 140823 113289
740 140841 113289
741 140848 113289
742 140846 113289
743 140841 113289
744 140842 113289
745 140837 113289
746 140834 113289
747 140832 113289
748 140830 113289
749 140828 113289
750 140837 113289
751 140833 113289
752 140830 113289
753 140825 113289
754 140830 113289
755 140832 113289
756 140844 113289
757 140857 113289
758 140849 113289
759 140851 113289
760 140852 113289
761 140854 113289
762 140856 113289
763 140868 113289
764 140878 113289
765 140872 113289
766 140874 113289
767 140879 113289
768 140873 113289
769 140872 113289
770 140875 113289
771 140883 113289
772 140888 113289
773 140884 113289
774 140884 113289
775 140886 113289
776 140886 113289
777 140881 113289
778 140879 113289
779 140886 113289
780 140892 113289
781 140892 113289
782 140903 113289
783 140898 113289
784 140894 113289
785 140888 113289
786 140887 113289
787 140888 113289
788 140884 113289
789 140885 113289
790 140882 113289
791 140887 113289
792 140885 113289
793 140881 113289
794 140882 113289
795 140878 113289
796 140875 113289
797 140882 113147
798 140889 113147
799 140888 113147
800 140891 113147
801 140892 113147
802 140897 113147
803 140898 113147
804 140896 113147
805 140888 113147
806 140883 113147
807 140887 113147
808 140900 113147
809 140897 113147
810 140901 113147
811 140911 113147
812 140917 113147
813 140911 113147
814 140911 113147
815 140915 113147
816 140909 113147
817 140908 113147
818 140913 113147
819 140914 113147
820 140910 113147
821 140907 113147
822 140907 113147
823 140910 113147
824 140906 113147
825 140916 113147
826 140912 113147
827 140908 113147
828 140911 113147
829 140905 113147
830 140902 113147
831 140910 113147
832 140907 113147
833 140904 113147
834 140904 113147
835 140906 113147
836 140912 113147
837 140909 113117
838 140909 113117
839 140905 113117
840 140905 113117
841 140904 113117
842 140894 113106
843 140892 113106
844 140894 113106
845 140899 113106
846 140900 113106
847 140901 113106
848 140906 113106
849 140924 113106
850 140924 113106
851 140926 113106
852 140923 113106
853 140929 113106
854 140925 113106
855 140926 113106
856 140922 113106
857 140917 113106
858 140918 113106
859 140918 113106
860 140916 113106
861 140914 113106
862 140914 113106
863 140911 113106
864 140909 113106
865 140909 113106
866 140906 113106
867 140916 113106
868 140916 113106
869 140917 113106
870 140912 113106
871 140914 113106
872 140913 113106
873 140914 113106
874 140912 113106
875 140908 113106
876 140905 113106
877 140900 113106
878 140899 113106
879 140892 113106
880 140892 113106
881 140898 113106
882 140897 113106
883 140892 113106
884 140899 113106
885 140899 113106
886 140902 113106
887 140900 113106
888 140893 113071
889 140890 113071
890 140887 113071
891 140883 113071
892 140882 113071
893 140886 113071
894 140888 113071
895 140885 113071
896 140885 113071
897 140882 113071
898 140879 113071
899 140877 113071
900 140885 113071
901 140882 113071
902 140888 113071
903 140885 113071
904 140884 112939
905 140886 112939
906 140881 112939
907 140874 112939
908 140871 112939
909 140867 112939
910 140870 112939
911 140863 112939
912 140859 112939
913 140854 112939
914 140863 112939
915 140867 112939
916 140862 112939
917 140863 112939
918 140866 112939
919 140862 112939
920 140856 112939
921 140855 112939
922 140853 112939
923 140858 112939
924 140852 112939
