0 251743 251743
1 248584 229845
2 245004 224811
3 243197 221262
4 241221 220405
5 240368 219334
6 239592 218833
7 239493 218086
8 238878 217260
9 238837 217260
10 238577 216774
11 238336 216570
12 238714 216238
13 238541 216238
14 238550 215449
15 238359 214755
16 238423 214720
17 238631 214367
18 238455 213974
19 238513 213758
20 238753 213565
21 239016 213396
22 238881 213396
23 239130 213396
24 238985 213372
25 238877 213372
26 238638 213372
27 238698 213231
28 238692 213150
29 238463 212969
30 238420 212832
31 238503 212680
32 238438 212467
33 238260 212367
34 238220 212217
35 238004 212062
36 238032 212062
37 237976 212062
38 238038 211589
39 238003 211345
40 237921 211145
41 237736 211133
42 237898 211133
43 237952 211133
44 238023 211059
45 238056 210884
46 238107 210884
47 237980 210835
48 237924 210760
49 237792 210760
50 237747 210741
51 237565 210720
52 237494 210612
53 237517 210612
54 237476 210612
55 237452 210612
56 237450 210492
57 237304 210252
58 237301 210252
59 237207 210252
60 237262 210252
61 237293 209910
62 237215 209563
63 237295 209563
64 237318 209403
65 237449 209403
66 237417 209334
67 237351 209334
68 237328 209142
69 237283 209142
70 237372 209142
71 237511 209142
72 237434 209142
73 237418 209018
74 237401 209018
75 237377 208917
76 237438 208888
77 237401 208559
78 237305 208381
79 237278 208381
80 237274 208381
81 237265 208255
82 237256 208255
83 237344 208255
84 237291 208255
85 237269 208217
86 237240 208137
87 237285 208137
88 237325 208137
89 237350 208083
90 237428 208083
91 237457 208083
92 237397 208083
93 237514 208083
94 237506 208083
95 237538 208083
96 237527 208083
97 237553 208083
98 237527 208083
99 237502 207650
100 237430 207650
101 237371 207650
102 237391 207458
103 237384 207458
104 237459 207395
105 237432 207362
106 237525 207362
107 237485 207362
108 237473 207362
109 237458 206911
110 237438 206911
111 237512 206911
112 237486 206911
113 237494 206911
114 237491 206911
115 237488 206911
116 237450 206911
117 237429 206911
118 237519 206911
119 237517 206444
120 237535 206323
121 237588 206307
122 237586 206307
123 237594 206307
124 237557 206289
125 237545 206258
126 237560 206258
127 237544 205992
128 237583 205992
129 237591 205992
130 237583 205830
131 237590 205830
132 237643 205830
133 237686 205830
134 237715 205830
135 237742 205830
136 237703 205830
137 237683 205830
138 237688 205830
139 237671 205830
140 237691 205830
141 237654 205830
142 237638 205349
143 237595 205349
144 237602 205349
145 237565 205088
146 237589 205088
147 237545 204336
148 237526 204092
149 237514 203946
150 237470 203946
151 237452 203946
152 237459 203946
153 237424 203873
154 237415 203873
155 237414 203873
156 237401 203820
157 237443 203820
158 237465 203820
159 237474 203820
160 237536 203820
161 237596 203820
162 237668 203820
163 237639 203820
164 237647 203820
165 237635 203820
166 237649 203820
167 237636 203820
168 237588 203820
169 237620 203820
170 237618 203820
171 237679 203820
172 237652 203820
173 237661 203819
174 237634 203819
175 237625 203819
176 237637 203819
177 237699 203805
178 237684 203805
179 237703 203805
180 237770 203805
181 237848 203805
182 237839 203805
183 237837 203805
184 237889 203805
185 237911 203638
186 237940 203638
187 237911 203638
188 237944 203638
189 237980 203638
190 237970 203638
191 237954 203638
192 237959 203613
193 237944 203427
194 237890 203071
195 237928 203071
196 237918 203001
197 237904 203001
198 237879 203001
199 237866 203001
200 237842 203001
201 237814 202955
202 237840 202955
203 237864 202955
204 237878 202955
205 237866 202924
206 237844 202813
207 237855 202813
208 237846 202813
209 237822 202813
210 237853 202692
211 237847 202444
212 237839 202444
213 237861 202444
214 237892 202444
215 237884 202444
216 237891 202444
217 237883 202444
218 237869 202444
219 237869 202444
220 237877 202444
221 237895 202444
222 237889 202444
223 237940 202444
224 237933 202444
225 237936 202176
226 237926 202176
227 237918 202176
228 237896 202176
229 237876 202176
230 237869 202176
231 237889 202176
232 237893 202176
233 237907 202176
234 237923 202176
235 237923 202176
236 237906 202176
237 237897 202176
238 237912 202176
239 237902 202176
240 237937 202176
241 237948 202176
242 237959 202176
243 237953 202176
244 237964 202176
245 237962 202010
246 237977 202010
247 238001 202010
248 237993 202010
249 238018 202010
250 237996 202010
251 238005 202010
252 238028 202010
253 238043 202010
254 238028 202010
255 238012 201874
256 237996 201874
257 238006 201874
258 237977 201874
259 237981 201874
260 237989 201874
261 238021 201874
262 238044 201874
263 238067 201874
264 238046 201874
265 238031 201874
266 238019 201874
267 238010 201874
268 238051 201874
269 238048 201874
270 238069 201874
271 238080 201874
272 238086 201874
273 238081 201874
274 238060 201874
275 238052 201874
276 238055 201874
277 238058 201874
278 238042 201874
279 238045 201874
280 238044 201874
281 238048 201874
282 238029 201874
283 238025 201874
284 238027 201874
285 238004 201720
286 238027 201720
287 238016 201720
288 237990 201720
289 237988 201720
290 237980 201642
291 237978 201642
292 238027 201642
293 238052 201642
294 238071 201642
295 238063 201642
296 238067 201642
297 238055 201642
298 238042 201642
299 238050 201642
300 238053 201642
301 238056 201642
302 238049 201642
303 238036 201642
304 238026 201642
305 238004 201642
306 237988 201642
307 237985 201642
308 238002 201642
309 237986 201642
310 237964 201642
311 237956 201642
312 237954 201642
313 237947 201642
314 237957 201642
315 237953 201642
316 237964 201642
317 237943 201642
318 237936 201642
319 237927 201642
320 237957 201642
321 237958 201642
322 237967 201642
323 237945 201444
324 237940 201444
325 237961 201444
326 237956 201424
327 237938 201424
328 237929 201424
329 237936 201424
330 237945 201424
331 237935 201424
332 237948 201424
333 237930 201424
334 237928 201424
335 237911 201424
336 237895 201424
337 237889 201424
338 237889 201424
339 237884 201424
340 237902 201424
341 237901 201424
342 237921 201424
343 237907 201325
344 237923 201325
345 237939 201325
346 237942 201325
347 237937 201325
348 237947 201325
349 237947 201325
350 237942 201325
351 237940 201325
352 237928 201325
353 237920 201325
354 237915 201325
355 237903 201325
356 237911 201325
357 237920 201325
358 237923 201325
359 237934 201325
360 237967 201325
361 237944 201325
362 237969 201325
363 237969 201325
364 237974 201325
365 237966 201325
366 237975 201325
367 237971 201325
368 237978 201325
369 237988 201325
370 237983 201325
371 237984 201325
372 237983 201325
373 237982 201325
374 238020 201325
375 238015 201325
376 237993 201325
377 238001 201223
378 238005 201114
379 238008 201114
380 238001 201114
381 238003 201114
382 237997 201114
383 237982 201114
384 237986 201114
385 237984 201114
386 237987 201114
387 237989 201114
388 238004 201114
389 238009 201114
390 237999 201114
391 237994 201114
392 237988 201114
393 237974 201114
394 237961 201114
395 237954 201114
396 237954 201114
397 237950 201114
398 237949 201114
399 237950 201114
400 237940 201114
401 237945 201114
402 237938 201114
403 237935 200922
404 237934 200922
405 237946 200922
406 237967 200922
407 237956 200922
408 237950 200922
409 237980 200922
410 237981 200922
411 237973 200800
412 237965 200800
413 237962 200800
414 237967 200800
415 237968 200800
416 237972 200800
417 237971 200800
418 237975 200800
419 237973 200800
420 237982 200800
421 237993 200800
422 237983 200800
423 237979 200800
424 237971 200800
425 237971 200800
426 237967 200800
427 237961 200800
428 237977 200800
429 237976 200800
430 237976 200800
431 237984 200800
432 237967 200746
433 237959 200746
434 237964 200746
435 237969 200746
436 237986 200746
437 237974 200746
438 237980 200746
439 237976 200746
440 237977 200690
441 237967 200690
442 237954 200690
443 237945 200690
444 237938 200690
445 237936 200690
446 237929 200690
447 237941 200690
448 237937 200690
449 237943 200690
450 237954 200690
451 237987 200690
452 237987 200690
453 237996 200606
454 237987 200606
455 237992 200606
456 237998 200606
457 238004 200606
458 238070 200606
459 238103 200606
460 238116 200606
461 238116 200606
462 238112 200606
463 238107 200606
464 238103 200606
465 238102 200606
466 238109 200606
467 238095 200606
468 238093 200606
469 238102 200606
470 238094 200606
471 238090 200606
472 238096 200473
473 238099 200473
474 238091 200473
475 238086 200473
476 238081 200473
477 238081 200473
478 238078 200473
479 238070 200473
480 238061 200473
481 238061 200473
482 238056 200473
483 238050 200473
484 238045 200473
485 238034 200473
486 238021 200473
487 238006 200473
488 238004 200433
489 238003 200433
490 238005 200433
491 238010 200433
492 238011 200200
493 238027 200200
494 238027 200200
495 238016 200092
496 238012 199845
497 238020 199845
498 238016 199845
499 238034 199845
500 238037 199845
501 238027 199845
502 238011 199845
503 238005 199845
504 238003 199845
505 238005 199845
506 238004 199845
507 238010 199845
508 238012 199845
509 238036 199845
510 238053 199845
511 238048 199845
512 238043 199845
513 238031 199845
514 238033 199845
515 238028 199845
516 238017 199845
517 238012 199845
518 238008 199845
519 238005 199845
520 237998 199845
521 237987 199845
522 237982 199845
523 237976 199845
524 237971 199845
525 237965 199845
526 237957 199845
527 237947 199845
528 237946 199845
529 237957 199845
530 237956 199845
531 237949 199845
532 237940 199845
533 237942 199845
534 237955 199845
535 237953 199845
536 237956 199845
537 237980 199845
538 237987 199845
539 237984 199845
540 238000 199845
541 238018 199845
542 238022 199845
543 238028 199845
544 238017 199845
545 238018 199845
546 238021 199621
547 238010 199621
548 238008 199621
549 238020 199621
550 238034 199621
551 238022 199621
552 238018 199621
553 238022 199621
554 238021 199621
555 238020 199621
556 238021 199621
557 238012 199621
558 238006 199621
559 238006 199621
560 237999 199621
561 237992 199621
562 238007 199621
563 238013 199621
564 237999 199621
565 237993 199621
566 237995 199621
567 237995 199621
568 237993 199621
569 237999 199621
570 237985 199621
571 237985 199621
572 237977 199621
573 237972 199621
574 237988 199621
575 237993 199621
576 237998 199621
577 237991 199621
578 237994 199621
579 238013 199621
580 238019 199552
581 238024 199552
582 238041 199552
583 238056 199552
584 238047 199552
585 238042 199552
586 238040 199552
587 238049 199552
588 238064 199552
589 238066 199552
590 238066 199552
591 238068 199552
592 238078 199552
593 238077 199552
594 238080 199552
595 238089 199552
596 238094 199552
597 238083 199552
598 238073 199552
599 238063 199552
600 238062 199552
601 238065 199552
602 238069 199552
603 238075 199552
604 238077 199552
605 238079 199552
606 238071 199552
607 238063 199552
608 238058 199552
609 238059 199552
610 238058 199552
611 238049 199552
612 238050 199552
613 238043 199552
614 238042 199552
615 238040 199552
616 238044 199552
617 238042 199552
618 238041 199552
619 238038 199552
620 238038 199552
621 238041 199552
622 238041 199552
623 238026 199552
624 238019 199552
625 238014 199552
626 238006 199552
627 237999 199552
628 237994 199552
629 237994 199552
630 238019 199552
631 238016 199552
632 238015 199552
633 238008 199552
634 237997 199552
635 237994 199552
636 237984 199552
637 237978 199552
638 237972 199552
639 237963 199514
640 237960 199514
641 237957 199514
642 237953 199514
643 237947 199514
644 237937 199511
645 237955 199511
646 237951 199511
647 237953 199511
648 237954 199511
649 237948 199511
650 237939 199511
651 237951 199511
652 237941 199511
653 237939 199511
654 237933 199511
655 237936 199511
656 237932 199511
657 237927 199511
658 237920 199511
659 237918 199511
660 237916 199511
661 237911 199511
662 237907 199511
663 237913 199511
664 237911 199511
665 237907 199511
666 237907 199511
667 237904 199511
668 237902 199511
669 237897 199511
670 237895 199511
671 237892 199511
672 237902 199511
673 237916 199511
674 237908 199511
675 237900 199511
676 237910 199511
677 237912 199511
678 237918 199511
679 237910 199511
680 237914 199511
681 237912 199511
682 237917 199511
683 237910 199511
684 237905 199511
685 237898 199511
686 237911 199511
687 237904 199511
688 237898 199286
689 237894 199286
690 237891 199286
691 237885 199286
692 237881 199286
693 237880 199286
694 237884 199286
695 237895 199286
696 237895 199286
697 237901 199286
698 237894 199286
699 237893 199268
700 237890 199268
701 237893 199268
702 237916 199268
703 237909 199268
704 237900 199268
705 237893 199268
706 237891 199268
707 237898 199268
708 237906 199268
709 237906 199268
710 237906 199268
711 237904 199268
712 237904 199268
713 237897 199268
714 237895 199268
715 237890 199268
716 237892 199268
717 237903 199268
718 237910 199268
719 237907 199268
720 237898 199268
721 237899 199268
722 237903 199268
723 237898 199268
724 237908 199268
725 237903 199268
726 237909 199268
727 237900 199268
728 237894 199268
729 237889 199268
730 237889 199268
731 237888 199268
732 237876 199268
733 237873 199268
734 237877 199268
735 237890 199268
736 237889 199268
737 237892 199268
738 237899 199268
739 237898 199268
740 237901 199268
741 237918 199268
742 237917 199268
743 237915 199268
744 237907 199268
745 237920 199268
746 237920 199268
747 237916 199268
748 237924 199268
749 237921 199268
750 237922 199268
751 237924 199268
752 237941 199268
753 237944 199268
754 237938 199268
755 237938 199268
756 237936 199268
757 237937 199268
758 237948 199268
759 237944 199268
760 237942 199268
761 237936 199268
762 237945 199268
763 237938 199268
764 237933 199268
765 237932 199268
766 237939 199268
767 237929 199268
768 237926 199268
769 237934 199268
770 237929 199268
771 237931 199268
772 237923 199268
773 237932 199268
774 237930 199268
775 237928 199268
776 237937 199268
777 237936 199268
778 237933 199268
779 237944 199268
780 237940 199268
781 237937 199268
782 237934 199268
783 237932 199268
784 237924 199268
785 237919 199268
786 237917 199268
787 237921 199268
788 237924 199268
789 237934 199268
790 237932 199268
791 237935 199104
792 237940 199104
793 237956 199104
794 237956 199104
795 237981 199104
796 237975 199104
797 237993 199104
798 237998 199104
799 238008 199104
800 238015 199104
801 238010 199104
802 238008 199104
803 238006 199104
804 238007 199104
805 238001 199104
806 238001 199104
807 237993 199104
808 237995 199104
809 238005 199104
810 238010 199104
811 238012 199104
812 238009 199104
813 238004 199104
814 238013 199104
815 238010 199104
816 238009 199104
817 238011 199104
818 238015 199104
819 238015 199049
820 238008 199049
821 238005 198930
822 238024 198930
823 238030 198930
824 238032 198930
825 238036 198930
826 238058 198930
827 238056 198930
828 238059 198930
829 238057 198930
830 238052 198930
831 238043 198930
832 238034 198930
833 238031 198930
834 238032 198930
835 238038 198930
836 238043 198930
837 238045 198930
838 238049 198930
839 238046 198930
840 238044 198930
841 238042 198930
842 238033 198930
843 238031 198930
844 238028 198930
845 238021 198865
846 238029 198865
847 238029 198865
848 238026 198865
849 238032 198865
850 238028 198865
851 238027 198865
852 238021 198865
853 238018 198865
854 238014 198865
855 238017 198865
856 238011 198865
857 238008 198865
858 238009 198865
859 238009 198865
860 238009 198865
861 238009 198865
862 238009 198865
863 238004 198865
864 238003 198865
865 238001 198865
866 237997 198865
867 237999 198865
868 238001 198865
869 238008 198865
870 238004 198865
871 238003 198865
872 238002 198865
873 238006 198865
874 238005 198865
875 237999 198865
876 237997 198865
877 238002 198865
878 237998 198865
879 237994 198865
880 238006 198865
881 238001 198865
882 237999 198865
883 238000 198865
884 237996 198865
885 237997 198865
886 238008 198865
887 238011 198865
888 238004 198865
889 238011 198865
890 238019 198865
891 238020 198865
892 238019 198865
893 238025 198865
894 238026 198865
895 238026 198865
896 238019 198865
897 238019 198865
898 238012 198828
899 238005 198828
900 237999 198828
901 238000 198828
902 237995 198828
903 237995 198828
904 237993 198828
905 237993 198828
906 237997 198828
907 237997 198828
908 237995 198828
909 238000 198828
910 237994 198828
911 237992 198828
912 237995 198828
913 238005 198828
914 238013 198828
915 238014 198828
916 238017 198828
917 238016 198828
918 238011 198828
919 238013 198828
920 238010 198828
921 238014 198828
922 238011 198828
923 238011 198828
924 238013 198828
925 238012 198828
926 238007 198828
927 238004 198828
928 238008 198828
929 238006 198828
930 238012 198828
931 238013 198828
932 238032 198828
933 238031 198828
934 238031 198828
935 238040 198828
936 238038 198828
937 238038 198828
938 238045 198828
939 238042 198828
940 238039 198828
941 238038 198828
942 238038 198828
943 238033 198828
944 238029 198828
945 238027 198828
946 238027 198828
947 238026 198828
948 238025 198828
949 238022 198828
950 238023 198828
951 238027 198828
952 238023 198828
953 238023 198828
954 238017 198828
955 238017 198828
956 238024 198828
957 238018 198828
958 238021 198828
959 238021 198828
960 238016 198828
961 238014 198828
962 238012 198828
963 238011 198828
964 238006 198828
965 238006 198828
966 238013 198828
967 238013 198828
968 238031 198828
969 238035 198828
970 238032 198828
971 238029 198828
972 238027 198828
973 238025 198828
974 238025 198828
975 238033 198828
976 238030 198828
977 238035 198828
978 238038 198828
979 238036 198828
980 238039 198828
981 238036 198828
982 238033 198828
983 238032 198828
984 238038 198828
985 238038 198828
986 238054 198828
987 238052 198828
988 238048 198828
989 238043 198828
990 238044 198828
991 238048 198828
992 238048 198828
993 238045 198828
994 238051 198828
995 238049 198828
996 238048 198828
997 238056 198818
998 238055 198818
999 238056 198818
1000 238055 198818
1001 238053 198818
1002 238059 198818
1003 238060 198818
1004 238066 198818
1005 238065 198818
1006 238061 198818
1007 238063 198818
1008 238059 198818
1009 238053 198818
1010 238054 198818
1011 238059 198818
1012 238059 198818
1013 238056 198818
1014 238052 198818
1015 238056 198818
1016 238058 198818
1017 238060 198818
1018 238059 198818
1019 238065 198818
1020 238066 198818
1021 238070 198818
1022 238070 198818
1023 238071 198818
1024 238070 198818
1025 238067 198818
1026 238069 198818
1027 238071 198818
1028 238075 198818
1029 238074 198818
1030 238079 198818
1031 238076 198818
1032 238082 198818
1033 238080 198818
1034 238078 198818
1035 238076 198818
1036 238070 198818
1037 238076 198818
1038 238077 198818
1039 238077 198818
1040 238081 198818
1041 238082 198818
1042 238079 198818
1043 238085 198818
1044 238085 198818
1045 238084 198818
1046 238090 198818
1047 238082 198818
1048 238078 198818
1049 238074 198818
1050 238071 198818
1051 238071 198818
1052 238083 198818
1053 238076 198818
1054 238072 198818
1055 238073 198818
1056 238075 198818
1057 238073 198818
1058 238079 198818
1059 238078 198818
1060 238070 198818
1061 238069 198818
1062 238065 198818
1063 238063 198818
1064 238060 198818
1065 238062 198818
1066 238065 198818
1067 238067 198818
1068 238066 198818
1069 238064 198818
1070 238071 198818
1071 238069 198818
1072 238065 198818
1073 238064 198818
1074 238060 198818
1075 238057 198818
1076 238062 198818
1077 238064 198818
1078 238060 198818
1079 238062 198818
1080 238056 198818
1081 238059 198818
1082 238056 198818
1083 238057 198818
1084 238056 198818
1085 238064 198818
1086 238061 198818
1087 238065 198818
1088 238063 198818
1089 238058 198818
1090 238055 198818
1091 238055 198818
1092 238047 198818
1093 238052 198818
1094 238046 198818
1095 238044 198818
1096 238040 198818
1097 238035 198818
1098 238038 198818
1099 238039 198818
1100 238047 198818
1101 238045 198818
1102 238041 198818
1103 238043 198818
1104 238043 198818
1105 238043 198818
1106 238038 198818
1107 238044 198818
1108 238041 198818
1109 238045 198818
1110 238044 198818
1111 238043 198818
1112 238039 198818
1113 238039 198818
1114 238039 198818
1115 238034 198818
1116 238042 198818
1117 238040 198818
1118 238046 198818
1119 238048 198818
1120 238045 198818
1121 238043 198818
1122 238040 198818
1123 238043 198818
1124 238052 198818
1125 238048 198818
1126 238048 198818
1127 238049 198818
1128 238050 198676
1129 238048 198676
1130 238059 198676
1131 238065 198676
1132 238067 198676
1133 238069 198676
1134 238076 198676
1135 238072 198676
1136 238066 198676
1137 238069 198676
1138 238063 198676
1139 238060 198676
1140 238061 198676
1141 238058 198676
1142 238058 198676
1143 238060 198676
1144 238062 198676
1145 238061 198676
1146 238062 198676
1147 238058 198676
1148 238053 198676
1149 238054 198676
1150 238054 198676
1151 238053 198676
1152 238055 198676
1153 238053 198676
1154 238059 198676
1155 238059 198676
1156 238059 198676
1157 238052 198676
1158 238047 198676
1159 238047 198676
1160 238050 198676
1161 238059 198676
1162 238057 198676
1163 238054 198676
1164 238050 198676
1165 238047 198676
1166 238049 198676
1167 238041 198676
1168 238037 198676
1169 238036 198676
1170 238030 198676
1171 238030 198676
1172 238027 198676
1173 238021 198620
1174 238022 198620
1175 238026 198620
1176 238039 198620
1177 238043 198539
1178 238037 198493
1179 238038 198493
1180 238039 198493
1181 238033 198493
1182 238030 198493
1183 238033 198493
1184 238046 198493
1185 238045 198493
1186 238043 198493
1187 238051 198493
1188 238055 198493
1189 238058 198493
1190 238058 198493
1191 238066 198493
1192 238072 198493
1193 238068 198493
1194 238066 198493
1195 238066 198493
1196 238060 198493
1197 238061 198493
1198 238062 198493
1199 238063 198493
1200 238058 198493
1201 238057 198493
1202 238052 198493
1203 238049 198493
1204 238055 198493
1205 238057 198493
1206 238060 198493
1207 238057 198493
1208 238056 198493
1209 238065 198493
1210 238065 198493
1211 238067 198493
1212 238066 198493
1213 238069 198493
1214 238069 198481
1215 238069 198481
1216 238073 198481
1217 238068 198481
1218 238072 198481
1219 238071 198481
1220 238071 198481
1221 238082 198481
1222 238079 198481
1223 238076 198481
1224 238080 198481
1225 238082 198481
1226 238080 198481
1227 238076 198481
1228 238082 198481
1229 238085 198481
1230 238082 198481
1231 238079 198481
1232 238074 198481
1233 238075 198481
1234 238068 198481
1235 238068 198481
1236 238067 198481
1237 238073 198481
1238 238070 198481
1239 238075 198481
1240 238084 198481
1241 238088 198481
1242 238085 198481
1243 238084 198481
1244 238093 198481
1245 238092 198481
1246 238091 198481
1247 238087 198481
1248 238083 198481
1249 238080 198481
1250 238077 198366
1251 238075 198366
1252 238070 198366
1253 238073 198366
1254 238074 198366
1255 238070 198366
1256 238070 198366
1257 238075 198366
1258 238076 198366
1259 238077 198366
1260 238078 198366
1261 238082 198366
1262 238079 198366
1263 238086 198366
1264 238091 198366
1265 238090 198366
1266 238089 198366
1267 238089 198366
1268 238086 198366
1269 238093 198366
1270 238095 198366
1271 238097 198366
1272 238098 198366
1273 238101 198366
1274 238099 198366
1275 238099 198366
1276 238100 198366
1277 238094 198366
1278 238090 198366
1279 238088 198366
1280 238088 198366
1281 238086 198366
1282 238088 198366
1283 238094 198366
1284 238097 198366
1285 238095 198366
1286 238095 198366
1287 238095 198366
1288 238094 198366
1289 238100 198366
1290 238101 198366
1291 238099 198366
1292 238099 198366
1293 238100 198366
1294 238097 198366
1295 238095 198366
1296 238090 198366
1297 238087 198366
1298 238091 198366
1299 238095 198366
1300 238101 198366
1301 238102 198366
1302 238099 198366
1303 238096 198366
1304 238090 198366
1305 238092 198366
1306 238093 198366
1307 238091 198366
1308 238088 198366
1309 238088 198366
1310 238088 198366
1311 238090 198366
1312 238088 198366
1313 238093 198366
1314 238090 198366
1315 238087 198366
1316 238091 198366
1317 238090 198366
1318 238095 198366
1319 238092 198366
1320 238090 198366
1321 238090 198366
1322 238083 198366
1323 238079 198366
1324 238080 198366
1325 238079 198366
1326 238077 198366
1327 238075 198366
1328 238073 198366
1329 238077 198366
1330 238075 198366
1331 238079 198366
1332 238082 198366
1333 238081 198366
1334 238079 198366
1335 238080 198366
1336 238084 198366
1337 238084 198366
1338 238082 198366
1339 238082 198366
1340 238082 198366
1341 238082 198366
1342 238079 198366
1343 238079 198366
1344 238075 198366
1345 238078 198366
1346 238076 198206
1347 238076 198206
1348 238081 198206
1349 238079 198206
