0 350060 350060
1 325594 230359
2 322266 227323
3 316642 222065
4 312376 220909
5 304320 219508
6 296977 218703
7 299627 218703
8 300112 218234
9 301898 218100
10 304784 217656
11 304040 217239
12 303936 216937
13 304637 216405
14 302498 215525
15 304576 215234
16 309011 214587
17 305766 214415
18 306394 213998
19 302957 213380
20 300849 212015
21 300259 211767
22 299401 211711
23 298371 211255
24 299264 210836
25 297453 210836
26 297373 209872
27 296108 209496
28 295278 209368
29 293429 208710
30 292662 208710
31 292691 208597
32 291870 208356
33 292851 208015
34 291280 207835
35 289987 207617
36 290051 207442
37 290253 207182
38 290107 207102
39 288802 206931
40 288830 206799
41 287727 206650
42 288062 205745
43 288378 205594
44 289069 204788
45 289223 204711
46 290308 204381
47 291201 203932
48 291409 203367
49 291968 203367
50 293385 203007
51 293619 203007
52 293263 202587
53 292232 202575
54 292234 202540
55 292167 202108
56 291671 201575
57 291912 201396
58 290762 200087
59 290624 199731
60 289725 199541
61 289794 199508
62 289304 199443
63 288926 199436
64 288234 199293
65 288007 199293
66 287407 199293
67 287858 198865
68 287917 198373
69 287418 197920
70 287196 197920
71 287321 197220
72 287041 197141
73 288149 197089
74 288718 197004
75 288508 195890
76 288390 195890
77 288661 195890
78 288648 195733
79 288199 195733
80 287908 195482
81 288733 195482
82 288414 195166
83 288216 195004
84 288351 194845
85 289022 194677
86 289511 194452
87 288698 193420
88 288020 192964
89 288121 191666
90 287591 191449
91 286969 191065
92 286497 190309
93 285916 190137
94 285442 190068
95 285533 190068
96 285040 190068
97 284739 189944
98 284529 189944
99 285048 189709
100 284661 189178
101 285389 189178
102 285318 188472
103 285370 188472
104 285173 188392
105 285579 188138
106 285281 187943
107 285373 187357
108 285368 187164
109 284998 186419
110 285952 186311
111 285545 186220
112 285128 185041
113 284761 184907
114 285125 184784
115 284883 184737
116 285760 183512
117 285447 182987
118 285248 182987
119 285220 182987
120 284947 182987
121 284543 182538
122 284947 182450
123 285554 182281
124 285784 181667
125 285506 181667
126 286617 180844
127 286341 180318
128 286081 179253
129 287186 179178
130 287249 178853
131 287283 178549
132 288041 178271
133 288487 178271
134 288415 178271
135 288451 177836
136 287976 176684
137 288008 176319
138 288170 175488
139 287832 174650
140 288708 173949
141 288171 173724
142 287583 173678
143 288169 173115
144 288598 172701
145 288174 172589
146 288069 171733
147 287740 171433
148 287559 171404
149 287405 171020
150 287289 171020
151 287424 170552
152 287683 170200
153 288379 169570
154 288626 169272
155 288414 168894
156 288515 168274
157 289680 167475
158 289691 167292
159 290153 167094
160 290632 167094
161 290556 166699
162 290580 166133
163 291675 166098
164 291892 165979
165 291666 164679
166 291760 164261
167 292124 163758
168 292275 162365
169 292322 161486
170 292276 161008
171 292741 160919
172 292765 160346
173 292839 159114
174 292486 158671
175 292304 158671
176 291914 158159
177 292168 157277
178 292743 157195
179 292719 156938
180 293243 156790
181 293006 156504
182 293138 156504
183 293044 156100
184 293451 156017
185 293649 155735
186 293636 155735
187 293502 155352
188 293698 155352
189 293591 155300
190 293699 155300
191 293243 154658
192 293910 154492
193 294150 154124
194 294139 153897
195 294358 153897
196 294236 153888
197 293814 153529
198 294582 153529
199 294516 153283
200 294705 152812
201 295027 152334
202 294937 151213
203 295449 151155
204 295557 150935
205 295292 150678
206 295812 150678
207 295821 150358
208 295638 149886
209 296206 149539
210 296134 149218
211 296290 148893
212 296253 148097
213 296707 147911
214 296756 147911
215 297399 147471
216 297129 147436
217 296979 147304
218 296852 147123
219 297460 147021
220 297344 146942
221 297900 146697
222 298053 146515
223 298105 146028
224 298819 145893
225 299095 145803
226 299513 145590
227 300017 145127
228 299912 144873
229 299768 144110
230 300151 144110
231 300940 143713
232 301235 143713
233 301371 143470
234 301102 143220
235 301367 142798
236 301647 142798
237 301761 142798
238 301905 142666
239 301990 142650
240 301703 141824
241 301992 141345
242 302248 140975
243 302634 140975
244 302737 140975
245 302648 140395
246 302482 140329
247 302805 140329
248 302569 140143
249 302538 139884
250 303068 139633
251 303593 139633
252 303560 139308
253 303826 139024
254 304289 138576
255 304308 138400
256 304206 138400
257 304293 137771
258 304714 137762
259 304664 137609
260 304851 137496
261 304617 137496
262 304474 137496
263 304368 137417
264 304644 137161
265 305401 136851
266 305907 136775
267 305795 136762
268 305811 136624
269 306017 135944
270 306716 135944
271 306502 135480
272 306335 134649
273 306282 134271
274 306162 133922
275 306060 133065
276 305725 133065
277 306242 132684
278 306448 131624
279 306236 131624
280 306201 131526
281 306234 131401
282 305928 131312
283 305945 131088
284 306029 130944
285 306293 130765
286 306389 130765
287 306552 130765
288 306720 130289
289 307063 130289
290 307600 130289
291 308121 130289
292 307917 130197
293 307818 129988
294 307816 129988
295 307808 129988
296 307773 129688
297 307725 129405
298 308202 129173
299 308381 129173
300 308298 128531
301 308692 128403
302 309013 128078
303 308719 127918
304 309267 127907
305 309733 127853
306 309446 127281
307 309461 127281
308 310003 127281
309 310213 127281
310 310126 127165
311 310406 127165
312 310406 127153
313 310511 127151
314 310538 127151
315 310448 126975
316 310773 126651
317 310884 126554
318 311010 126418
319 310801 126418
320 311083 126418
321 311563 126056
322 311630 125872
323 311500 125872
324 311348 125872
325 311690 125872
326 312193 125872
327 311937 125751
328 312791 125751
329 312956 125701
330 313688 125701
331 313668 125692
332 313704 125692
333 314034 125692
334 314046 125692
335 314028 125687
336 314226 125573
337 314291 125482
338 314201 125482
339 314660 125451
340 314581 125293
341 314853 125293
342 314982 125170
343 315310 125170
344 315865 125170
345 316175 124595
346 315959 124595
347 316691 124595
348 316900 124595
349 317032 124569
350 317044 124512
351 317322 124512
352 318291 124423
353 318409 124355
354 318311 124355
355 318631 124355
356 318833 124355
357 319126 124355
358 318747 124258
359 318690 124258
360 319171 123835
361 319381 123796
362 319404 123725
363 319118 123570
364 318905 123394
365 319021 122906
366 319258 122806
367 319282 122806
368 319458 122747
369 319642 122747
370 319779 122736
371 319704 122736
372 319712 122736
373 319906 122736
374 319757 122407
375 319726 122084
376 320416 122084
377 320423 121721
378 320755 121721
379 320907 121721
380 321270 121601
381 321158 121601
382 321458 121601
383 321673 121601
384 321776 121601
385 321994 121601
386 321987 121601
387 321890 121601
388 322091 121601
389 322380 121474
390 322384 121162
391 322839 121162
392 323170 121162
393 323144 121145
394 323294 121145
395 323242 121043
396 323551 121043
397 323531 121043
398 323570 121043
399 323829 120840
400 324222 120840
401 324421 120840
402 324502 120202
403 324407 120202
404 324899 120202
405 324824 119627
406 324727 119627
407 324895 119627
408 325492 119627
409 325871 119627
410 325648 119627
411 325394 119627
412 325343 119627
413 325463 119627
414 325692 119627
415 325682 119627
416 326303 119627
417 326439 119627
418 326257 119627
419 326484 119627
420 326548 119627
421 326359 119627
422 326510 119465
423 326464 119465
424 326519 119465
425 326558 119465
426 326445 119388
427 326310 119388
428 326371 119388
429 326669 119388
430 326781 119388
431 326958 119388
432 326951 119388
433 327025 119346
434 326830 119346
435 326820 119292
436 327072 119292
437 327146 119292
438 327224 119292
439 327196 119263
440 327399 119172
441 327303 119172
442 327381 119172
443 327476 119172
444 327616 118896
445 328125 118896
446 328231 118896
447 328445 118896
448 328343 118896
449 328586 118810
450 328741 118810
451 328903 118810
452 329269 118810
453 329491 118762
454 329357 118762
455 329270 118762
456 329360 118658
457 329441 118597
458 330435 118597
459 330566 118587
460 330624 118587
461 330946 118587
462 331438 118587
463 331528 118587
464 331932 118587
465 332113 118587
466 332032 118416
467 332531 118416
468 332607 118416
469 332897 118416
470 332875 118416
471 333230 118416
472 333445 118416
473 333574 118228
474 333569 118228
475 333852 118126
476 334167 118126
477 334356 118126
478 334469 118126
479 334615 118126
480 334608 118126
481 334371 118126
482 334119 118126
483 334108 118126
484 334024 118126
485 334024 118126
486 334353 118126
487 334308 118126
488 334678 118126
489 334633 118126
490 334869 118126
491 334923 118126
492 334839 118126
493 334955 118126
494 334770 118126
495 334660 118126
496 334861 118126
497 335075 118126
498 335138 118016
499 335317 118016
500 335178 118016
501 335386 118016
502 335715 118016
503 335854 118016
504 335953 118016
505 335858 118016
506 336058 118016
507 336455 118016
508 336697 118016
509 336653 118016
510 336514 118016
511 336765 118016
512 337040 118016
513 337121 118016
514 337333 118016
515 337156 118016
516 337477 118016
517 337565 118009
518 337598 118009
519 338050 118009
520 338483 118009
521 338513 118009
522 338386 118009
523 338565 118009
524 338885 118009
525 338996 118009
526 339147 118009
527 339263 118009
528 339573 118009
529 339509 118009
530 339743 118009
531 339461 118009
532 339478 118009
533 339536 118009
534 339515 118009
535 339487 118009
536 339796 118009
537 339973 118009
538 340356 118009
539 340507 118009
540 341003 118009
541 341018 118009
542 341166 118009
543 340995 118009
544 341206 118009
545 341200 117956
546 341374 117956
547 341446 117956
548 341968 117956
549 341954 117956
550 341846 117956
551 342043 117956
552 341962 117956
553 341921 117956
554 341814 117956
555 342048 117956
556 341938 117956
557 341931 117956
558 342060 117956
559 342346 117906
560 342588 117734
561 342642 117734
562 342973 117734
563 343289 117734
564 343272 117734
565 343199 117734
566 343354 117734
567 343512 117734
568 343559 117734
569 343570 117734
570 343721 117663
571 343696 117663
572 344120 117663
573 344150 117663
574 344340 117663
575 344568 117663
576 344729 117555
577 344649 117555
578 344668 117555
579 344597 117555
580 344871 117555
581 344812 117490
582 344855 117490
583 344707 117490
584 344797 117490
585 344741 117490
586 344998 117490
587 345040 117490
588 345071 117490
589 345431 117409
590 345281 117409
591 345494 117409
592 345619 117385
593 345848 117385
594 345893 117385
595 345956 117243
596 346311 117243
597 346477 117243
598 346408 117243
599 346538 117243
600 346629 117243
601 346651 116953
602 346630 116817
603 346790 116817
604 346768 116817
605 347007 116817
606 346792 116817
607 346823 116817
608 347080 116817
609 347532 116817
610 347568 116817
611 347777 116817
612 347724 116817
613 347803 116817
614 347749 116817
615 347880 116817
616 347767 116817
617 348254 116817
618 348325 116817
619 348588 116817
620 348598 116817
621 348544 116817
622 348567 116817
623 348725 116817
624 348644 116817
625 348593 116817
626 348694 116817
627 348814 116817
628 348732 116781
629 348732 116781
630 348803 116781
631 349069 116781
632 349048 116781
633 349076 116781
634 349134 116781
635 349108 116781
636 349390 116781
637 349433 116781
638 349629 116781
639 349674 116750
640 349759 116750
641 350042 116750
642 349860 116750
643 349840 116750
644 350068 116750
645 350138 116750
646 350288 116750
647 350320 116750
648 350203 116750
649 350288 116750
650 350177 116750
651 350408 116750
652 350427 116750
653 350490 116743
654 350424 116743
655 350504 116743
656 350504 116743
657 350608 116743
658 350879 116743
659 351206 116743
660 351283 116743
661 351243 116743
662 351383 116743
663 351734 116743
664 351847 116743
665 351892 116743
666 351887 116743
667 351795 116713
668 351711 116665
669 351789 116665
670 351669 116665
671 351714 116665
672 351816 116665
673 351739 116665
674 351724 116665
675 351699 116665
676 352115 116665
677 352056 116665
678 352024 116665
679 352650 116665
680 352894 116665
681 353039 116665
682 352959 116665
683 353004 116665
684 353005 116665
685 353035 116665
686 353208 116665
687 353129 116665
688 353284 116665
689 353333 116665
690 353320 116665
691 353146 116665
692 353194 116665
693 353282 116665
694 353281 116665
695 353237 116553
696 353113 116553
697 353367 116553
698 353344 116553
699 353433 116553
700 353700 116553
701 353641 116553
702 353531 116553
703 353481 116553
704 353493 116553
705 353468 116553
706 353476 116553
707 353466 116553
708 353443 116553
709 353424 116400
710 353699 116400
711 353898 116400
712 353995 116400
713 353895 116400
714 354013 116400
715 354147 116400
716 354306 116400
717 354292 116400
718 354413 116400
719 354458 116357
720 354819 116357
721 355011 116357
722 355265 116357
723 355343 116357
724 355196 116357
725 355009 116357
726 355172 115951
727 355490 115951
728 355484 115951
729 355572 115951
730 355844 115807
731 355937 115807
732 355999 115807
733 356032 115807
734 356165 115807
735 356144 115807
736 356431 115807
737 356531 115807
738 356436 115807
739 356619 115807
740 356672 115807
741 356670 115807
742 356898 115807
743 356948 115759
744 356954 115759
745 357203 115759
746 357136 115759
747 357127 115759
748 357095 115759
749 357233 115759
750 357300 115759
751 357337 115759
752 357437 115759
753 357551 115759
754 357784 115759
755 357968 115695
756 357853 115695
757 357900 115695
758 358145 115695
759 358360 115695
760 358382 115695
761 358407 115695
762 358380 115695
763 358499 115695
764 358449 115695
765 358723 115695
766 358845 115695
767 359168 115695
768 359328 115695
769 359289 115695
770 359296 115695
771 359260 115695
772 359287 115695
773 359386 115695
774 359295 115634
775 359631 115634
776 359760 115634
777 359942 115634
778 359963 115634
779 359939 115634
780 359956 115634
781 359910 115634
782 359920 115634
783 359976 115634
784 360350 115634
785 360421 115634
786 360476 115634
787 360623 115634
788 360893 115634
789 360833 115634
790 360950 115634
791 360877 115634
792 361001 115634
793 361169 115634
794 361196 115634
795 361291 115634
796 361217 115634
797 361347 115634
798 361632 115634
799 361622 115634
800 361828 115634
801 361894 115634
802 361763 115634
803 361756 115634
804 361885 115634
805 361784 115634
806 362072 115634
807 362040 115602
808 362311 115602
809 362321 115602
810 362383 115602
811 362621 115602
812 362525 115602
813 362534 115602
814 362817 115602
815 363102 115602
816 363135 115602
817 363248 115602
818 363532 115602
819 363776 115602
820 363891 115602
821 363983 115602
822 364117 115519
823 364080 115519
824 364015 115519
825 364025 115519
826 364221 115519
827 364321 115519
828 364538 115519
829 364811 115519
830 364800 115519
831 364742 115519
832 364874 115519
833 365000 115519
834 365153 115519
835 365225 115519
836 365252 115519
837 365517 115519
838 365818 115519
839 365908 115519
840 365785 115519
841 365881 115519
842 365900 115519
843 366064 115519
844 366090 115519
845 366185 115519
846 366519 115519
847 366694 115519
848 366705 115519
849 366793 115519
850 366891 115519
851 366884 115519
852 367001 115519
853 366952 115519
854 367144 115519
855 367124 115519
856 367330 115519
857 367343 115519
858 367339 115519
859 367267 115519
860 367165 115519
861 367201 115519
862 367176 115519
863 367102 115519
864 367080 115519
865 367130 115519
866 367160 115506
867 367289 115506
868 367375 115506
869 367282 115506
870 367368 115506
871 367504 115506
872 367551 115506
873 367650 115506
874 367570 115506
875 367601 115506
876 367908 115506
877 367843 115506
878 368163 115506
879 368269 115506
880 368269 115506
881 368520 115506
882 368678 115506
883 368724 115506
884 368961 115506
885 369112 115506
886 369238 115506
887 369291 115506
888 369343 115506
889 369450 115506
890 369497 115506
891 369681 115506
892 369753 115506
893 369769 115506
894 369766 115506
895 369827 115506
896 369821 115506
897 369801 115506
898 369854 115506
899 369885 115506
900 369957 115506
901 369990 115506
902 370021 115506
903 370204 115506
904 370271 115506
905 370219 115506
906 370569 115506
907 370503 115506
908 370590 115506
909 370530 115506
910 370571 115506
911 370726 115506
912 370836 115506
913 371009 115506
914 371249 115506
915 371298 115506
916 371369 115506
917 371398 115506
918 371496 115506
919 371786 115506
920 371828 115506
921 371790 115506
922 371796 115506
923 371927 115506
924 372044 115506
925 372140 115506
926 372161 115506
927 372293 115506
928 372460 115506
929 372508 115506
930 372662 115506
931 372872 115506
932 372938 115506
933 373097 115506
934 373151 115411
935 373115 115411
936 373185 115411
937 373116 115411
938 373169 115411
939 373204 115411
940 373197 115411
941 373369 115411
942 373462 115380
943 373396 115380
944 373386 115380
945 373377 115380
946 373551 115380
947 373639 115380
948 373701 115380
949 373654 115380
950 373774 115380
951 373817 115380
952 373787 115380
953 373827 115156
954 373853 115156
955 373688 115118
956 373818 115118
957 373880 115118
958 373882 115118
959 374043 115118
960 374291 115118
961 374292 115118
962 374344 115118
963 374605 115118
964 374580 115118
965 374559 115118
966 374731 115118
967 374751 115118
968 374686 115118
969 374664 115118
970 374591 115118
971 374697 115118
972 374878 115118
973 374931 115118
974 375067 115118
975 375060 115118
976 375064 115118
977 375050 115118
978 375175 115118
979 375058 115118
980 375159 115118
981 375002 115118
982 375010 115118
983 375132 115118
984 375272 115118
985 375185 115118
986 375453 115118
987 375605 115118
988 375713 115118
989 375636 115118
990 375604 115118
991 375672 115118
992 375723 115118
993 375728 115118
994 375937 115118
995 376060 115118
996 376134 115118
997 376081 115118
998 376121 115117
999 376023 115117
1000 375962 115117
1001 376110 115115
1002 376141 115115
1003 376122 115115
1004 376115 115115
1005 376034 115115
1006 376161 115115
1007 376108 115115
1008 376092 115115
1009 376088 115115
1010 376142 115115
1011 376079 115115
1012 376195 115115
1013 376379 115115
1014 376391 115115
1015 376603 115115
1016 376642 115115
1017 376983 115115
1018 377065 115115
1019 377238 115115
1020 377354 115115
1021 377384 115115
1022 377382 115115
1023 377598 115115
1024 377749 115115
1025 377746 115115
1026 377723 115115
1027 377794 115115
1028 377764 115115
1029 377828 115115
1030 377804 115115
1031 377774 115115
1032 377765 115115
1033 377775 115115
1034 377746 115115
1035 378005 115115
1036 378065 115115
1037 378181 115115
1038 378217 115115
1039 378287 115115
1040 378314 115115
1041 378343 115115
1042 378309 115115
1043 378467 115115
1044 378448 115115
1045 378552 115115
1046 378521 115115
1047 378536 115115
1048 378536 115115
1049 378698 115115
1050 378762 115115
1051 378838 115115
1052 378844 115115
1053 378832 115115
1054 378842 115115
1055 378757 115115
1056 378844 115115
1057 378852 115115
1058 378837 115115
1059 378834 115115
1060 379025 115115
1061 379130 115115
1062 379313 115115
1063 379574 115115
1064 379616 115115
1065 379588 115115
1066 379500 115115
1067 379453 115115
1068 379536 115115
1069 379666 115115
1070 379788 115115
1071 379862 115115
1072 379942 115115
1073 380116 115115
1074 380216 115115
1075 380309 115115
1076 380468 115115
1077 380661 115115
1078 380788 115115
1079 380791 115115
1080 381021 115115
1081 381267 115115
1082 381285 115115
1083 381224 115115
1084 381297 115115
1085 381469 115115
1086 381623 115115
1087 381760 115115
1088 381647 115115
1089 381667 115115
1090 381620 115115
1091 381543 115115
1092 381626 115115
1093 381659 115115
1094 381665 115115
1095 381803 115115
1096 381760 115115
1097 381816 115115
1098 381793 115115
1099 381744 115115
1100 381725 115115
1101 381897 115115
1102 381871 115115
1103 381820 115115
1104 382104 115115
1105 382078 115115
1106 382220 115115
1107 382305 115115
1108 382283 115115
1109 382471 115115
1110 382393 115115
1111 382409 115115
1112 382535 115115
1113 382702 115115
1114 382770 115115
1115 382758 115115
1116 382738 115115
1117 382827 115115
1118 382808 115115
1119 382955 115115
1120 382874 115115
1121 382978 115115
1122 383112 115115
1123 383205 115115
1124 383093 115115
1125 383051 115115
1126 383024 115115
1127 383218 115115
1128 383452 115115
1129 383544 115115
1130 383476 115115
1131 383531 115115
1132 383472 115115
1133 383551 115115
1134 383824 115115
1135 383892 115115
1136 384012 115115
1137 384071 115115
1138 384023 115115
1139 384013 115115
1140 384016 115115
1141 384061 115115
1142 383986 115115
1143 383956 115115
1144 384147 115115
1145 384390 115115
1146 384363 115115
1147 384399 115115
1148 384601 115115
1149 384732 115115
1150 384821 115115
1151 384742 114924
1152 384928 114924
1153 384964 114924
1154 385030 114924
1155 384915 114924
1156 384954 114924
1157 384941 114924
1158 385246 114924
1159 385166 114924
1160 385149 114924
1161 385084 114924
1162 385106 114924
1163 385033 114924
1164 385030 114924
1165 385044 114924
1166 384923 114924
1167 384993 114924
1168 384997 114924
1169 385040 114924
1170 385029 114906
1171 385205 114906
1172 385221 114906
1173 385082 114906
1174 385111 114906
1175 385094 114906
1176 385052 114906
1177 385046 114906
1178 385060 114906
1179 385086 114906
1180 385052 114906
1181 385144 114906
1182 385081 114906
1183 385287 114906
1184 385357 114906
1185 385524 114906
1186 385655 114906
1187 385654 114906
1188 385741 114906
1189 385843 114906
1190 385863 114906
1191 386052 114906
1192 386122 114906
1193 386176 114906
1194 386100 114906
1195 386153 114906
1196 386221 114906
1197 386231 114906
1198 386415 114906
1199 386366 114906
1200 386713 114906
1201 386632 114906
1202 386520 114896
1203 386519 114896
1204 386488 114896
1205 386439 114896
1206 386409 114896
1207 386406 114896
1208 386549 114896
1209 386589 114896
1210 386571 114896
1211 386590 114896
1212 386589 114896
1213 386773 114896
1214 386749 114896
1215 386739 114896
1216 386820 114896
1217 386744 114896
1218 386703 114896
1219 386696 114896
1220 386834 114896
1221 386872 114896
1222 387031 114896
1223 387002 114896
1224 386986 114896
1225 386993 114896
1226 386955 114896
1227 386877 114896
1228 386890 114896
1229 386921 114896
1230 386813 114896
1231 387034 114896
1232 386942 114896
1233 387027 114896
1234 387069 114896
1235 387133 114896
1236 387092 114896
1237 387217 114896
1238 387200 114896
1239 387155 114896
1240 387207 114896
1241 387188 114896
1242 387137 114872
1243 387105 114872
1244 387189 114872
1245 387152 114872
1246 387200 114872
1247 387318 114872
1248 387375 114872
1249 387428 114872
1250 387628 114872
1251 387706 114872
1252 387813 114872
1253 387844 114872
1254 387830 114872
1255 388010 114872
1256 388063 114872
1257 388219 114872
1258 388180 114872
1259 388276 114872
1260 388252 114872
1261 388226 114872
1262 388233 114872
1263 388363 114872
1264 388389 114872
1265 388444 114872
1266 388462 114872
1267 388470 114872
1268 388453 114872
1269 388473 114872
1270 388475 114872
1271 388476 114872
1272 388496 114872
1273 388556 114872
1274 388548 114872
1275 388546 114872
1276 388532 114872
1277 388643 114872
1278 388796 114872
1279 388735 114872
1280 388712 114872
1281 388678 114872
1282 388864 114872
1283 388847 114872
1284 388939 114872
1285 389058 114872
1286 389070 114872
1287 389171 114872
1288 389211 114872
1289 389306 114872
1290 389222 114872
1291 389299 114872
1292 389304 114872
1293 389422 114872
1294 389449 114872
1295 389395 114872
1296 389336 114872
1297 389329 114872
1298 389314 114872
1299 389355 114872
1300 389339 114872
1301 389468 114872
1302 389689 114872
1303 389666 114872
1304 389578 114872
1305 389523 114872
1306 389688 114872
1307 389724 114872
1308 389700 114872
1309 389730 114872
1310 389693 114872
1311 389830 114872
1312 389781 114872
1313 389799 114872
1314 389846 114872
1315 389926 114872
1316 389917 114872
1317 390024 114872
1318 390083 114872
1319 390118 114872
1320 390142 114872
1321 390238 114872
1322 390221 114872
1323 390375 114872
1324 390462 114872
1325 390574 114872
1326 390538 114872
1327 390690 114872
1328 390752 114872
1329 390766 114872
1330 390701 114872
1331 390733 114872
1332 390871 114872
1333 390794 114872
1334 390868 114872
1335 391007 114872
1336 391122 114872
1337 391217 114872
1338 391326 114872
1339 391645 114872
1340 391610 114872
1341 391564 114872
1342 391645 114872
1343 391750 114872
1344 391750 114872
1345 391708 114872
1346 391764 114872
1347 391904 114872
1348 392084 114872
1349 392103 114872
