0 364164 364164
1 264611 54977.4
2 260176 53850.5
3 235626 52476.9
4 259154 51146.4
5 250467 50917
6 249228 50453.1
7 248195 49428.9
8 242477 49015.2
9 240662 48846.9
10 237911 48212.4
11 240974 48102.9
12 249008 47948
13 245637 47548.8
14 241592 47234.2
15 239044 46960.3
16 246980 46753.4
17 252238 46602.7
18 254605 46498
19 252787 46473.7
20 251250 46392.1
21 255636 46392.1
22 252392 45840.6
23 256143 45735.6
24 258848 45665.5
25 257020 45279.1
26 259843 45224.2
27 256658 45142.5
28 256196 44974.7
29 257321 44847.6
30 261745 44847.6
31 264695 44847.6
32 271656 44740.8
33 269490 44541.1
34 269245 44278.9
35 270100 44278.9
36 274568 44142.6
37 277378 43872
38 279888 43872
39 282460 43824.8
40 283865 43723.9
41 285714 43601
42 287547 43559.5
43 284969 43533.3
44 284320 43497.8
45 288711 43372.3
46 290299 43242.7
47 289924 43085.1
48 288727 43085.1
49 290753 42997.5
50 290113 42768.7
51 290141 42735.4
52 288982 42728.6
53 289336 42719.3
54 289085 42580.2
55 289880 42465.5
56 291896 42386.5
57 295866 42343.9
58 295423 42263.4
59 295487 42263.4
60 295454 42240
61 296033 42172.9
62 297465 42047.3
63 300113 42047.3
64 300205 41977.9
65 299422 41977.9
66 299556 41930.3
67 297197 41930.3
68 297995 41930.3
69 297155 41876.2
70 299641 41876.2
71 299761 41873.8
72 300350 41872.5
73 300622 41872.5
74 302171 41759.4
75 301973 41759.4
76 302746 41654.9
77 302659 41604.2
78 301460 41487.1
79 301652 41487.1
80 303952 41487.1
81 304242 41374.1
82 304572 41370.8
83 306688 41370.8
84 305841 41370.8
85 307021 41370.8
86 307240 41364.5
87 306444 41291.7
88 305397 41208.5
89 306884 41077.5
90 305073 41005.1
91 306756 40939.5
92 307612 40885.8
93 306683 40829.4
94 306953 40829.4
95 307680 40829.4
96 307730 40829.4
97 306804 40829.4
98 307144 40829.4
99 308267 40829.4
100 310010 40799.2
101 313352 40784.6
102 314694 40761.7
103 314619 40641.9
104 314384 40641.9
105 313348 40641.9
106 313845 40641.9
107 312984 40641.9
108 313673 40641.9
109 312182 40641.9
110 314002 40641.9
111 315398 40641.9
112 315646 40641.9
113 315918 40641.9
114 317156 40641.9
115 317417 40641.9
116 317493 40641.9
117 318187 40582.3
118 318751 40582.3
119 318631 40582.3
120 319888 40571.5
121 318823 40571.5
122 319321 40571.5
123 323017 40571.5
124 322100 40571.5
125 323339 40571.5
126 323401 40571.5
127 324740 40571.5
128 324306 40571.5
129 323951 40571.5
130 324961 40532.8
131 326191 40532.8
132 326791 40532.8
133 326720 40483
134 327761 40483
135 327837 40483
136 327193 40483
137 326295 40483
138 325670 40483
139 326231 40483
140 327084 40464.2
141 326598 40379.7
142 328299 40379.7
143 329284 40349.3
144 328440 40349.3
145 328483 40315.4
146 329790 40314.6
147 331695 40314.6
148 331762 40314.6
149 331807 40314.6
150 331558 40314.6
151 332379 40314.6
152 332883 40314.6
153 332186 40314.6
154 333320 40314.6
155 334093 40314.6
156 333265 40314.6
157 333471 40314.6
158 333573 40277.5
159 332902 40277.5
160 333249 40277.5
161 333346 40277.5
162 335171 40277.5
163 334601 40277.5
164 334791 40277.5
165 336026 40277.5
166 336651 40277.5
167 336122 40277.5
168 336436 40277.5
169 336313 40277.5
170 336354 40277.5
171 336848 40199
172 337445 40199
173 338870 40199
174 338602 40199
175 338900 40199
176 339203 40199
177 338651 40199
178 338269 40199
179 338481 40172.5
180 338102 40172.5
181 338190 40172.5
182 338624 40172.5
183 338160 40172.5
184 338261 40172.5
185 338523 40172.5
186 339158 40172.5
187 338810 40172.5
188 339061 40172.5
189 338936 40167.9
190 339993 40167.9
191 340161 40167.9
192 339844 40155.7
193 340247 40155.7
194 340197 40155.7
195 340202 40155.7
196 340276 40155.7
197 340090 40155.7
198 339904 40155.7
199 340036 40155.7
200 340600 40155.7
201 340358 40155.7
202 340215 40155.7
203 341306 40155.7
204 341449 40155.7
205 341455 40155.7
206 343393 40155.7
207 343006 40155.7
208 343085 40155.7
209 342758 40082.8
210 342520 40082.8
211 342557 40082.8
212 343410 40082.8
213 343634 40082.8
214 345033 40082.8
215 345283 40082.8
216 344688 40082.8
217 345662 40082.8
218 346270 40082.8
219 346466 40082.8
220 347705 40082.8
221 348720 40082.8
222 349097 40082.8
223 349419 40082.8
224 349145 40082.8
225 348773 40082.8
226 349201 40082.8
227 349573 40082.8
228 349879 40082.8
229 349980 40082.8
230 350216 40082.8
231 350359 40082.8
232 350369 40082.8
233 350465 40082.8
234 350421 40082.8
235 350377 40082.8
236 349976 40082.8
237 349676 40082.8
238 350403 40082.8
239 349901 40082.8
240 350123 40082.8
241 350414 40082.8
242 350185 40082.8
243 350392 40082.8
244 350528 40082.8
245 350347 40082.8
246 350075 40082.8
247 350917 40082.8
248 351027 40082.8
249 350634 40082.8
250 350800 40082.8
251 350055 40082.8
252 350137 40082.8
253 350185 40082.8
254 350713 40082.8
255 351376 40082.8
256 351176 40082.8
257 351135 40082.8
258 350956 40082.8
259 350304 40082.8
260 350075 40082.8
261 349966 40082.8
262 350052 40082.8
263 350377 39958.5
264 350425 39958.5
265 350655 39958.5
266 350959 39872.3
267 350458 39872.3
268 351123 39872.3
269 351857 39872.3
270 352635 39872.3
271 352467 39867.4
272 352917 39867.4
273 352756 39867.4
274 352971 39867.4
275 354139 39867.4
276 354524 39867.4
277 354968 39825.2
278 355134 39825.2
279 355052 39825.2
280 354856 39825.2
281 355190 39825.2
282 354913 39754.9
283 354590 39640.6
284 354916 39640.6
285 354973 39640.6
286 354636 39640.6
287 354615 39640.6
288 354260 39580.4
289 354244 39580.4
290 354216 39580.4
291 354010 39580.4
292 355453 39580.4
293 355415 39580.4
294 355723 39580.4
295 355836 39580.4
296 355886 39580.4
297 355702 39580.4
298 356160 39580.4
299 355903 39580.4
300 356489 39580.4
301 356189 39540.4
302 356310 39540.4
303 356323 39540.4
304 356345 39540.4
305 356022 39540.4
306 355492 39540.4
307 355768 39540.4
308 355822 39540.4
309 355766 39540.4
310 355687 39540.4
311 355516 39540.4
312 355388 39540.4
313 355570 39540.4
314 355480 39540.4
315 355416 39540.4
316 355414 39540.4
317 355350 39540.4
318 355128 39540.4
319 354999 39540.4
320 354971 39540.4
321 354809 39540.4
322 354870 39540.4
323 354902 39540.4
324 355024 39540.4
325 355025 39540.4
326 354749 39540.4
327 355074 39540.4
328 355149 39540.4
329 355237 39540.4
330 355089 39540.4
331 355869 39540.4
332 356215 39540.4
333 356512 39540.4
334 356749 39540.4
335 357070 39540.4
336 356446 39540.4
337 356781 39540.4
338 356736 39540.4
339 356574 39540.4
340 356275 39540.4
341 357182 39540.4
342 357107 39540.4
343 357854 39534.7
344 358028 39521.8
345 357896 39521.8
346 358565 39521.8
347 358464 39521.8
348 358430 39521.8
349 358771 39521.8
350 358698 39521.8
351 358749 39521.8
352 358713 39521.8
353 358853 39521
354 358898 39521
355 359241 39521
356 359331 39521
357 359152 39521
358 359080 39521
359 358894 39521
360 359513 39521
361 359910 39521
362 360027 39521
363 359972 39508.9
364 359931 39508.9
365 359949 39508.9
366 360320 39508.9
367 360025 39508.9
368 359679 39508.9
369 359877 39508.9
370 359665 39508.9
371 359301 39508.9
372 358859 39508.9
373 358605 39508.9
374 358348 39508.9
375 358617 39508.9
376 359589 39508.9
377 359248 39455.3
378 359627 39455.3
379 360091 39455.3
380 360061 39455.3
381 360114 39455.3
382 360525 39455.3
383 360592 39455.3
384 360843 39455.3
385 360501 39455.3
386 360081 39455.3
387 360524 39455.3
388 360588 39455.3
389 360312 39455.3
390 360460 39455.3
391 360505 39455.3
392 361039 39455.3
393 361134 39455.3
394 361447 39455.3
395 362138 39455.3
396 362299 39455.3
397 362199 39455.3
398 361719 39455.3
399 361958 39455.3
400 362830 39455.3
401 362916 39455.3
402 363379 39455.3
403 363416 39455.3
404 363368 39455.3
405 363502 39455.3
406 363238 39455.3
407 363465 39405.6
408 363589 39405.6
409 363760 39405.6
410 363948 39405.6
411 364174 39405.6
412 364307 39405.6
413 364561 39405.6
414 364589 39405.6
415 364483 39405.6
416 364237 39405.6
417 364228 39405.6
418 364467 39405.6
419 365018 39405.6
420 364916 39405.6
421 365110 39405.6
422 365409 39340.5
423 365370 39340.5
424 365396 39340.5
425 365676 39340.5
426 366297 39340.5
427 366385 39340.5
428 366148 39340.5
429 366162 39340.5
430 365921 39340.5
431 366481 39340.5
432 366310 39340.5
433 366030 39340.5
434 365900 39340.5
435 365699 39340.5
436 365859 39340.5
437 366072 39336
438 366522 39336
439 366315 39336
440 366084 39336
441 365912 39336
442 365976 39336
443 366121 39336
444 366392 39336
445 366677 39336
446 366555 39336
447 366393 39336
448 366094 39336
449 365966 39336
