0 136804 136804
1 137367 133127
2 137817 131035
3 137994 129402
4 138217 128668
5 137572 126748
6 137651 125823
7 137450 125202
8 137215 125025
9 137299 124778
10 137206 124265
11 137357 124265
12 137440 123691
13 137563 123209
14 137462 122783
15 137250 122598
16 137317 122545
17 137264 122091
18 137153 121917
19 136991 121425
20 136849 121300
21 136859 120972
22 136739 120869
23 136670 120869
24 136596 120728
25 136504 120693
26 136578 120693
27 136547 120635
28 136515 120477
29 136441 120477
30 136473 120477
31 136431 120299
32 136325 119707
33 136356 119707
34 136274 119652
35 136262 119652
36 136280 119652
37 136205 119624
38 136142 119624
39 136068 119581
40 136009 119351
41 135938 119280
42 135944 119280
43 135905 118834
44 135859 118496
45 135800 118286
46 135824 118231
47 135737 117935
48 135683 117935
49 135700 117935
50 135729 117695
51 135690 117687
52 135659 117687
53 135622 117634
54 135606 117550
55 135590 117342
56 135526 117342
57 135474 117195
58 135405 117195
59 135385 117195
60 135329 117132
61 135303 117132
62 135303 117119
63 135269 117119
64 135226 117119
65 135195 117098
66 135157 117098
67 135146 117098
68 135075 116646
69 135049 116646
70 135017 116454
71 134994 116454
72 134968 116438
73 134909 116282
74 134867 115941
75 134838 115941
76 134797 115941
77 134781 115941
78 134744 115788
79 134706 115572
80 134665 115428
81 134604 115064
82 134555 115051
83 134539 115051
84 134485 115051
85 134443 115051
86 134395 115051
87 134368 114966
88 134356 114966
89 134347 114966
90 134285 114944
91 134272 114944
92 134239 114944
93 134189 114927
94 134160 114828
95 134119 114768
96 134092 114768
97 134022 114347
98 133964 114347
99 133939 114086
100 133904 114086
101 133871 114019
102 133836 114019
103 133801 113932
104 133785 113932
105 133761 113869
106 133702 113869
107 133677 113826
108 133644 113823
109 133622 113795
110 133568 113723
111 133529 113577
112 133509 113577
113 133484 113107
114 133458 113107
115 133400 113107
116 133350 113053
117 133311 113053
118 133262 112995
119 133222 112995
120 133172 112465
121 133141 112403
122 133120 112365
123 133094 112365
124 133037 112062
125 132964 112021
126 132921 112020
127 132871 112020
128 132822 111818
129 132775 111692
130 132728 111692
131 132682 111603
132 132639 111454
133 132598 111454
134 132547 111279
135 132508 111237
136 132465 111237
137 132413 111215
138 132372 111215
139 132327 111136
140 132295 111003
141 132234 110730
142 132196 110404
143 132150 110404
144 132102 110404
145 132047 110404
146 132026 110365
147 131996 110365
148 131955 110200
149 131925 110200
150 131877 110196
151 131827 110196
152 131781 110196
153 131737 109944
154 131692 109944
155 131646 109688
156 131598 109532
157 131571 109461
158 131517 109441
159 131483 109441
160 131433 109441
161 131389 109441
162 131337 109422
163 131289 109224
164 131241 109224
165 131194 108996
166 131151 108996
167 131120 108969
168 131085 108681
169 131054 108681
170 131012 108462
171 130971 108212
172 130933 108212
173 130870 108212
174 130818 108004
175 130775 107924
176 130739 107917
177 130688 107818
178 130635 107694
179 130594 107694
180 130557 107694
181 130523 107694
182 130474 107368
183 130407 107157
184 130367 107157
185 130325 107139
186 130278 107089
187 130230 107041
188 130190 107037
189 130134 106904
190 130086 106904
191 130055 106863
192 130012 106698
193 129965 106396
194 129928 106291
195 129885 106291
196 129840 106291
197 129794 106062
198 129755 106062
199 129717 106062
200 129665 105958
201 129608 105662
202 129558 105662
203 129514 105583
204 129471 105358
205 129441 105289
206 129398 105289
207 129351 105250
208 129313 105250
209 129267 105250
210 129236 105250
211 129202 105250
212 129151 105046
213 129101 104890
214 129055 104712
215 129006 104663
216 128956 104663
217 128913 104548
218 128866 104548
219 128825 104310
220 128780 104258
221 128730 103973
222 128671 103574
223 128629 103510
224 128588 103510
225 128533 102959
226 128486 102851
227 128441 102586
228 128388 102431
229 128346 102431
230 128290 102350
231 128239 102062
232 128191 101884
233 128146 101827
234 128091 101827
235 128050 101827
236 127994 101578
237 127944 101578
238 127898 101473
239 127850 101473
240 127788 101293
241 127733 101221
242 127681 100994
243 127649 100994
244 127603 100994
245 127552 100994
246 127503 100994
247 127448 100861
248 127390 100328
249 127339 100328
250 127286 99963.7
251 127235 99963.7
252 127196 99798.5
253 127145 99798.5
254 127094 99688
255 127049 99551.4
256 127003 99270.3
257 126962 99149.5
258 126908 98800.2
259 126858 98730.8
260 126820 98696.3
261 126767 98639.5
262 126721 98639.5
263 126660 98598.9
264 126610 98284.6
265 126559 98284.6
266 126512 98095.4
267 126467 98095.4
268 126426 98095.4
269 126378 98095.4
270 126318 97903.4
271 126266 97903.4
272 126222 97903.4
273 126170 97903.4
274 126119 97831.4
275 126057 97658.6
276 126007 97616.1
277 125965 97616.1
278 125917 97616.1
279 125870 97616.1
280 125821 97423.8
281 125774 97338.4
282 125720 97058.4
283 125671 96771.9
284 125622 96583.1
285 125564 96259.7
286 125508 95928.2
287 125457 95797.2
288 125407 95797.2
289 125352 95714
290 125293 95441.3
291 125240 95441.3
292 125184 95228.9
293 125133 95228.9
294 125082 95149.5
295 125027 95139.6
296 124969 95139.6
297 124907 95139.4
298 124851 94956.5
299 124803 94860.6
300 124753 94860.6
301 124703 94860.6
302 124657 94629.7
303 124605 94432.7
304 124549 94200.5
305 124502 94127.7
306 124455 94101.9
307 124407 94101.9
308 124348 94101.9
309 124295 94018.5
310 124253 94018.5
311 124199 93684.9
312 124144 93589.6
313 124092 93515.7
314 124035 93490.3
315 123982 93392.4
316 123926 93392.4
317 123871 92810.9
318 123816 92806.5
319 123776 92780.9
320 123724 92780.9
321 123676 92730.6
322 123621 92730.6
323 123580 92730.6
324 123526 92675.6
325 123473 92675.6
326 123419 92526.6
327 123366 92358.9
328 123314 92029
329 123257 91769.6
330 123209 91769.6
331 123163 91710.3
332 123113 91610.5
333 123061 91533.2
334 123009 91359.1
335 122954 90995.9
336 122906 90995.9
337 122856 90903
338 122795 90604.4
339 122743 90336.7
340 122692 90336.7
341 122646 90298.6
342 122597 90259.2
343 122550 90259.2
344 122497 90240.5
345 122447 90232.3
346 122389 90069.2
347 122337 89760.7
348 122284 89760.7
349 122238 89760.7
350 122181 89760.7
351 122132 89626.3
352 122077 89224.7
353 122029 89224.7
354 121975 89211.1
355 121925 89180.7
356 121878 89123.5
357 121832 89084.5
358 121779 89084.5
359 121722 88587.6
360 121668 88587.6
361 121615 88479.2
362 121565 88152.7
363 121512 88146.6
364 121463 88099.2
365 121404 87918.1
366 121353 87918.1
367 121306 87815.3
368 121258 87745.5
369 121206 87737.3
370 121156 87723.2
371 121100 87723.2
372 121049 87723.2
373 120988 87570.5
374 120933 87201.8
375 120886 86987
376 120826 86879.4
377 120774 86300.5
378 120721 86200.1
379 120667 86185.7
380 120607 85666.3
381 120558 85639.4
382 120508 85287.4
383 120452 84841.8
384 120400 84841.8
385 120342 84770.1
386 120288 84770.1
387 120241 84612.8
388 120190 84377.4
389 120137 84096
390 120080 84096
391 120028 83999.9
392 119975 83999.9
393 119924 83852.8
394 119873 83852.8
395 119815 83852.8
396 119767 83654.2
397 119707 83653.4
398 119647 82754.9
399 119601 82617.6
400 119555 82617.6
401 119504 82617.6
402 119457 82617.6
403 119399 82617.6
404 119346 82067
405 119294 82067
406 119248 82067
407 119197 81981.6
408 119142 81980.5
409 119100 81980.5
410 119046 81934.7
411 118997 81934.7
412 118950 81918.4
413 118902 81918.4
414 118847 81918.4
415 118794 81872.6
416 118737 81872.6
417 118688 81872.6
418 118634 81768.7
419 118582 81658
420 118530 81654.7
421 118476 81132.7
422 118429 81039.9
423 118385 81039.9
424 118333 80963.6
425 118282 80961.4
426 118232 80905.1
427 118174 80525.1
428 118120 80525.1
429 118072 80333.9
430 118024 80333.9
431 117969 79891.3
432 117918 79880.8
433 117859 79782.8
434 117808 79782.8
435 117757 79782.8
436 117704 79782.8
437 117652 79782.8
438 117595 79685.5
439 117547 79685.5
440 117498 79685.5
441 117438 79573.4
442 117386 79573.4
443 117332 79506.5
444 117288 79459.1
445 117239 79286.1
446 117190 79286.1
447 117141 78701.9
448 117084 78701.9
449 117032 78701.9
450 116978 78669.2
451 116928 78611.8
452 116882 78418.3
453 116835 78335.6
454 116779 78270.2
455 116725 77994.2
456 116676 77751.7
457 116624 77624.3
458 116576 77320.8
459 116523 77068
460 116464 77068
461 116416 76868.4
462 116364 76761.3
463 116314 76761.3
464 116261 76761.3
465 116207 76640.5
466 116158 76505.3
467 116110 76488.6
468 116064 76488.6
469 116017 76488.6
470 115970 76468.4
471 115917 76425.6
472 115869 76356
473 115814 76322.6
474 115762 76322.6
475 115713 76322.6
476 115664 76290.6
477 115618 76290.6
478 115567 76212.3
479 115518 76177.7
480 115475 76177.7
481 115430 76177.7
482 115380 76177.7
483 115336 76177.7
484 115285 76167.1
485 115244 76167.1
486 115193 75797.6
487 115147 75797.6
488 115105 75610.9
489 115053 75400.5
490 115003 75050.3
491 114952 74544.1
492 114897 74445.6
493 114856 74445.6
494 114805 73929
495 114759 73905.1
496 114706 73566.5
497 114654 73473.7
498 114601 73272.5
499 114549 73139.1
500 114494 73045.4
501 114445 73045.4
502 114398 72886.9
503 114352 72886.9
504 114307 72886.9
505 114261 72886.9
506 114217 72702.5
507 114170 72702.5
508 114121 72702.5
509 114073 72636.4
510 114024 72477.5
511 113977 72477.5
512 113931 72477.5
513 113885 72477.5
514 113838 72407.8
515 113792 72407.8
516 113746 72406.9
517 113698 72406.9
518 113649 72268.7
519 113601 72175.9
520 113551 72172.9
521 113507 72172.9
522 113459 72091.1
523 113415 72091.1
524 113376 72091.1
525 113329 72034.8
526 113282 72034.8
527 113231 72034.8
528 113185 71960.4
529 113140 71946.5
530 113100 71946.5
531 113050 71824.6
532 113002 71589
533 112956 71527.5
534 112908 71175.5
535 112868 71175.5
536 112823 71175.5
537 112780 71175.5
538 112741 71073
539 112695 70994
540 112655 70994
541 112605 70881.3
542 112561 70739.4
543 112522 70588.6
544 112478 70460.9
545 112432 70460.9
546 112386 70460.9
547 112340 70460.9
548 112299 70460.9
549 112255 70460.9
550 112209 70384.4
551 112160 70384.4
552 112123 70313.7
553 112083 70313.7
554 112040 70313.7
555 112005 70190.7
556 111960 70190.7
557 111920 70064.8
558 111876 70064.8
559 111826 70039.4
560 111782 70039.4
561 111732 69867.9
562 111693 69867.9
563 111651 69822.6
564 111609 69709.5
565 111562 69709.5
566 111524 69341.4
567 111486 69341.4
568 111439 69182.4
569 111391 69182.4
570 111347 69182.4
571 111306 69135.4
572 111266 69025.2
573 111227 68840
574 111183 68840
575 111141 68840
576 111098 68840
577 111053 68840
578 111010 68840
579 110961 68587.6
580 110916 68458.3
581 110870 68457.9
582 110828 68424
583 110781 68424
584 110739 68424
585 110694 68424
586 110652 68424
587 110608 68418.3
588 110562 68166.9
589 110521 68038
590 110477 68038
591 110436 68038
592 110392 67830.4
593 110355 67830.4
594 110316 67598.2
595 110274 67598.2
596 110233 67598.2
597 110194 67535.1
598 110151 67309.6
599 110109 67239.6
600 110070 67239.6
601 110033 67071.6
602 109990 66723.7
603 109948 66723.7
604 109912 66723.7
605 109874 66535.4
606 109837 66342.2
607 109798 66342.2
608 109751 66342.2
609 109705 66150.9
610 109668 66150.9
611 109625 66138.1
612 109590 66138.1
613 109546 66109
614 109509 66109
615 109467 66109
616 109429 66109
617 109388 66109
618 109351 66089.5
619 109314 66089.5
620 109278 66089.5
621 109238 66049.4
622 109195 66010.8
623 109157 65996.8
624 109117 65858
625 109080 65858
626 109048 65826.7
627 109010 65773.4
628 108971 65727.9
629 108931 65716.8
630 108893 65629.5
631 108852 65629.5
632 108812 65583.9
633 108777 65245.9
634 108739 65245.9
635 108705 65245.9
636 108665 65245.9
637 108632 64896.9
638 108596 64896.9
639 108563 64896.9
640 108521 64896.9
641 108480 64863.6
642 108448 64863.6
643 108410 64853.9
644 108371 64853.9
645 108331 64853.9
646 108295 64853.9
647 108261 64853.9
648 108227 64853.9
649 108189 64590.6
650 108153 64590.6
651 108118 64480.2
652 108084 64480.2
653 108048 64480.2
654 108008 64436
655 107972 64436
656 107933 64243.2
657 107898 64243.2
658 107868 64243.2
659 107832 64243.2
660 107798 64243.2
661 107757 64243.2
662 107720 64243.2
663 107680 64089.1
664 107649 64065.8
665 107615 64065.8
666 107583 64065.8
667 107553 64065.8
668 107519 63989.8
669 107488 63945.8
670 107453 63878
671 107419 63878
672 107383 63801.7
673 107347 63801.7
674 107308 63767.1
675 107267 63761.3
676 107233 63740
677 107202 63740
678 107168 63740
679 107133 63740
680 107099 63606.1
681 107069 63569.5
682 107038 63569.5
683 107005 63518
684 106969 63518
685 106934 63518
686 106899 63518
687 106864 63518
688 106832 63289.4
689 106799 63289.4
690 106764 63270.2
691 106726 63270.2
692 106688 63270.2
693 106659 63243.2
694 106628 63232.5
695 106595 63232.5
696 106562 63232.5
697 106527 63188
698 106494 63188
699 106460 62976
700 106423 62976
701 106392 62976
702 106357 62878.1
703 106322 62852.4
704 106292 62852.4
705 106258 62852.4
706 106223 62852.4
707 106191 62852.4
708 106153 62793.6
709 106126 62793.6
710 106090 62639.4
711 106052 62489.4
712 106018 62469.5
713 105985 62469.5
714 105949 62312.3
715 105915 62312.3
716 105883 62312.3
717 105850 62312.3
718 105819 62218.2
719 105791 62218.2
720 105760 62218.2
721 105727 62027.7
722 105696 62027.7
723 105657 62027.7
724 105626 62027.7
725 105590 62018.4
726 105559 62018.4
727 105525 62018.4
728 105495 62018.4
729 105464 61924.7
730 105430 61584.6
731 105399 61584.6
732 105371 61584.6
733 105340 61584.6
734 105307 61584.6
735 105277 61584.6
736 105247 61584.6
737 105219 61584.6
738 105187 61584.6
739 105151 61579.3
740 105124 61579.3
741 105093 61579.3
742 105065 61552.8
743 105032 61552.8
744 105004 61552.8
745 104971 61300.8
746 104938 61300.8
747 104904 61244
748 104870 61244
749 104840 61244
750 104809 61244
751 104782 60952.3
752 104750 60824.1
753 104721 60824.1
754 104692 60815.7
755 104661 60815.7
756 104629 60741.4
757 104596 60741.4
758 104570 60627.4
759 104539 60376.6
760 104508 60376.6
761 104475 60376.6
762 104443 60376.6
763 104418 60376.6
764 104387 60376.6
765 104360 60376.6
766 104336 60376.6
767 104306 60376.6
768 104269 60235.4
769 104245 60119.1
770 104215 60119.1
771 104187 60119.1
772 104158 59899.8
773 104130 59899.8
774 104097 59798.4
775 104065 59798.4
776 104043 59798.4
777 104016 59798.4
778 103983 59798.4
779 103953 59798.4
780 103927 59798.4
781 103899 59798.4
782 103875 59798.4
783 103844 59727.4
784 103817 59727.4
785 103787 59727.4
786 103756 59601.4
787 103724 59601.4
788 103695 59485.4
789 103665 59485.4
790 103637 59383
791 103612 59383
792 103589 59383
793 103561 59333
794 103531 59333
795 103506 59333
796 103477 59333
797 103451 59333
798 103424 59333
799 103399 59333
800 103369 59314.3
801 103341 59303.4
802 103313 59303.4
803 103283 59106.4
804 103261 59106.4
805 103235 59106.4
806 103207 59106.4
807 103178 59106.4
808 103149 59106.4
809 103123 59106.4
810 103097 59106.4
811 103069 59037.9
812 103044 59037.9
813 103016 59037.9
814 102989 59037.9
815 102962 59037.9
816 102936 59037.9
817 102908 59037.9
818 102882 59037.9
819 102853 58998
820 102821 58998
821 102795 58947.6
822 102770 58947.6
823 102741 58865
824 102713 58865
825 102686 58865
826 102661 58865
827 102635 58865
828 102606 58724.3
829 102581 58724.3
830 102554 58699.5
831 102527 58668.7
832 102499 58668.7
833 102473 58668.7
834 102452 58668.7
835 102423 58487.4
836 102397 58424.3
837 102368 58424.3
838 102340 58424.3
839 102316 58424.3
840 102288 58424.3
841 102261 58424.3
842 102236 58424.3
843 102214 58424.3
844 102189 57995.5
845 102164 57995.5
846 102142 57995.5
847 102113 57943.7
848 102087 57943.7
849 102060 57943.7
850 102037 57943.7
851 102008 57943.7
852 101983 57874.3
853 101955 57874.3
854 101930 57874.3
855 101905 57874.3
856 101884 57874.3
857 101858 57622.5
858 101832 57622.5
859 101807 57622.5
860 101780 57622.5
861 101753 57562.6
862 101727 57562.6
863 101706 57562.6
864 101683 57382
865 101661 57382
866 101636 57304.3
867 101613 57304.3
868 101586 57304.3
869 101562 57297.1
870 101536 57297.1
871 101515 57297.1
872 101488 57241.7
873 101467 57241.7
874 101441 57241.7
875 101417 57161.5
876 101392 57161.5
877 101367 56952.3
878 101338 56952.3
879 101314 56952.3
880 101289 56952.3
881 101267 56952.3
882 101242 56952.3
883 101214 56952.3
884 101189 56952.3
885 101161 56952.3
886 101137 56863.9
887 101113 56863.9
888 101092 56863.9
889 101073 56863.9
890 101053 56863.9
891 101031 56863.9
892 101011 56833.9
893 100982 56669.1
894 100958 56669.1
895 100936 56669.1
896 100911 56669.1
897 100889 56669.1
898 100868 56669.1
899 100844 56669.1
900 100821 56669.1
901 100796 56669.1
902 100777 56669.1
903 100756 56669.1
904 100734 56669.1
905 100711 56669.1
906 100689 56669.1
907 100665 56637.5
908 100640 56637.5
909 100623 56637.5
910 100602 56637.5
911 100580 56493.8
912 100558 56493.8
913 100535 56493.8
914 100510 56493.8
915 100489 56493.8
916 100466 56493.8
917 100444 56431.2
918 100418 56389.4
919 100395 56389.4
920 100369 56331.3
921 100346 56331.3
922 100322 56331.3
923 100301 56331.3
924 100275 56331.3
