0 148088 148088
1 148232 131521
2 167324 129199
3 181524 127941
4 178424 126238
5 176740 125657
6 173525 124632
7 204986 124509
8 197428 123256
9 191273 123091
10 188802 122457
11 188356 122228
12 188940 122143
13 185396 121624
14 187021 121624
15 183846 121324
16 180926 120358
17 178190 120074
18 175905 120017
19 175605 119970
20 175578 119845
21 175736 119750
22 175840 119591
23 175469 119468
24 175137 119263
25 177616 119246
26 182841 119110
27 182180 118991
28 181281 118549
29 181691 118549
30 181010 118522
31 181110 118006
32 179782 118006
33 179443 117804
34 178497 117778
35 177420 117776
36 176931 117611
37 177602 117082
38 177349 117052
39 178942 117052
40 182537 117006
41 181826 116725
42 182114 116668
43 183266 116450
44 185316 115899
45 184720 115899
46 184665 115830
47 185048 115830
48 184471 115672
49 183445 115641
50 185657 115527
51 186597 115527
52 186565 115446
53 187215 115418
54 186822 115072
55 186318 114725
56 185926 114172
57 186142 113813
58 185319 113813
59 185530 113698
60 185431 113583
61 185618 113464
62 185767 113029
63 185738 112873
64 188679 112573
65 187782 112362
66 188457 112139
67 189783 111942
68 190225 111673
69 192775 111482
70 192352 111482
71 191797 111482
72 192300 111482
73 191506 111471
74 191687 111057
75 191495 111057
76 191120 110799
77 191021 110590
78 190920 110073
79 190731 109738
80 191311 108707
81 191404 108707
82 191992 108336
83 192120 108111
84 191563 107941
85 192537 107723
86 192021 107654
87 191960 107486
88 191460 106801
89 190971 106711
90 190928 106537
91 191548 106492
92 191060 105904
93 191567 105779
94 192040 105779
95 193566 105779
96 195052 105285
97 195377 104858
98 196277 104355
99 196703 103913
100 197139 103881
101 197150 103854
102 197004 103605
103 196469 103605
104 197948 103474
105 198027 103253
106 197775 103223
107 197421 103223
108 197779 103010
109 197347 102831
110 198839 102536
111 198427 102303
112 198453 101967
113 199049 101914
114 198378 101667
115 198387 101346
116 199920 101005
117 200436 101005
118 200346 101005
119 200585 100973
120 201969 100800
121 201802 100554
122 201808 100489
123 201731 100460
124 201295 100257
125 201039 100257
126 201099 99981.5
127 201194 99703.3
128 200746 99703.3
129 202295 99586.1
130 202443 99586.1
131 202655 99586.1
132 202262 99449.9
133 202418 99107.1
134 202587 99035.6
135 202866 98565.9
136 203588 98495.8
137 203564 98135.7
138 203694 98105.8
139 203829 98105.8
140 204167 97697.3
141 203550 97400.4
142 203762 97400.4
143 203961 97400.4
144 204512 97035.5
145 205229 96874
146 205668 96648.4
147 205984 96484.6
148 206473 96213.1
149 206280 95927
150 207151 95723.3
151 206926 95354.9
152 207460 95222.3
153 208283 95008.3
154 208901 94900.2
155 209357 94534
156 209527 94102.9
157 209276 94102.9
158 209637 94049.1
159 209753 94028.4
160 210383 94028.4
161 210634 94028.4
162 211225 93524.4
163 211350 93263.2
164 211854 93050.6
165 212027 92609.4
166 212433 92355.5
167 212634 92355.5
168 212618 92355.5
169 213645 92355.5
170 213901 92355.5
171 213675 92108.5
172 213599 91979
173 214232 91646.4
174 215589 91499.5
175 215456 91298.2
176 215980 91298.2
177 216008 91252
178 216635 91115.7
179 216467 91115.7
180 216965 90995.7
181 217586 90995.7
182 218325 90928.4
183 218855 90767.8
184 219034 90479.4
185 219566 90368.2
186 220153 90172.1
187 220044 90172.1
188 220412 89961.9
189 220632 89961.9
190 220565 89824.3
191 220665 89824.3
192 220622 89498.1
193 221137 89064.1
194 222382 88873.5
195 222332 88821.1
196 222734 88716.1
197 223074 88459.1
198 223394 88427.5
199 224356 88427.5
200 224017 88361.5
201 224437 88361.5
202 224519 88347.7
203 224851 88256.2
204 225595 88256.2
205 225589 88159.4
206 225566 88036.2
207 225819 87965.4
208 226668 87661.8
209 226386 87522.7
210 226682 87522.7
211 227434 87514.7
212 228100 87514.7
213 227724 87514.7
214 228411 87514.7
215 228695 87433.4
216 228534 87302.8
217 228652 87168
218 228423 87168
219 228447 87121.8
220 228351 87121.8
221 228424 86959
222 228517 86848.5
223 229012 86436.2
224 229998 86357.3
225 229660 86045.6
226 229129 86004.3
227 229238 86004.3
228 229933 85881.3
229 230063 85881.3
230 229997 85735.8
231 230006 85499.2
232 229942 85212.3
233 230453 85212.3
234 230594 85212.3
235 230806 85131.4
236 231234 85131.4
237 231221 84953.4
238 231148 84894.4
239 231107 84894.4
240 230916 84894.4
241 231257 84787.5
242 231319 84380.4
243 231481 84380.4
244 232083 84380.4
245 232486 84380.4
246 232575 84338.8
247 232490 84292.2
248 232368 84292.2
249 232553 84292.2
250 233006 84189.4
251 232932 84150.4
252 233014 83980.5
253 233310 83858.6
254 233163 83858.6
255 233646 83858.6
256 234248 83661.4
257 233908 83661.4
258 233733 83661.4
259 233852 83661.4
260 234185 83318
261 233821 83318
262 234094 83318
263 234298 83318
264 234289 83308.8
265 234449 83308.8
266 234680 83308.8
267 234379 83283.8
268 234117 83227.4
269 234527 83163.3
270 234849 83027.5
271 235798 82848
272 236416 82848
273 237002 82848
274 236713 82848
275 237032 82848
276 236703 82848
277 236617 82821.8
278 237319 82821.8
279 237413 82821.8
280 237429 82821.8
281 238926 82821.8
282 238743 82759.8
283 239027 82759.8
284 239166 82759.8
285 239472 82759.8
286 239574 82453.8
287 239562 82453.8
288 239509 82247.3
289 239468 82247.3
290 239972 82247.3
291 239943 82226.6
292 240183 82226.6
293 240673 82226.6
294 240520 82206.6
295 240370 82008.7
296 240188 82008.7
297 240187 82008.7
298 240842 82008.7
299 241526 82008.7
300 241327 81986.4
301 241444 81812.4
302 241429 81812.4
303 241519 81812.4
304 241374 81812.4
305 241775 81812.4
306 242162 81779.4
307 242879 81779.4
308 242690 81779.4
309 243182 81679.9
310 243568 81679.9
311 243721 81679.9
312 243893 81679.9
313 244235 81679.9
314 244588 81679.9
315 244451 81626.9
316 245014 81626.9
317 244898 81626.9
318 245013 81613.7
319 244935 81557.3
320 244933 81557.3
321 245169 81557.3
322 245422 81557.3
323 245178 81557.3
324 245810 81557.3
325 246391 81519.5
326 246751 81420.2
327 246691 81420.2
328 247030 81420.2
329 247068 81388.8
330 247287 81388.8
331 247644 81388.8
332 248201 81388.8
333 248375 81388.8
334 248833 81388.8
335 249133 81388.8
336 249246 81388.8
337 249262 81388.8
338 249101 81388.8
339 249618 81388.8
340 250162 81388.8
341 250184 81388.8
342 249955 81388.8
343 250395 81388.8
344 250422 81321.1
345 250805 81321.1
346 251356 81284.8
347 251382 81284.8
348 251289 81248.3
349 251515 81121.9
350 252019 81121.9
351 251940 81121.9
352 252070 81121.9
353 251772 81121.9
354 251650 81121.9
355 251854 81121.9
356 252873 81121.9
357 253378 81121.9
358 253515 81121.9
359 253724 81121.9
360 253918 81009.7
361 253990 81009.7
362 254176 81009.7
363 254333 81009.7
364 254495 81007.8
365 254937 81007.8
366 255377 81007.8
367 255414 80994.6
368 255455 80994.6
369 255656 80994.6
370 255703 80994.6
371 255576 80994.6
372 255625 80994.6
373 255711 80994.6
374 255557 80994.6
375 255276 80994.6
376 255334 80994.6
377 255300 80994.6
378 255487 80922.9
379 255713 80922.9
380 255745 80922.9
381 255721 80922.9
382 255807 80922.9
383 255914 80922.9
384 255684 80922.9
385 255748 80922.9
386 255855 80922.9
387 256086 80922.9
388 256290 80922.9
389 256942 80897.5
390 257161 80897.5
391 257141 80897.5
392 257522 80864.1
393 257966 80864.1
394 257912 80864.1
395 258358 80864.1
396 258532 80864.1
397 258645 80864.1
398 259063 80864.1
399 259620 80864.1
400 259678 80844.3
401 259611 80844.3
402 259830 80844.3
403 259702 80844.3
404 259689 80813.8
405 259804 80813.8
406 259706 80813.8
407 259888 80813.8
408 259783 80813.8
409 260047 80813.8
410 260219 80813.8
411 260318 80813.8
412 260586 80813.8
413 260797 80813.8
414 260921 80685.7
415 261332 80685.7
416 261252 80685.7
417 261268 80685.7
418 261518 80685.7
419 261281 80685.7
420 261147 80685.7
421 261484 80685.7
422 261516 80685.7
423 261558 80685.7
424 261484 80685.7
425 261703 80685.7
426 262514 80685.7
427 262814 80685.7
428 263199 80685.7
429 263119 80685.7
430 262898 80685.7
431 263001 80685.7
432 263252 80685.7
433 263705 80685.7
434 264010 80685.7
435 263903 80685.7
436 263773 80685.7
437 263924 80685.7
438 264029 80685.7
439 264288 80685.7
440 264380 80685.7
441 264643 80685.7
442 264794 80685.7
443 265189 80685.7
444 265099 80685.7
445 264990 80654.6
446 264857 80654.6
447 265238 80654.6
448 265108 80654.6
449 265126 80654.6
450 265080 80654.6
451 265209 80654.6
452 265569 80654.6
453 265615 80654.6
454 265787 80654.6
455 265780 80654.6
456 265750 80654.6
457 265578 80654.6
458 265534 80654.6
459 265624 80654.6
460 265813 80654.6
461 265686 80654.6
462 265672 80654.6
463 265720 80654.6
464 265869 80654.6
465 265951 80654.6
466 265892 80654.6
467 265750 80654.6
468 265751 80654.6
469 265874 80654.6
470 265738 80654.6
471 265541 80654.6
472 265527 80654.6
473 265624 80654.6
474 265624 80654.6
475 265912 80654.6
476 265947 80654.6
477 266006 80584.9
478 265949 80473.6
479 266454 80473.6
480 266507 80473.6
481 266347 80473.6
482 266225 80422.5
483 265976 80422.5
484 265905 80422.5
485 266022 80422.5
486 266103 80422.5
487 266577 80422.5
488 266991 80422.5
489 266933 80422.5
490 267290 80422.5
491 267584 80417.7
492 267408 80357.3
493 267620 80357.3
494 267719 80357.3
495 267859 80357.3
496 267946 80187.1
497 267949 80187.1
498 267896 80187.1
499 267843 80187.1
500 267917 80187.1
501 267928 80187.1
502 267876 80187.1
503 268333 80187.1
504 268364 80187.1
505 268746 80187.1
506 268426 80187.1
507 268373 80187.1
508 268373 80187.1
509 268465 80187.1
510 268552 80146.5
511 268624 80146.5
512 268424 80146.5
513 268296 80146.5
514 268313 80146.5
515 268310 80146.5
516 268402 80146.5
517 268356 80146.5
518 268399 80146.5
519 268624 80146.5
520 268719 80146.5
521 268689 80146.5
522 268844 80146.5
523 268759 80146.5
524 268661 80146.5
525 268919 80127.1
526 268989 80127.1
527 269236 80033.4
528 269412 80033.4
529 269345 80033.4
530 269230 80033.4
531 269275 80033.4
532 269179 80033.4
533 269513 80033.4
534 269479 80033.4
535 269482 80033.4
536 269537 80033.4
537 269612 80033.4
538 269612 80033.4
539 269722 80033.4
540 269608 80033.4
541 269948 80033.4
542 269995 80033.4
543 270464 80033.4
544 270482 80016
545 270452 80016
546 270514 80016
547 270824 80016
548 271051 80016
549 271296 80016
550 271161 80016
551 271440 80016
552 271461 79919
553 271674 79919
554 272087 79919
555 271961 79919
556 272265 79919
557 272263 79919
558 272513 79919
559 272667 79874.3
560 272746 79874.3
561 272658 79874.3
562 272645 79874.3
563 272723 79874.3
564 272546 79874.3
565 272658 79874.3
566 272995 79874.3
567 273232 79874.3
568 273073 79874.3
569 273312 79874.3
570 273318 79874.3
571 273442 79874.3
572 273332 79874.3
573 273614 79874.3
574 273591 79874.3
575 273521 79874.3
576 273453 79874.3
577 273594 79874.3
578 273686 79874.3
579 274069 79874.3
580 273911 79874.3
581 274029 79874.3
582 274119 79874.3
583 274187 79874.3
584 274436 79874.3
585 274815 79874.3
586 274848 79874.3
587 274999 79874.3
588 274819 79867.9
589 274949 79867.9
590 274875 79867.9
591 275386 79867.9
592 275282 79867.9
593 275322 79867.9
594 275313 79867.9
595 275365 79867.9
596 275594 79867.9
597 275720 79867.9
598 275621 79867.9
599 275644 79867.9
600 275665 79867.9
601 275609 79867.9
602 275693 79867.9
603 275791 79867.9
604 275718 79867.9
605 275709 79831.2
606 275625 79831.2
607 275606 79831.2
608 275623 79831.2
609 275690 79831.2
610 275848 79831.2
611 275886 79831.2
612 276113 79831.2
613 276601 79831.2
614 276586 79831.2
615 276506 79831.2
616 276477 79831.2
617 276490 79831.2
618 276460 79831.2
619 276536 79831.2
620 276705 79831.2
621 276808 79831.2
622 276839 79831.2
623 276898 79831.2
624 277010 79831.2
625 277109 79831.2
626 277225 79831.2
627 277279 79831.2
628 277690 79831.2
629 277564 79831.2
630 277704 79831.2
631 277721 79831.2
632 277505 79831.2
633 277425 79831.2
634 277306 79831.2
635 277630 79831.2
636 277729 79831.2
637 277624 79831.2
638 277697 79831.2
639 277599 79831.2
640 277711 79831.2
641 278250 79831.2
642 278229 79831.2
643 278088 79831.2
644 278271 79831.2
645 278501 79831.2
646 278867 79772.5
647 279003 79772.5
648 279249 79772.5
649 279200 79772.5
650 279280 79772.5
651 279335 79772.5
652 279243 79772.5
653 279319 79772.5
654 279382 79772.5
655 279504 79772.5
656 279652 79772.5
657 279718 79772.5
658 280178 79772.5
659 280171 79772.5
660 280180 79772.5
661 280171 79772.5
662 280131 79772.5
663 280293 79772.5
664 280535 79772.5
665 280584 79772.5
666 280678 79772.5
667 280681 79772.5
668 280950 79772.5
669 281047 79772.5
670 281074 79772.5
671 281243 79772.5
672 281212 79772.5
673 281411 79772.5
674 281565 79772.5
675 281603 79772.5
676 281646 79772.5
677 281839 79772.5
678 281796 79772.5
679 281818 79772.5
680 281845 79772.5
681 281712 79772.5
682 282006 79772.5
683 282058 79772.5
684 282152 79772.5
685 282157 79772.5
686 282024 79772.5
687 281935 79772.5
688 281829 79772.5
689 281851 79772.5
690 281798 79772.5
691 281951 79772.5
692 282337 79772.5
693 282342 79772.5
694 282488 79772.5
695 282472 79772.5
696 283080 79772.5
697 283269 79772.5
698 283339 79772.5
699 283521 79772.5
700 283590 79772.5
701 283452 79772.5
702 283429 79772.5
703 283333 79772.5
704 283327 79772.5
705 283345 79772.5
706 283740 79772.5
707 283804 79772.5
708 283643 79772.5
709 283533 79770.3
710 283570 79770.3
711 283552 79770.3
712 283525 79770.3
713 283556 79770.3
714 283677 79770.3
715 283606 79770.3
716 283599 79770.3
717 283797 79770.3
718 284082 79770.3
719 283911 79729.3
720 284086 79729.3
721 284010 79729.3
722 284038 79729.3
723 284008 79729.3
724 284028 79729.3
725 284111 79729.3
726 284198 79729.3
727 284417 79729.3
728 284372 79729.3
729 284519 79729.3
730 284750 79729.3
731 284951 79729.3
732 285390 79729.3
733 285448 79729.3
734 285562 79729.3
735 285677 79729.3
736 285757 79729.3
737 286010 79729.3
738 286014 79729.3
739 286132 79729.3
740 286229 79729.3
741 286376 79729.3
742 286308 79729.3
743 286391 79729.3
744 286354 79729.3
745 286373 79729.3
746 286424 79729.3
747 286433 79729.3
748 286311 79729.3
749 286341 79729.3
750 286369 79729.3
751 286388 79729.3
752 286654 79729.3
753 286801 79729.3
754 286671 79729.3
755 286695 79729.3
756 286702 79729.3
757 286724 79729.3
758 286710 79729.3
759 286774 79729.3
760 286972 79729.3
761 287090 79729.3
762 287319 79729.3
763 287363 79729.3
764 287593 79729.3
765 287563 79729.3
766 287638 79729.3
767 287656 79729.3
768 287903 79729.3
769 288190 79729.3
770 288150 79729.3
771 288127 79729.3
772 288181 79729.3
773 288166 79729.3
774 288298 79729.3
775 288319 79729.3
776 288176 79724.3
777 288171 79724.3
778 288243 79724.3
779 288498 79724.3
780 288902 79724.3
781 288979 79724.3
782 288863 79724.3
783 289037 79724.3
784 288923 79724.3
785 289079 79685.3
786 289202 79685.3
787 289504 79685.3
788 289413 79685.3
789 289350 79685.3
790 289518 79685.3
791 289548 79685.3
792 289657 79685.3
793 289644 79685.3
794 289649 79685.3
795 289819 79685.3
796 289761 79685.3
797 289694 79685.3
798 289802 79685.3
799 289725 79685.3
800 289778 79685.3
801 289894 79685.3
802 289830 79685.3
803 289793 79685.3
804 290015 79685.3
805 289999 79685.3
806 289885 79685.3
807 289949 79685.3
808 289956 79685.3
809 290044 79685.3
810 290059 79685.3
811 290045 79685.3
812 290110 79685.3
813 289981 79685.3
814 290173 79685.3
815 290513 79685.3
816 290514 79685.3
817 290563 79685.3
818 290593 79685.3
819 290699 79685.3
820 290871 79685.3
821 290910 79685.3
822 291093 79685.3
823 291022 79685.3
824 291064 79685.3
825 291135 79685.3
826 291103 79685.3
827 291228 79685.3
828 291473 79685.3
829 291741 79685.3
830 291794 79685.3
831 291841 79685.3
832 292090 79685.3
833 292193 79685.3
834 292165 79685.3
835 292208 79685.3
836 292223 79685.3
837 292240 79685.3
838 292272 79685.3
839 292338 79685.3
840 292529 79685.3
841 292463 79685.3
842 292601 79685.3
843 292869 79685.3
844 292891 79685.3
845 292881 79685.3
846 292808 79685.3
847 292796 79685.3
848 292727 79685.3
849 292747 79685.3
850 292684 79685.3
851 292577 79685.3
852 293085 79685.3
853 293206 79647.3
854 293279 79647.3
855 293412 79647.3
856 293531 79647.3
857 293929 79647.3
858 293842 79647.3
859 293840 79545.5
860 293801 79545.5
861 293769 79545.5
862 293779 79545.5
863 293862 79545.5
864 294203 79545.5
865 294179 79545.5
866 294188 79545.5
867 294147 79545.5
868 294298 79545.5
869 294750 79545.5
870 294890 79545.5
871 294948 79545.5
872 294878 79545.5
873 294896 79545.5
874 294925 79545.5
875 294979 79545.5
876 294994 79545.5
877 295015 79545.5
878 295007 79545.5
879 294917 79545.5
880 294935 79545.5
881 294960 79545.5
882 294923 79545.5
883 294907 79545.5
884 295283 79545.5
885 295315 79545.5
886 295251 79545.5
887 295340 79545.5
888 295399 79545.5
889 295461 79545.5
890 295445 79545.5
891 295477 79545.5
892 295451 79545.5
893 295364 79476
894 295271 79476
895 295299 79476
896 295288 79476
897 295236 79476
898 295247 79476
899 295285 79476
900 295805 79476
901 295759 79476
902 295695 79473.6
903 295702 79473.6
904 295776 79473.6
905 295698 79473.6
906 295765 79473.6
907 295706 79473.6
908 295758 79473.6
909 295885 79473.6
910 296013 79473.6
911 296118 79473.6
912 296189 79473.6
913 296193 79473.6
914 296426 79473.6
915 296582 79473.6
916 296506 79473.6
917 296391 79473.6
918 296386 79473.6
919 296215 79473.6
920 296215 79473.6
921 296320 79473.6
922 296419 79473.6
923 296412 79473.6
924 296462 79473.6
