0 56483.8 56483.8
1 57484.9 54427.6
2 57194.7 52459.8
3 57063.3 51487.4
4 56713.9 51073.1
5 56900.2 50744
6 56971.2 50614.4
7 57036.8 50007.7
8 56925.9 49540.5
9 56899.9 49379.9
10 56836.9 49231.1
11 56756 49036.4
12 56876.1 48986.7
13 56828.5 48871.4
14 56849.6 48855.3
15 56784.2 48842
16 56646.7 48431.6
17 56702.5 48306.4
18 56670.6 48235.7
19 56659.8 48156.9
20 56672 48149.6
21 56687.5 48108.8
22 56645.4 47962.1
23 56663.7 47846.5
24 56639.7 47837.2
25 56570.2 47785.3
26 56574.7 47785.3
27 56589.7 47619.1
28 56545.5 47517.4
29 56539.6 47444
30 56549.4 47416.7
31 56514.8 47328.9
32 56467.9 47218.5
33 56446.3 47218.5
34 56462.9 47175.5
35 56450.2 47175.5
36 56405.9 47152
37 56409.8 47097.1
38 56418.1 47097.1
39 56384.5 46931.1
40 56327.3 46886.1
41 56343.2 46886.1
42 56328.7 46833.6
43 56319.1 46610.4
44 56273.9 46514.9
45 56293.5 46514.9
46 56233.1 46512.9
47 56203.2 46512.9
48 56152.3 46512.9
49 56107.2 46512.9
50 56040.8 46335.6
51 56005.5 46324.2
52 55952.3 46324.2
53 55928.8 46234
54 55957.5 46172.8
55 55960.3 46172.8
56 55950 46172.8
57 55943.9 46172.8
58 55936.9 46172.4
59 55954.9 46029.8
60 55944.1 45935.9
61 55927.4 45837.4
62 55892.8 45663.8
63 55885 45663.8
64 55864 45599.7
65 55844.5 45584.8
66 55845.3 45584.8
67 55823.4 45553.6
68 55782.7 45544.2
69 55738.7 45431.2
70 55729.1 45431.2
71 55701.9 45285.6
72 55687 45225.6
73 55672.3 45225.6
74 55650.4 45225.6
75 55626.6 45209.6
76 55587.3 45060.2
77 55576.8 44977.8
78 55562.6 44951.2
79 55523.2 44938.7
80 55487.9 44830.9
81 55443.7 44651
82 55412.5 44594.9
83 55396 44467.2
84 55368.2 44431.6
85 55328.1 44229
86 55292.6 44163.4
87 55269 44162.3
88 55239.9 44141.8
89 55194.9 43999.5
90 55174.5 43999.5
91 55132.2 43855.8
92 55097.3 43824.6
93 55052.8 43694.9
94 55006 43597.5
95 54972.8 43537.6
96 54959 43537.6
97 54935.3 43537.6
98 54907.4 43531.5
99 54895.7 43447.4
100 54870 43447.4
101 54832.8 43385.8
102 54802.9 43355.3
103 54785.2 43236
104 54751.9 43212.3
105 54725.5 43097.1
106 54701.9 43097.1
107 54662.1 43069.8
108 54629.6 43003.8
109 54597.5 42958.9
110 54562.4 42958.9
111 54534.2 42920.1
112 54522.3 42920.1
113 54488.5 42920.1
114 54446.5 42778.3
115 54420.9 42575.2
116 54383 42498.7
117 54345.1 42354.1
118 54307 42347.3
119 54271.9 42293.1
120 54232.5 42045.9
121 54213.2 42045.9
122 54185.3 42037
123 54150.2 41999.3
124 54107.7 41954.9
125 54081.9 41954.9
126 54066.6 41923.4
127 54041.2 41885.5
128 54017 41819.4
129 53987.9 41659.7
130 53953.8 41605.3
131 53927.4 41553.4
132 53883.1 41475.5
133 53849.3 41201.8
134 53808.2 41033.5
135 53786.1 41033.5
136 53766.5 41011.2
137 53734.5 41011.2
138 53697.1 41011.2
139 53673.8 40994.2
140 53644 40923.5
141 53602.3 40923.5
142 53577.4 40923.5
143 53552.2 40893.4
144 53522.8 40838.1
145 53494.7 40825
146 53460.4 40711.4
147 53439.2 40665
148 53414.1 40617.4
149 53378.5 40617.4
150 53341.5 40617.4
151 53306.2 40555.5
152 53270.7 40441.3
153 53240.7 40371.9
154 53212 40334.7
155 53176.5 40334.7
156 53151.1 40334.7
157 53116 40279.4
158 53085.8 40264.6
159 53064.8 40238.5
160 53025 40018.9
161 52994.1 39942.1
162 52955.9 39857.1
163 52932.6 39846.6
164 52904.3 39823.1
165 52867.3 39758.7
166 52829.6 39444.7
167 52796.1 39387.4
168 52763.9 39347.6
169 52730.9 39347.6
170 52706.8 39296.6
171 52674 39095.5
172 52649.6 39095.5
173 52610.3 39024
174 52580.9 38898
175 52564.4 38889.6
176 52533.9 38889.6
177 52497 38804.3
178 52472.5 38804.3
179 52436.9 38719.1
180 52399.9 38527.2
181 52375.7 38481.8
182 52345 38438.6
183 52311.9 38438.6
184 52287.5 38422.7
185 52257.8 38422.7
186 52237.4 38412.9
187 52211.9 38350.9
188 52180.2 38350.9
189 52152.3 38259.8
190 52122 38145.5
191 52101.6 38145.5
192 52066.5 38082.2
193 52038.1 37673.2
194 52006.4 37598.2
195 51970.4 37512.7
196 51939.4 37484.5
197 51911.8 37484.5
198 51879.4 37484.5
199 51845.6 37404.6
200 51822.4 37266.4
201 51797.5 37266.4
202 51772.5 37266.4
203 51745.7 37266.4
204 51713.7 37108.4
205 51681.2 37023.1
206 51648.1 36774.4
207 51622.2 36736.4
208 51600.4 36736.4
209 51569.8 36728.6
210 51548 36725.9
211 51528.2 36666
212 51496.6 36635.9
213 51460.7 36633.5
214 51425.2 36555.2
215 51399.8 36496.2
216 51364.1 36253.8
217 51344.6 35928.7
218 51311 35928.7
219 51284.7 35897.3
220 51253 35868.7
221 51226.6 35868.7
222 51203.4 35868.7
223 51172.9 35855.7
224 51143.8 35695.7
225 51111.7 35695.7
226 51089.3 35695.7
227 51059.4 35664.4
228 51034.6 35664.4
229 51004.4 35454.5
230 50970.9 35454.5
231 50946.4 35326.5
232 50924 35313.6
233 50886.4 35186.1
234 50868.2 35186.1
235 50825.6 35037.6
236 50790.4 35033.7
237 50767.4 34972.2
238 50731.5 34908.2
239 50703.2 34908.2
240 50666.3 34794.4
241 50631.6 34761
242 50606.2 34726.1
243 50577.4 34726.1
244 50547.9 34702.5
245 50513.5 34516
246 50487.5 34509.3
247 50460.3 34509.3
248 50435.1 34509.3
249 50412.2 34509.3
250 50390.7 34504.6
251 50359.9 34400.2
252 50330.4 34283.5
253 50304.3 34260.2
254 50270.5 34195.8
255 50245.8 34195.8
256 50219.8 34166.6
257 50193.3 34085.5
258 50167.4 34015.6
259 50139.5 33876.5
260 50108.9 33853.8
261 50084.2 33727.9
262 50055.9 33590.3
263 50031 33518
264 50004.6 33518
265 49982.4 33518
266 49961.1 33518
267 49933.6 33480.4
268 49906.3 33273.2
269 49869.7 33221.5
270 49844.5 33221.5
271 49813.8 33128.5
272 49786.9 32917.6
273 49761.8 32917.6
274 49741.4 32913.8
275 49721.2 32892.5
276 49700.5 32892.5
277 49668.9 32709
278 49641 32699.5
279 49617.4 32653.2
280 49597.5 32653.2
281 49579 32653.2
282 49545 32609.4
283 49514.9 32535.6
284 49492.6 32499.6
285 49464.7 32466.6
286 49439.8 32466.6
287 49415 32292.8
288 49389.2 32290.8
289 49359.2 32290.8
290 49335.7 32265.6
291 49318.9 32143.9
292 49289.2 31971.6
293 49258 31839
294 49223.6 31685.1
295 49197.1 31634.3
296 49168.6 31613.2
297 49139.7 31552.2
298 49113.7 31552.2
299 49095 31552.2
300 49071.4 31552.2
301 49045 31503.9
302 49028.4 31498.2
303 48998.7 31416.2
304 48973 31247.1
305 48943.9 31245.2
306 48920.5 31154.6
307 48892.9 30955.9
308 48870.7 30922.7
309 48843.7 30922.7
310 48817.5 30875
311 48795.5 30861.7
312 48767 30854.3
313 48734.1 30804.6
314 48711.1 30738.8
315 48690.9 30738.8
316 48673.4 30643.5
317 48649.5 30524.8
318 48625.1 30497
319 48599.4 30492.4
320 48568.4 30292.4
321 48545.4 30292.4
322 48517.6 30139.8
323 48499.1 30139.8
324 48481.5 30139.8
325 48460 30139.8
326 48439.4 30060
327 48415.1 30042.3
328 48387.6 30042.3
329 48366.4 30042.3
330 48336.7 29943.6
331 48313.9 29943.6
332 48283.9 29943.6
333 48256.1 29943.6
334 48229.3 29836.8
335 48205.8 29836.8
336 48181.1 29836.8
337 48161.5 29836.8
338 48135.9 29761.3
339 48114 29743.6
340 48092.7 29743.6
341 48068.6 29743.6
342 48045.7 29720.4
343 48021.6 29720.4
344 47998.9 29720.4
345 47986.9 29720.4
346 47965.1 29712.8
347 47943.6 29622.5
348 47923.1 29622.5
349 47901.6 29622.5
350 47874 29608.3
351 47852.9 29608.3
352 47832.3 29521.5
353 47811.6 29521.5
354 47794 29521.5
355 47772.8 29521.5
356 47751.2 29496.3
357 47733.1 29496.3
358 47710 29496.3
359 47686.3 29496.3
360 47660.2 29496.3
361 47641.9 29473
362 47621.1 29473
363 47595.4 29445.3
364 47575.5 29429.2
365 47553 29429.2
366 47529.5 29429.2
367 47507.8 29429.2
368 47488 29387.9
369 47468.8 29387.9
370 47454.2 29377.6
371 47434.4 29369
372 47417.5 29369
373 47398.5 29369
374 47377.9 29369
375 47357.1 29329.2
376 47338.5 29329.2
377 47317.1 29329.2
378 47293.8 29309.1
379 47275.3 29306.9
380 47253.3 29306.9
381 47235.1 29306.9
382 47213.6 29292.5
383 47194.5 29273
384 47172.9 29262.6
385 47151.2 29124.9
386 47127 28964.2
387 47106 28882.9
388 47091.4 28826.5
389 47071.9 28826.5
390 47052.7 28826.5
391 47033.8 28826.5
392 47015.9 28770.8
393 46995.7 28715.3
394 46977.4 28715.3
395 46957.7 28715.3
396 46938.7 28615.4
397 46921.2 28615.4
398 46905.8 28615.4
399 46890 28604.2
400 46868.6 28604.2
401 46849.2 28604.2
402 46834 28525.9
403 46815.9 28525.9
404 46799.1 28525.9
405 46777.8 28435.8
406 46764.4 28435.8
407 46753.3 28435.8
408 46738.1 28435.8
409 46722.1 28346.2
410 46710.4 28234.3
411 46694.6 28225.4
412 46674.2 28214.5
413 46659.1 28214.5
414 46640.3 28214.5
415 46624.6 28202.1
416 46608.3 28169.5
417 46591.4 28169.5
418 46571.8 28169.5
419 46555.2 28169.5
420 46538.9 28049.1
421 46520.7 28049.1
422 46502 28049.1
423 46486.8 28001.5
424 46465.3 28001.5
425 46446.3 28001.5
426 46430.3 27903
427 46416.7 27799.8
428 46404.3 27799.8
429 46387.1 27799.8
430 46374.6 27799.8
431 46360.1 27799.8
432 46342.1 27747.1
433 46326.4 27747.1
434 46310.4 27747.1
435 46292.9 27747.1
436 46272.3 27747.1
437 46257.7 27747.1
438 46243 27747.1
439 46221.8 27747.1
440 46209 27747.1
441 46197.7 27747.1
442 46182.2 27718.9
443 46168.1 27718.9
444 46152.2 27718.9
445 46136.5 27662.2
446 46122.1 27662.2
447 46106.3 27662.2
448 46090.8 27662.2
449 46071.8 27632.5
