0 230499 230499
1 230664 226210
2 231194 224544
3 231876 222529
4 231744 220826
5 231621 219254
6 231477 218367
7 232083 218220
8 232035 217144
9 231974 216733
10 231982 216460
11 232047 216236
12 231988 216140
13 232312 216140
14 232435 215776
15 232506 215504
16 232411 214633
17 232467 214528
18 232434 214282
19 232377 213984
20 232229 213456
21 232192 212944
22 232000 212483
23 231922 211511
24 231781 211214
25 231698 211152
26 231672 210899
27 231708 210899
28 231725 210871
29 231593 210784
30 231534 210784
31 231570 210784
32 231522 210691
33 231532 210691
34 231520 210691
35 231427 209702
36 231388 209701
37 231348 209347
38 231326 208766
39 231291 208766
40 231146 208630
41 231077 208630
42 231062 208500
43 231133 208500
44 231048 208449
45 230979 208438
46 230943 208438
47 230885 208438
48 230820 208438
49 230787 208438
50 230748 208344
51 230697 208344
52 230706 208344
53 230673 208313
54 230726 208313
55 230687 208108
56 230676 208108
57 230613 207811
58 230571 207811
59 230514 206737
60 230535 206737
61 230549 206737
62 230507 206737
63 230510 206737
64 230522 206737
65 230504 206622
66 230504 206622
67 230466 206324
68 230456 205784
69 230427 205784
70 230401 205784
71 230387 205784
72 230333 205780
73 230271 205439
74 230206 204995
75 230169 204995
76 230166 204995
77 230120 204845
78 230101 204668
79 230085 204668
80 230059 204668
81 230037 204560
82 229980 204288
83 229971 204274
84 229956 204274
85 229926 204274
86 229867 204083
87 229811 203894
88 229750 203786
89 229694 203786
90 229666 203296
91 229593 203296
92 229587 203198
93 229578 203198
94 229538 203198
95 229503 203198
96 229473 203165
97 229400 202769
98 229389 202761
99 229350 202740
100 229300 202711
101 229237 202711
102 229184 202711
103 229140 202711
104 229112 202711
105 229077 202711
106 229040 202540
107 228972 202540
108 228943 202366
109 228919 202314
110 228914 202314
111 228847 202156
112 228807 202112
113 228752 202079
114 228702 201982
115 228651 201631
116 228634 201631
117 228594 201631
118 228563 201474
119 228522 201474
120 228491 201474
121 228456 201474
122 228431 201474
123 228394 200808
124 228377 200577
125 228332 200577
126 228254 200005
127 228207 200005
128 228179 200005
129 228138 199771
130 228075 199771
131 228038 199660
132 228002 199571
133 227966 199571
134 227915 199571
135 227899 199331
136 227860 199331
137 227832 199321
138 227798 199120
139 227745 198891
140 227682 198891
141 227637 198891
142 227619 198702
143 227570 198574
144 227511 198574
145 227459 198574
146 227413 198574
147 227356 198115
148 227314 197895
149 227252 197895
150 227222 197895
151 227172 197895
152 227133 197895
153 227108 197895
154 227072 197895
155 227039 197895
156 227004 197286
157 226955 197286
158 226924 197203
159 226871 197203
160 226843 197124
161 226814 197124
162 226783 196897
163 226735 196707
164 226703 196517
165 226659 196517
166 226611 196472
167 226557 196436
168 226506 196436
169 226463 196436
170 226405 196333
171 226372 196249
172 226338 196249
173 226287 196152
174 226240 195890
175 226191 195741
176 226159 195741
177 226109 195583
178 226086 195583
179 226029 195583
180 225982 195583
181 225930 195583
182 225873 195583
183 225841 195521
184 225809 195521
185 225756 195521
186 225706 195277
187 225658 195247
188 225605 195208
189 225564 195208
190 225515 195208
191 225446 194551
192 225413 194551
193 225361 194551
194 225312 194528
195 225271 194528
196 225228 194508
197 225168 194508
198 225127 194508
199 225087 194195
200 225040 194195
201 224994 194195
202 224931 194195
203 224883 194195
204 224847 194066
205 224807 194066
206 224758 194066
207 224700 193847
208 224667 193847
209 224601 193749
210 224567 193749
211 224521 193295
212 224462 193295
213 224415 193295
214 224377 193245
215 224313 193147
216 224267 192941
217 224228 192941
218 224179 192941
219 224129 192776
220 224066 192511
221 224019 192470
222 223966 192318
223 223917 192318
224 223882 192192
225 223834 192192
226 223780 192192
227 223731 191902
228 223698 191902
229 223657 191784
230 223603 191326
231 223543 191326
232 223500 191326
233 223435 191119
234 223376 191119
235 223319 191090
236 223285 191090
237 223229 191090
238 223181 191090
239 223128 191090
240 223077 191090
241 223040 191090
242 222976 190629
243 222929 190629
244 222892 190629
245 222849 190544
246 222784 190237
247 222721 190237
248 222677 190146
249 222634 190146
250 222584 190146
251 222529 189993
252 222476 189993
253 222423 189779
254 222386 189779
255 222337 189645
256 222299 189645
257 222252 189645
258 222194 189191
259 222133 189092
260 222088 189092
261 222048 189092
262 222003 188784
263 221942 188446
264 221893 188224
265 221859 187838
266 221798 187838
267 221750 187838
268 221690 187838
269 221626 187221
270 221572 186943
271 221519 186909
272 221474 186909
273 221421 186684
274 221364 186471
275 221319 186471
276 221264 186083
277 221197 185900
278 221147 185900
279 221089 185737
280 221031 185696
281 220970 185638
282 220917 185613
283 220859 185485
284 220820 185485
285 220768 185386
286 220713 185386
287 220650 185160
288 220599 184951
289 220547 184540
290 220491 184101
291 220432 183843
292 220381 183843
293 220323 183483
294 220266 183483
295 220209 183483
296 220169 183337
297 220117 182972
298 220054 182226
299 219994 182174
300 219942 182094
301 219878 181673
302 219827 181636
303 219772 181551
304 219714 181551
305 219660 181551
306 219615 181551
307 219554 181551
308 219504 181551
309 219442 181114
310 219388 181114
311 219335 180908
312 219279 180698
313 219223 180698
314 219171 180698
315 219106 180263
316 219041 180155
317 218975 180135
318 218929 180135
319 218880 180135
320 218823 180135
321 218770 179791
322 218725 179765
323 218667 179760
324 218616 179557
325 218566 179557
326 218513 179557
327 218460 179557
328 218408 179390
329 218356 179390
330 218297 179390
331 218243 178828
332 218192 178828
333 218146 178706
334 218077 178304
335 218026 178220
336 217963 178042
337 217904 177855
338 217841 177761
339 217774 177761
340 217708 177674
341 217645 177599
342 217581 177285
343 217521 177005
344 217467 177005
345 217415 176996
346 217351 176802
347 217291 176802
348 217234 176674
349 217177 176488
350 217112 176488
351 217046 176488
352 216990 176338
353 216934 176301
354 216880 176301
355 216826 176270
356 216771 176270
357 216715 176270
358 216657 175848
359 216585 174729
360 216526 174618
361 216469 174581
362 216423 174581
363 216364 174581
364 216304 174479
365 216246 173964
366 216193 173964
367 216140 173834
368 216083 173773
369 216023 173619
370 215966 173405
371 215908 173405
372 215849 173258
373 215794 173003
374 215732 172927
375 215672 172612
376 215610 172487
377 215541 172440
378 215486 172117
379 215427 172117
380 215359 171760
381 215304 171701
382 215239 171427
383 215173 171371
384 215117 171065
385 215054 170629
386 214991 170388
387 214934 170388
388 214861 170072
389 214798 169712
390 214738 169377
391 214681 169321
392 214622 169321
393 214559 169257
394 214488 169257
395 214428 169257
396 214370 169133
397 214321 169133
398 214264 169133
399 214200 169087
400 214136 169087
401 214074 169075
402 214009 169061
403 213958 169061
404 213899 168937
405 213836 168816
406 213766 168608
407 213707 168608
408 213638 167912
409 213569 167511
410 213507 167511
411 213438 166953
412 213375 166824
413 213310 166656
414 213245 165991
415 213178 165977
416 213114 165898
417 213053 165898
418 212997 165898
419 212931 165898
420 212867 165883
421 212792 165221
422 212723 165159
423 212662 164891
424 212591 164891
425 212526 164891
426 212458 164891
427 212388 164624
428 212325 164563
429 212259 164290
430 212199 164290
431 212132 164181
432 212060 164120
433 212007 164120
434 211942 163863
435 211872 163352
436 211809 163113
437 211745 163100
438 211674 162823
439 211605 162801
440 211540 162612
441 211484 162537
442 211419 162333
443 211346 162215
444 211274 162036
445 211210 162021
446 211132 162021
447 211065 162021
448 211001 161908
449 210941 161504
450 210884 161504
451 210826 161415
452 210757 161344
453 210695 161200
454 210641 161200
455 210568 161138
456 210498 160915
457 210426 160427
458 210356 160361
459 210286 160185
460 210221 159868
461 210158 159833
462 210084 159738
463 210017 159738
464 209946 159663
465 209877 159663
466 209804 159626
467 209742 159616
468 209676 159609
469 209609 159609
470 209539 159591
471 209471 159570
472 209405 159368
473 209328 159293
474 209262 159293
475 209188 158943
476 209118 158943
477 209054 158943
478 208988 158943
479 208911 158886
480 208849 158533
481 208777 158443
482 208701 157958
483 208639 157958
484 208573 157820
485 208500 157495
486 208430 157491
487 208363 156875
488 208297 156758
489 208228 156339
490 208158 155855
491 208087 155855
492 208020 155500
493 207949 155488
494 207876 155488
495 207810 155448
496 207740 155338
497 207669 155272
498 207606 155272
499 207537 155272
500 207473 154841
501 207411 154215
502 207342 154084
503 207272 154071
504 207201 153938
505 207140 153938
506 207069 153534
507 206993 153299
508 206920 153056
509 206849 152253
510 206787 152032
511 206719 151504
512 206659 151404
513 206587 151271
514 206517 150980
515 206450 150523
516 206384 150523
517 206315 149894
518 206243 149867
519 206173 149867
520 206108 149779
521 206033 149651
522 205960 149651
523 205891 149607
524 205820 149327
525 205747 149327
526 205676 149253
527 205603 149108
528 205537 149035
529 205478 148874
530 205408 148874
531 205347 148874
532 205271 148704
533 205203 148704
534 205134 148704
535 205062 148489
536 204987 148362
537 204920 148362
538 204853 148210
539 204780 147356
540 204712 147080
541 204646 147080
542 204577 147080
543 204511 147080
544 204439 147080
545 204369 147080
546 204297 147080
547 204227 146556
548 204151 146272
549 204080 146170
550 204016 145891
551 203944 145414
552 203880 145414
553 203809 145273
554 203741 145039
555 203671 144979
556 203599 144648
557 203525 143769
558 203453 143508
559 203392 143508
560 203322 143242
561 203258 143093
562 203197 143093
563 203130 143093
564 203057 143006
565 202993 143006
566 202924 143006
567 202861 143006
568 202797 143006
569 202735 143003
570 202662 142814
571 202589 142814
572 202513 142375
573 202443 142375
574 202380 142348
575 202310 142204
576 202237 142110
577 202170 142097
578 202101 141654
579 202028 141464
580 201962 141448
581 201894 141448
582 201825 141398
583 201758 141398
584 201684 140939
585 201615 140759
586 201546 140604
587 201480 140604
588 201413 140555
589 201339 140332
590 201271 140328
591 201206 140061
592 201132 139322
593 201063 139322
594 200994 139322
595 200930 139161
596 200858 138819
597 200787 138819
598 200720 138819
599 200650 138404
600 200580 138090
601 200516 138090
602 200441 137778
603 200370 137718
604 200299 137718
605 200234 137718
606 200169 137718
607 200102 137517
608 200032 137394
609 199958 137058
610 199890 137058
611 199823 137058
612 199754 136886
613 199685 136647
614 199617 136647
615 199545 136637
616 199476 136325
617 199401 136004
618 199332 135896
619 199265 135699
620 199198 135588
621 199127 135437
622 199055 135385
623 198981 135385
624 198912 135385
625 198840 135318
626 198771 135318
627 198706 135318
628 198640 135318
629 198571 135226
630 198507 135226
631 198435 134963
632 198358 134420
633 198289 134331
634 198224 134188
635 198154 134141
636 198085 134090
637 198015 134090
638 197946 134090
639 197875 134000
640 197811 134000
641 197739 133555
642 197668 133482
643 197604 133482
644 197538 133482
645 197473 133482
646 197405 133482
647 197333 133179
648 197262 133089
649 197193 132726
650 197124 132473
651 197052 132338
652 196984 132338
653 196916 132338
654 196847 131976
655 196780 131976
656 196710 131800
657 196642 131738
658 196574 131694
659 196508 131462
660 196444 131309
661 196379 131309
662 196309 131184
663 196241 131035
664 196173 130822
665 196107 130822
666 196042 130822
667 195978 130544
668 195910 130493
669 195847 130493
670 195784 130493
671 195716 130464
672 195645 130091
673 195572 130091
674 195510 130065
675 195447 130065
676 195377 129966
677 195311 129813
678 195247 129813
679 195176 129568
680 195107 129519
681 195037 129107
682 194975 128832
683 194912 128832
684 194843 128599
685 194779 128599
686 194711 128288
687 194643 128083
688 194579 127815
689 194516 127815
690 194447 127794
691 194382 127794
692 194316 127684
693 194253 127684
694 194193 127684
695 194127 127684
696 194062 127684
697 193998 127480
698 193930 127480
699 193861 127095
700 193795 126918
701 193730 126701
702 193665 126436
703 193601 126203
704 193531 126087
705 193463 125783
706 193396 125462
707 193327 125386
708 193262 125123
709 193197 125123
710 193132 124922
711 193066 124922
712 193001 124703
713 192938 124200
714 192873 124121
715 192807 124121
716 192744 124103
717 192679 124088
718 192614 123591
719 192545 123562
720 192482 123556
721 192418 123556
722 192355 123556
723 192293 123556
724 192226 123546
725 192162 123512
726 192099 123512
727 192035 123209
728 191969 123079
729 191906 123079
730 191837 123067
731 191767 122912
732 191702 122855
733 191637 122598
734 191573 122598
735 191509 122544
736 191447 122544
737 191379 122385
738 191317 122385
739 191253 122318
740 191187 122253
741 191121 122031
742 191054 122031
743 190993 121917
744 190933 121910
745 190870 121910
746 190808 121886
747 190743 121851
748 190677 121851
749 190612 121588
750 190547 121517
751 190477 121387
752 190414 121387
753 190352 121387
754 190286 121280
755 190225 121267
756 190164 121267
757 190104 121267
758 190044 121105
759 189984 120917
760 189921 120865
761 189856 120298
762 189792 119896
763 189726 119676
764 189660 119676
765 189594 119547
766 189530 119509
767 189464 119509
768 189402 119071
769 189339 118676
770 189278 118382
771 189211 118275
772 189148 118275
773 189087 118179
774 189026 118179
775 188962 117979
776 188900 117979
777 188839 117979
778 188769 117762
779 188707 117762
780 188649 117762
781 188590 117762
782 188527 117716
783 188460 117654
784 188395 117565
785 188329 117446
786 188271 117353
787 188210 117353
788 188147 117353
789 188084 117353
790 188018 117277
791 187955 117277
792 187891 116966
793 187832 116966
794 187767 116966
795 187708 116966
796 187649 116962
797 187587 116962
798 187529 116962
799 187469 116962
800 187409 116414
801 187344 116210
802 187281 115874
803 187220 115874
804 187162 115677
805 187099 115676
806 187041 115352
807 186980 115352
808 186921 115352
809 186861 114814
810 186802 114814
811 186740 114814
812 186680 114667
813 186622 114667
814 186560 114667
815 186497 114568
816 186437 114318
817 186381 114318
818 186324 114266
819 186266 114265
820 186209 114265
821 186152 114265
822 186091 114137
823 186034 114137
824 185976 114137
825 185914 114137
826 185850 114137
827 185786 114089
828 185726 114089
829 185667 113989
830 185605 113397
831 185543 113306
832 185486 113276
833 185426 113252
834 185369 113252
835 185314 113252
836 185252 112892
837 185193 112892
838 185133 112892
839 185078 112892
840 185019 112892
841 184956 112836
842 184898 112749
843 184847 112749
844 184786 112749
845 184729 112749
846 184669 112567
847 184613 112567
848 184553 112315
849 184496 112315
850 184434 112225
851 184375 112125
852 184318 112125
853 184263 112125
854 184204 112054
855 184149 112054
856 184091 111896
857 184032 111790
858 183976 111790
859 183922 111790
860 183864 111583
861 183810 111287
862 183750 111287
863 183695 111287
864 183635 111287
865 183577 111123
866 183523 111107
867 183467 111107
868 183413 111022
869 183354 110565
870 183294 110455
871 183234 110455
872 183178 110455
873 183126 110455
874 183078 110367
875 183026 110367
876 182965 110367
877 182908 110367
878 182850 110367
879 182792 110089
880 182736 110089
881 182677 110089
882 182626 110089
883 182570 109973
884 182516 109973
885 182460 109955
886 182405 109946
887 182352 109946
888 182294 109702
889 182239 109702
890 182183 109702
891 182127 109702
892 182069 109505
893 182019 109167
894 181960 109167
895 181904 109038
896 181848 108931
897 181790 108920
898 181735 108717
899 181678 108717
900 181621 108717
901 181570 108717
902 181520 108706
903 181462 108700
904 181407 108700
905 181356 108700
906 181297 108700
907 181243 108700
908 181189 108700
909 181133 108700
910 181079 108581
911 181023 108386
912 180968 108386
913 180909 108335
914 180855 108215
915 180801 108215
916 180749 108079
917 180691 108079
918 180634 107680
919 180583 107523
920 180528 107523
921 180473 107523
922 180424 107523
923 180372 107523
924 180320 107368
925 180265 107114
926 180212 107114
927 180159 107114
928 180104 107114
929 180054 107114
930 180005 107114
931 179952 107114
932 179891 106802
933 179836 106802
934 179783 106802
935 179731 106802
936 179675 106802
937 179625 106727
938 179575 106633
939 179522 106633
940 179467 106633
941 179415 106372
942 179362 106372
943 179307 105620
944 179255 105619
945 179206 105619
946 179153 105619
947 179099 105619
948 179046 105619
949 178991 105619
950 178941 105619
951 178892 105619
952 178840 105488
953 178786 105349
954 178737 105349
955 178686 105349
956 178633 105287
957 178584 105259
958 178530 105259
959 178475 105043
960 178428 105043
961 178374 104967
962 178325 104605
963 178272 104503
964 178226 104503
965 178181 104503
966 178128 104503
967 178077 104323
968 178024 104005
969 177972 103883
970 177921 103859
971 177869 103851
972 177817 103851
973 177765 103851
974 177716 103851
975 177666 103451
976 177617 103451
977 177569 103434
978 177517 102801
979 177463 102801
980 177414 102801
981 177361 102801
982 177318 102801
983 177267 102801
984 177218 102801
985 177164 102801
986 177114 102801
987 177061 102801
988 177012 102801
989 176962 102801
990 176915 102801
991 176866 102801
992 176818 102654
993 176769 102654
994 176721 102654
995 176671 102654
996 176619 102650
997 176570 102650
998 176522 102650
999 176473 102650
1000 176420 102595
1001 176370 102595
1002 176322 102583
1003 176273 102583
1004 176223 102583
1005 176174 102545
1006 176126 102545
1007 176077 102545
1008 176028 102238
1009 175982 102238
1010 175937 102238
1011 175887 102238
1012 175843 102238
1013 175796 102203
1014 175746 102203
1015 175695 102123
1016 175649 102080
1017 175607 101947
1018 175559 101947
1019 175508 101902
1020 175457 101902
1021 175406 101504
1022 175358 101504
1023 175315 101504
1024 175271 101504
1025 175224 101366
1026 175178 101366
1027 175132 101237
1028 175084 101056
1029 175040 101056
1030 174997 101056
1031 174950 101056
1032 174900 101056
1033 174855 101056
1034 174812 101056
1035 174770 100885
1036 174726 100853
1037 174682 100557
1038 174631 100013
1039 174585 100013
1040 174539 100013
1041 174493 99795.8
1042 174446 99641.7
1043 174403 99641.7
1044 174358 99641.7
1045 174310 99641.7
1046 174263 99641.7
1047 174218 99552.3
1048 174166 98981.2
1049 174119 98981.2
1050 174070 98940.2
1051 174028 98940.2
1052 173982 98940.2
1053 173936 98940.2
1054 173888 98701.2
1055 173838 98386.2
1056 173791 98386.2
1057 173741 98138.1
1058 173701 98138.1
1059 173658 98138.1
1060 173613 98138.1
1061 173566 98099.3
1062 173524 98099.3
1063 173477 98099.3
1064 173431 97968.2
1065 173386 97947.3
1066 173342 97926.1
1067 173295 97926.1
1068 173251 97926.1
1069 173203 97926.1
1070 173160 97926.1
1071 173118 97926.1
1072 173077 97926.1
1073 173032 97926.1
1074 172991 97926.1
1075 172944 97926.1
1076 172896 97903.3
1077 172853 97903.3
1078 172811 97903.3
1079 172767 97903.3
1080 172721 97903.3
1081 172679 97903.3
1082 172635 97903.3
1083 172597 97903.3
1084 172549 97903.3
1085 172503 97903.3
1086 172462 97903.3
1087 172418 97903.3
1088 172372 97824.2
1089 172329 97663.9
1090 172286 97663.9
1091 172243 97663.9
1092 172199 97663.9
1093 172153 97590.8
1094 172106 97590.8
1095 172061 97590.8
1096 172020 97590.8
1097 171971 97288
1098 171927 97288
1099 171878 97288
1100 171836 97288
1101 171795 97277.8
1102 171750 97277.8
1103 171703 97277.8
1104 171661 97277.8
1105 171615 97277.8
1106 171573 97277.8
1107 171531 97212.6
1108 171488 97212.6
1109 171446 97172.7
1110 171406 97172.7
1111 171362 97172.7
1112 171317 96599.2
1113 171279 96599.2
1114 171234 96390.4
1115 171194 96390.4
1116 171154 96390.4
1117 171107 96245.3
1118 171066 96245.3
1119 171022 96198.8
1120 170979 96127.1
1121 170937 95964.5
1122 170894 95933.3
1123 170849 95888.6
1124 170805 95888.6
1125 170765 95888.6
1126 170720 95888.6
1127 170678 95888.6
1128 170634 95888.6
1129 170588 95888.6
1130 170545 95877.3
1131 170499 95877.3
1132 170458 95877.3
1133 170416 95877.3
1134 170373 95877.3
1135 170334 95877.3
1136 170295 95877.3
1137 170253 95877.3
1138 170212 95877.3
1139 170174 95877.3
1140 170134 95877.3
1141 170090 95877.3
1142 170047 95877.3
1143 170006 95877.3
1144 169966 95877.3
1145 169926 95807.3
1146 169882 95660.4
1147 169842 95660.4
1148 169799 95660.4
1149 169758 95660.4
1150 169718 95660.4
1151 169676 95660.4
1152 169633 95660.4
1153 169590 95660.4
1154 169552 95660.4
1155 169509 95660.4
1156 169468 95660.4
1157 169431 95660.4
1158 169393 95660.4
1159 169350 95660.4
1160 169303 95412.7
1161 169260 95412.7
1162 169222 95412.7
1163 169186 95412.7
1164 169145 95412.7
1165 169102 95412.7
1166 169062 95412.7
1167 169020 95271.6
1168 168982 94996.9
1169 168941 94996.9
1170 168904 94996.9
1171 168869 94996.9
1172 168831 94996.9
1173 168790 94996.9
1174 168749 94996.9
1175 168714 94949.3
1176 168672 94642.6
1177 168634 94520.7
1178 168595 94520.7
1179 168558 94520.7
1180 168518 94520.7
1181 168479 94407.4
1182 168439 94407.4
1183 168401 94407.4
1184 168360 94407.4
1185 168325 94407.4
1186 168280 94407.4
1187 168242 94407.4
1188 168206 94407.4
1189 168166 94407.4
1190 168126 94407.4
1191 168089 94407.4
1192 168048 94378.4
1193 168009 94378.4
1194 167968 94378.4
1195 167930 94224.9
1196 167892 94224.9
1197 167852 94197.7
1198 167813 94111.3
1199 167775 94111.3
1200 167736 94111.3
1201 167696 93961.3
1202 167654 93961.3
1203 167620 93961.3
1204 167579 93816.3
1205 167541 93816.3
1206 167502 93816.3
1207 167463 93816.3
1208 167423 93816.3
1209 167379 93816.3
1210 167342 93816.3
1211 167304 93816.3
1212 167265 93816.3
1213 167227 93738.4
1214 167191 93733.2
1215 167149 93733.2
1216 167110 93733.2
1217 167073 93645.6
1218 167035 93645.6
1219 167000 93645.6
1220 166965 93645.6
1221 166925 93645.6
1222 166885 93480.1
1223 166846 93480.1
1224 166812 93480.1
1225 166778 93480.1
1226 166740 93480.1
1227 166702 93423.3
1228 166666 93423.3
1229 166631 93423.3
1230 166593 93423.3
1231 166558 93423.3
1232 166520 93423.3
1233 166486 93423.3
1234 166451 93423.3
1235 166418 93423.3
1236 166382 93409
1237 166345 93133
1238 166309 93133
1239 166272 92867.7
1240 166235 92867.7
1241 166198 92867.7
1242 166160 92674.7
1243 166120 92674.7
1244 166084 92626.8
1245 166046 92528.3
1246 166010 92528.3
1247 165974 92286.6
1248 165938 92286.6
1249 165901 92286.6
1250 165862 92153.7
1251 165826 92153.7
1252 165792 91942.8
1253 165758 91942.8
1254 165719 91942.8
1255 165683 91797.7
1256 165646 91797.7
1257 165613 91797.7
1258 165579 91797.7
1259 165542 91797.7
1260 165508 91708.1
1261 165469 91617.2
1262 165432 91617.2
1263 165396 91617.2
1264 165357 91617.2
1265 165318 91617.2
1266 165281 91617.2
1267 165245 91617.2
1268 165209 91617.2
1269 165173 91567.7
1270 165136 91567.7
1271 165097 91257
1272 165064 91257
1273 165033 91257
1274 164996 91257
1275 164960 91257
1276 164926 91257
1277 164889 91257
1278 164857 91257
1279 164820 91046.2
1280 164786 91046.2
1281 164751 91046.2
1282 164715 91001
1283 164679 91001
1284 164643 91001
1285 164608 91001
1286 164574 91001
1287 164540 91001
1288 164507 91001
1289 164475 91001
1290 164439 90948
1291 164403 90687.9
1292 164367 90687.9
1293 164331 90599
1294 164295 90599
1295 164259 90599
1296 164224 90554.9
1297 164189 90530.2
1298 164157 90530.2
1299 164121 90449.1
1300 164085 90449.1
1301 164053 90449.1
1302 164018 90295
1303 163983 90295
1304 163950 90295
1305 163914 90295
1306 163880 90295
1307 163844 90295
1308 163810 90237.5
1309 163776 90237.5
1310 163741 90058.6
1311 163708 90058.6
1312 163674 90058.6
1313 163637 89929.2
1314 163603 89929.2
1315 163569 89929.2
1316 163534 89881.3
1317 163498 89833.6
1318 163466 89833.6
1319 163433 89833.6
1320 163396 89833.6
1321 163360 89833.6
1322 163326 89833.6
1323 163290 89699
1324 163260 89699
1325 163226 89699
1326 163193 89699
1327 163159 89699
1328 163127 89699
1329 163095 89699
1330 163064 89164.4
1331 163032 89164.4
1332 162997 89164.4
1333 162965 89164.4
1334 162936 89099
1335 162902 89058.8
1336 162866 89058.8
1337 162832 89058.8
1338 162800 89058.8
1339 162764 88972.5
1340 162731 88812.3
1341 162702 88812.3
1342 162668 88812.3
1343 162632 88812.3
1344 162601 88723.3
1345 162567 88723.3
1346 162536 88723.3
1347 162504 88593.1
1348 162471 88593.1
1349 162441 88593.1
